00:04:00.224 🟧 [HTTP    ] GET /api/snapshot → 200 (0ms)
00:04:00.226 🟧 [HTTP    ] GET /api/live_sessions/active → 200 (0ms)
00:04:00.242 🟧 [HTTP    ] GET /api/tasks → 200 (15ms)
00:04:01.227 🟧 [HTTP    ] GET /api/snapshot → 200 (0ms)
00:04:01.247 🟧 [HTTP    ] GET /api/tasks → 200 (18ms)
00:04:02.225 🟧 [HTTP    ] GET /api/snapshot → 200 (0ms)
00:04:02.227 🟧 [HTTP    ] GET /api/live_sessions/active → 200 (0ms)
00:04:02.242 🟧 [HTTP    ] GET /api/tasks → 200 (16ms)
00:04:03.227 🟧 [HTTP    ] GET /api/snapshot → 200 (0ms)
00:04:03.247 🟧 [HTTP    ] GET /api/tasks → 200 (19ms)
00:04:04.228 🟧 [HTTP    ] GET /api/snapshot → 200 (0ms)
00:04:04.230 🟧 [HTTP    ] GET /api/live_sessions/active → 200 (0ms)
00:04:04.244 🟧 [HTTP    ] GET /api/tasks → 200 (15ms)
00:04:05.227 🟧 [HTTP    ] GET /api/snapshot → 200 (0ms)
00:04:05.238 🟧 [HTTP    ] GET /api/tasks → 200 (12ms)
00:04:06.230 🟧 [HTTP    ] GET /api/snapshot → 200 (0ms)
00:04:06.231 🟧 [HTTP    ] GET /api/live_sessions/active → 200 (0ms)
00:04:06.247 🟧 [HTTP    ] GET /api/tasks → 200 (14ms)
00:04:07.223 🟧 [HTTP    ] GET /api/snapshot → 200 (0ms)
00:04:07.239 🟧 [HTTP    ] GET /api/tasks → 200 (15ms)
00:04:08.259 🟧 [HTTP    ] GET /api/snapshot → 200 (0ms)
00:04:08.260 🟧 [HTTP    ] GET /api/live_sessions/active → 200 (0ms)
00:04:08.284 🟧 [HTTP    ] GET /api/tasks → 200 (22ms)
00:04:09.305 🟧 [HTTP    ] GET /api/snapshot → 200 (0ms)
00:04:09.323 🟧 [HTTP    ] GET /api/tasks → 200 (17ms)
00:04:10.226 🟧 [HTTP    ] GET /api/snapshot → 200 (0ms)
00:04:10.228 🟧 [HTTP    ] GET /api/live_sessions/active → 200 (0ms)
00:04:10.244 🟧 [HTTP    ] GET /api/tasks → 200 (15ms)
00:04:11.229 🟧 [HTTP    ] GET /api/snapshot → 200 (0ms)
00:04:11.242 🟧 [HTTP    ] GET /api/tasks → 200 (12ms)
00:04:12.228 🟧 [HTTP    ] GET /api/snapshot → 200 (0ms)
00:04:12.229 🟧 [HTTP    ] GET /api/live_sessions/active → 200 (0ms)
00:04:12.245 🟧 [HTTP    ] GET /api/tasks → 200 (16ms)
00:04:13.227 🟧 [HTTP    ] GET /api/snapshot → 200 (0ms)
00:04:13.236 🟧 [HTTP    ] GET /api/tasks → 200 (10ms)
00:04:14.225 🟧 [HTTP    ] GET /api/live_sessions/active → 200 (0ms)
00:04:14.228 🟧 [HTTP    ] GET /api/snapshot → 200 (0ms)
00:04:14.239 🟧 [HTTP    ] GET /api/tasks → 200 (13ms)
00:04:15.225 🟧 [HTTP    ] GET /api/snapshot → 200 (0ms)
00:04:15.238 🟧 [HTTP    ] GET /api/tasks → 200 (12ms)
00:04:16.227 🟧 [HTTP    ] GET /api/snapshot → 200 (0ms)
00:04:16.228 🟧 [HTTP    ] GET /api/live_sessions/active → 200 (0ms)
00:04:16.238 🟧 [HTTP    ] GET /api/usage/stats → 200 (9ms)
00:04:16.249 🟧 [HTTP    ] GET /api/tasks → 200 (19ms)
00:04:17.226 🟧 [HTTP    ] GET /api/snapshot → 200 (0ms)
00:04:17.245 🟧 [HTTP    ] GET /api/tasks → 200 (19ms)
00:04:18.230 🟧 [HTTP    ] GET /api/live_sessions/active → 200 (0ms)
00:04:18.231 🟧 [HTTP    ] GET /api/snapshot → 200 (0ms)
00:04:18.242 🟧 [HTTP    ] GET /api/tasks → 200 (10ms)
00:04:19.269 🟧 [HTTP    ] GET /api/snapshot → 200 (0ms)
00:04:19.282 🟧 [HTTP    ] GET /api/tasks → 200 (14ms)
00:04:20.317 🟧 [HTTP    ] GET /api/snapshot → 200 (0ms)
00:04:20.318 🟧 [HTTP    ] GET /api/live_sessions/active → 200 (0ms)
00:04:20.333 🟧 [HTTP    ] GET /api/tasks → 200 (14ms)
00:04:21.227 🟧 [HTTP    ] GET /api/snapshot → 200 (0ms)
00:04:21.240 🟧 [HTTP    ] GET /api/tasks → 200 (13ms)
00:04:22.225 🟧 [HTTP    ] GET /api/snapshot → 200 (0ms)
00:04:22.226 🟧 [HTTP    ] GET /api/live_sessions/active → 200 (0ms)
00:04:22.234 🟧 [HTTP    ] GET /api/tasks → 200 (7ms)
00:04:23.227 🟧 [HTTP    ] GET /api/snapshot → 200 (0ms)
00:04:23.243 🟧 [HTTP    ] GET /api/tasks → 200 (17ms)
00:04:24.224 🟧 [HTTP    ] GET /api/snapshot → 200 (0ms)
00:04:24.226 🟧 [HTTP    ] GET /api/live_sessions/active → 200 (0ms)
00:04:24.244 🟧 [HTTP    ] GET /api/tasks → 200 (16ms)
00:04:25.229 🟧 [HTTP    ] GET /api/snapshot → 200 (0ms)
00:04:25.246 🟧 [HTTP    ] GET /api/tasks → 200 (17ms)
00:04:26.265 🟧 [HTTP    ] GET /api/snapshot → 200 (0ms)
00:04:26.268 🟧 [HTTP    ] GET /api/live_sessions/active → 200 (0ms)
00:04:26.283 🟧 [HTTP    ] GET /api/tasks → 200 (14ms)
00:04:27.225 🟧 [HTTP    ] GET /api/snapshot → 200 (0ms)
00:04:27.241 🟧 [HTTP    ] GET /api/tasks → 200 (15ms)
00:04:28.230 🟧 [HTTP    ] GET /api/snapshot → 200 (0ms)
00:04:28.231 🟧 [HTTP    ] GET /api/live_sessions/active → 200 (0ms)
00:04:28.247 🟧 [HTTP    ] GET /api/tasks → 200 (14ms)
00:04:29.229 🟧 [HTTP    ] GET /api/snapshot → 200 (0ms)
00:04:29.247 🟧 [HTTP    ] GET /api/tasks → 200 (16ms)
00:04:30.278 🟧 [HTTP    ] GET /api/snapshot → 200 (0ms)
00:04:30.279 🟧 [HTTP    ] GET /api/live_sessions/active → 200 (0ms)
00:04:30.296 🟧 [HTTP    ] GET /api/tasks → 200 (16ms)
00:04:31.326 🟧 [HTTP    ] GET /api/snapshot → 200 (0ms)
00:04:31.346 🟧 [HTTP    ] GET /api/tasks → 200 (19ms)
00:04:32.230 🟧 [HTTP    ] GET /api/snapshot → 200 (0ms)
00:04:32.231 🟧 [HTTP    ] GET /api/live_sessions/active → 200 (0ms)
00:04:32.243 🟧 [HTTP    ] GET /api/tasks → 200 (14ms)
00:04:33.225 🟧 [HTTP    ] GET /api/snapshot → 200 (0ms)
00:04:33.240 🟧 [HTTP    ] GET /api/tasks → 200 (16ms)
00:04:34.222 🟧 [HTTP    ] GET /api/snapshot → 200 (0ms)
00:04:34.223 🟧 [HTTP    ] GET /api/live_sessions/active → 200 (0ms)
00:04:34.242 🟧 [HTTP    ] GET /api/tasks → 200 (18ms)
00:04:52.300 🟧 [HTTP    ] GET /api/snapshot → 200 (0ms)
00:04:52.326 🟧 [HTTP    ] GET /api/live_sessions/active → 200 (0ms)
00:04:52.338 🟧 [HTTP    ] GET /api/usage/stats → 200 (10ms)
00:04:52.345 🟧 [HTTP    ] GET /api/tasks → 200 (21ms)
00:04:53.017 🟧 [HTTP    ] GET /api/tasks → 200 (3ms)
00:05:00.947 🟧 [HTTP    ] GET /api/tasks → 200 (2ms)
00:05:04.499 🟧 [HTTP    ] GET /api/tasks → 200 (8ms)
00:05:14.576 🟧 [HTTP    ] GET /api/tasks → 200 (3ms)
00:05:35.688 🟧 [HTTP    ] GET /api/tasks → 200 (2ms)
00:05:50.036 🟧 [HTTP    ] GET /api/tasks → 200 (2ms)
00:05:52.235 🟧 [HTTP    ] GET /api/snapshot → 200 (0ms)
00:05:52.238 🟧 [HTTP    ] GET /api/live_sessions/active → 200 (0ms)
00:05:52.247 🟧 [HTTP    ] GET /api/usage/stats → 200 (10ms)
00:05:52.253 🟧 [HTTP    ] GET /api/tasks → 200 (19ms)
00:06:05.980 🟧 [HTTP    ] GET /api/tasks → 200 (2ms)
00:06:14.663 🟧 [HTTP    ] GET /api/tasks → 200 (3ms)
00:06:19.750 🟧 [HTTP    ] GET /api/tasks → 200 (3ms)
00:06:25.901 🟧 [HTTP    ] GET /api/tasks → 200 (3ms)
00:06:37.351 🟧 [HTTP    ] GET /api/tasks → 200 (12ms)
00:06:47.849 🟧 [HTTP    ] GET /api/tasks → 200 (3ms)
00:06:52.262 🟧 [HTTP    ] GET /api/snapshot → 200 (0ms)
00:06:52.263 🟧 [HTTP    ] GET /api/live_sessions/active → 200 (0ms)
00:06:52.276 🟧 [HTTP    ] GET /api/usage/stats → 200 (11ms)
00:06:52.282 🟧 [HTTP    ] GET /api/tasks → 200 (18ms)
00:06:55.955 🟧 [HTTP    ] GET /api/tasks → 200 (2ms)
00:07:03.948 🟧 [HTTP    ] GET /api/tasks → 200 (3ms)
00:07:11.269 🟧 [HTTP    ] GET /api/snapshot → 200 (0ms)
00:07:11.270 🟧 [HTTP    ] GET /api/live_sessions/active → 200 (0ms)
00:07:11.287 🟧 [HTTP    ] GET /api/tasks → 200 (16ms)
00:07:11.526 🟧 [HTTP    ] GET /api/snapshot → 200 (0ms)
00:07:11.626 🟧 [HTTP    ] GET /api/live_sessions/active → 200 (0ms)
00:07:11.642 🟧 [HTTP    ] GET /api/tasks → 200 (14ms)
00:07:12.024 🟧 [HTTP    ] GET /api/snapshot → 200 (0ms)
00:07:12.530 🟧 [HTTP    ] GET /api/snapshot → 200 (0ms)
00:07:12.638 🟧 [HTTP    ] GET /api/tasks → 200 (14ms)
00:07:13.025 🟧 [HTTP    ] GET /api/snapshot → 200 (0ms)
00:07:13.527 🟧 [HTTP    ] GET /api/snapshot → 200 (0ms)
00:07:13.624 🟧 [HTTP    ] GET /api/live_sessions/active → 200 (0ms)
00:07:13.685 🟧 [HTTP    ] GET /api/tasks → 200 (60ms)
00:07:14.028 🟧 [HTTP    ] GET /api/snapshot → 200 (0ms)
00:07:14.525 🟧 [HTTP    ] GET /api/snapshot → 200 (0ms)
00:07:14.647 🟧 [HTTP    ] GET /api/tasks → 200 (21ms)
00:07:15.026 🟧 [HTTP    ] GET /api/snapshot → 200 (0ms)
00:07:15.528 🟧 [HTTP    ] GET /api/snapshot → 200 (0ms)
00:07:15.625 🟧 [HTTP    ] GET /api/live_sessions/active → 200 (0ms)
00:07:15.632 🟧 [HTTP    ] GET /api/usage/stats → 200 (8ms)
00:07:15.642 🟧 [HTTP    ] GET /api/tasks → 200 (16ms)
00:07:16.026 🟧 [HTTP    ] GET /api/snapshot → 200 (0ms)
00:07:16.526 🟧 [HTTP    ] GET /api/snapshot → 200 (0ms)
00:07:16.638 🟧 [HTTP    ] GET /api/tasks → 200 (14ms)
00:07:17.024 🟧 [HTTP    ] GET /api/snapshot → 200 (0ms)
00:07:17.535 🟧 [HTTP    ] GET /api/snapshot → 200 (0ms)
00:07:17.625 🟧 [HTTP    ] GET /api/live_sessions/active → 200 (0ms)
00:07:17.641 🟧 [HTTP    ] GET /api/tasks → 200 (15ms)
00:07:18.044 🟧 [HTTP    ] GET /api/snapshot → 200 (0ms)
00:07:18.568 🟧 [HTTP    ] GET /api/snapshot → 200 (0ms)
00:07:18.640 🟧 [HTTP    ] GET /api/tasks → 200 (14ms)
00:07:19.093 🟧 [HTTP    ] GET /api/snapshot → 200 (0ms)
00:07:20.239 🟧 [HTTP    ] GET /api/snapshot → 200 (0ms)
00:07:20.240 🟧 [HTTP    ] GET /api/live_sessions/active → 200 (0ms)
00:07:20.255 🟧 [HTTP    ] GET /api/tasks → 200 (14ms)
00:07:21.235 🟧 [HTTP    ] GET /api/snapshot → 200 (0ms)
00:07:21.250 🟧 [HTTP    ] GET /api/tasks → 200 (14ms)
00:07:22.379 🟧 [HTTP    ] GET /api/live_sessions/active → 200 (0ms)
00:07:22.380 🟧 [HTTP    ] GET /api/snapshot → 200 (0ms)
00:07:22.394 🟧 [HTTP    ] GET /api/tasks → 200 (10ms)
00:07:23.287 🟧 [HTTP    ] GET /api/snapshot → 200 (0ms)
00:07:23.301 🟧 [HTTP    ] GET /api/tasks → 200 (15ms)
00:07:24.229 🟧 [HTTP    ] GET /api/snapshot → 200 (0ms)
00:07:24.230 🟧 [HTTP    ] GET /api/live_sessions/active → 200 (0ms)
00:07:24.250 🟧 [HTTP    ] GET /api/tasks → 200 (21ms)
00:07:25.225 🟧 [HTTP    ] GET /api/snapshot → 200 (0ms)
00:07:25.238 🟧 [HTTP    ] GET /api/tasks → 200 (13ms)
00:07:26.231 🟧 [HTTP    ] GET /api/snapshot → 200 (0ms)
00:07:26.233 🟧 [HTTP    ] GET /api/live_sessions/active → 200 (0ms)
00:07:26.245 🟧 [HTTP    ] GET /api/tasks → 200 (11ms)
00:07:27.238 🟧 [HTTP    ] GET /api/snapshot → 200 (0ms)
00:07:27.275 🟧 [HTTP    ] GET /api/tasks → 200 (28ms)
00:07:28.225 🟧 [HTTP    ] GET /api/snapshot → 200 (0ms)
00:07:28.227 🟧 [HTTP    ] GET /api/live_sessions/active → 200 (0ms)
00:07:28.240 🟧 [HTTP    ] GET /api/tasks → 200 (15ms)
00:07:29.226 🟧 [HTTP    ] GET /api/snapshot → 200 (0ms)
00:07:29.241 🟧 [HTTP    ] GET /api/tasks → 200 (14ms)
00:07:30.232 🟧 [HTTP    ] GET /api/live_sessions/active → 200 (0ms)
00:07:30.234 🟧 [HTTP    ] GET /api/snapshot → 200 (0ms)
00:07:30.248 🟧 [HTTP    ] GET /api/tasks → 200 (15ms)
00:07:31.232 🟧 [HTTP    ] GET /api/snapshot → 200 (0ms)
00:07:31.249 🟧 [HTTP    ] GET /api/tasks → 200 (15ms)
00:07:32.223 🟧 [HTTP    ] GET /api/snapshot → 200 (0ms)
00:07:32.224 🟧 [HTTP    ] GET /api/live_sessions/active → 200 (0ms)
00:07:32.239 🟧 [HTTP    ] GET /api/tasks → 200 (14ms)
00:07:33.248 🟧 [HTTP    ] GET /api/snapshot → 200 (0ms)
00:07:33.264 🟧 [HTTP    ] GET /api/tasks → 200 (16ms)
00:07:33.996 🟧 [HTTP    ] GET /api/tasks → 200 (3ms)
00:07:34.296 🟧 [HTTP    ] GET /api/snapshot → 200 (0ms)
00:07:34.297 🟧 [HTTP    ] GET /api/live_sessions/active → 200 (0ms)
00:07:34.313 🟧 [HTTP    ] GET /api/tasks → 200 (14ms)
00:07:35.227 🟧 [HTTP    ] GET /api/snapshot → 200 (0ms)
00:07:35.240 🟧 [HTTP    ] GET /api/tasks → 200 (12ms)
00:07:35.754 🟧 [HTTP    ] GET /api/snapshot → 200 (0ms)
00:07:35.756 🟧 [HTTP    ] GET /api/live_sessions/active → 200 (0ms)
00:07:35.771 🟧 [HTTP    ] GET /api/tasks → 200 (14ms)
00:07:36.024 🟧 [HTTP    ] GET /api/snapshot → 200 (0ms)
00:07:36.529 🟧 [HTTP    ] GET /api/snapshot → 200 (0ms)
00:07:36.640 🟧 [HTTP    ] GET /api/tasks → 200 (14ms)
00:07:37.024 🟧 [HTTP    ] GET /api/snapshot → 200 (0ms)
00:07:37.527 🟧 [HTTP    ] GET /api/snapshot → 200 (0ms)
00:07:37.625 🟧 [HTTP    ] GET /api/live_sessions/active → 200 (0ms)
00:07:37.663 🟧 [HTTP    ] GET /api/tasks → 200 (34ms)
00:07:38.026 🟧 [HTTP    ] GET /api/snapshot → 200 (0ms)
00:07:38.528 🟧 [HTTP    ] GET /api/snapshot → 200 (0ms)
00:07:38.640 🟧 [HTTP    ] GET /api/tasks → 200 (15ms)
00:07:39.028 🟧 [HTTP    ] GET /api/snapshot → 200 (0ms)
00:07:39.539 🟧 [HTTP    ] GET /api/snapshot → 200 (0ms)
00:07:39.623 🟧 [HTTP    ] GET /api/live_sessions/active → 200 (0ms)
00:07:39.638 🟧 [HTTP    ] GET /api/tasks → 200 (14ms)
00:07:40.064 🟧 [HTTP    ] GET /api/snapshot → 200 (0ms)
00:07:40.588 🟧 [HTTP    ] GET /api/snapshot → 200 (0ms)
00:07:40.641 🟧 [HTTP    ] GET /api/tasks → 200 (14ms)
00:07:41.112 🟧 [HTTP    ] GET /api/snapshot → 200 (0ms)
00:07:41.523 🟧 [HTTP    ] GET /api/snapshot → 200 (0ms)
00:07:41.636 🟧 [HTTP    ] GET /api/live_sessions/active → 200 (0ms)
00:07:41.651 🟧 [HTTP    ] GET /api/tasks → 200 (14ms)
00:07:42.027 🟧 [HTTP    ] GET /api/snapshot → 200 (0ms)
00:07:42.387 🟧 [HTTP    ] GET /api/tasks → 200 (3ms)
00:07:42.525 🟧 [HTTP    ] GET /api/snapshot → 200 (0ms)
00:07:42.699 🟧 [HTTP    ] GET /api/tasks → 200 (14ms)
00:07:43.027 🟧 [HTTP    ] GET /api/snapshot → 200 (0ms)
00:07:43.528 🟧 [HTTP    ] GET /api/snapshot → 200 (0ms)
00:07:43.625 🟧 [HTTP    ] GET /api/live_sessions/active → 200 (0ms)
00:07:43.644 🟧 [HTTP    ] GET /api/tasks → 200 (18ms)
00:07:44.027 🟧 [HTTP    ] GET /api/snapshot → 200 (0ms)
00:07:44.525 🟧 [HTTP    ] GET /api/snapshot → 200 (0ms)
00:07:44.639 🟧 [HTTP    ] GET /api/tasks → 200 (14ms)
00:07:45.030 🟧 [HTTP    ] GET /api/snapshot → 200 (0ms)
00:07:45.524 🟧 [HTTP    ] GET /api/snapshot → 200 (0ms)
00:07:45.628 🟧 [HTTP    ] GET /api/live_sessions/active → 200 (0ms)
00:07:45.649 🟧 [HTTP    ] GET /api/usage/stats → 200 (16ms)
00:07:45.656 🟧 [HTTP    ] GET /api/tasks → 200 (19ms)
00:07:46.226 🟧 [HTTP    ] GET /api/snapshot → 200 (0ms)
00:07:47.242 🟧 [HTTP    ] GET /api/snapshot → 200 (0ms)
00:07:47.257 🟧 [HTTP    ] GET /api/tasks → 200 (14ms)
00:07:48.030 🟧 [HTTP    ] GET /api/tasks → 200 (3ms)
00:07:48.226 🟧 [HTTP    ] GET /api/snapshot → 200 (0ms)
00:07:48.227 🟧 [HTTP    ] GET /api/live_sessions/active → 200 (0ms)
00:07:48.237 🟧 [HTTP    ] GET /api/tasks → 200 (9ms)
00:07:49.231 🟧 [HTTP    ] GET /api/snapshot → 200 (0ms)
00:07:49.246 🟧 [HTTP    ] GET /api/tasks → 200 (14ms)
00:07:50.231 🟧 [HTTP    ] GET /api/snapshot → 200 (0ms)
00:07:50.232 🟧 [HTTP    ] GET /api/live_sessions/active → 200 (0ms)
00:07:50.250 🟧 [HTTP    ] GET /api/tasks → 200 (17ms)
00:07:51.236 🟧 [HTTP    ] GET /api/snapshot → 200 (0ms)
00:07:51.251 🟧 [HTTP    ] GET /api/tasks → 200 (14ms)
00:07:52.251 🟧 [HTTP    ] GET /api/live_sessions/active → 200 (0ms)
00:07:52.253 🟧 [HTTP    ] GET /api/snapshot → 200 (0ms)
00:07:52.269 🟧 [HTTP    ] GET /api/tasks → 200 (17ms)
00:07:52.719 🟧 [HTTP    ] GET /api/tasks → 200 (2ms)
00:07:53.226 🟧 [HTTP    ] GET /api/snapshot → 200 (0ms)
00:07:53.241 🟧 [HTTP    ] GET /api/tasks → 200 (14ms)
00:07:54.232 🟧 [HTTP    ] GET /api/snapshot → 200 (0ms)
00:07:54.234 🟧 [HTTP    ] GET /api/live_sessions/active → 200 (0ms)
00:07:54.250 🟧 [HTTP    ] GET /api/tasks → 200 (15ms)
00:07:55.268 🟧 [HTTP    ] GET /api/snapshot → 200 (0ms)
00:07:55.285 🟧 [HTTP    ] GET /api/tasks → 200 (16ms)
00:07:56.316 🟧 [HTTP    ] GET /api/snapshot → 200 (0ms)
00:07:56.317 🟧 [HTTP    ] GET /api/live_sessions/active → 200 (0ms)
00:07:56.332 🟧 [HTTP    ] GET /api/tasks → 200 (14ms)
00:07:57.228 🟧 [HTTP    ] GET /api/snapshot → 200 (0ms)
00:07:57.244 🟧 [HTTP    ] GET /api/tasks → 200 (16ms)
00:07:58.225 🟧 [HTTP    ] GET /api/snapshot → 200 (0ms)
00:07:58.227 🟧 [HTTP    ] GET /api/live_sessions/active → 200 (0ms)
00:07:58.245 🟧 [HTTP    ] GET /api/tasks → 200 (19ms)
00:07:59.228 🟧 [HTTP    ] GET /api/snapshot → 200 (0ms)
00:07:59.244 🟧 [HTTP    ] GET /api/tasks → 200 (17ms)
00:08:00.231 🟧 [HTTP    ] GET /api/snapshot → 200 (0ms)
00:08:00.234 🟧 [HTTP    ] GET /api/live_sessions/active → 200 (0ms)
00:08:00.243 🟧 [HTTP    ] GET /api/tasks → 200 (12ms)
00:08:01.228 🟧 [HTTP    ] GET /api/snapshot → 200 (0ms)
00:08:01.243 🟧 [HTTP    ] GET /api/tasks → 200 (14ms)
00:08:02.228 🟧 [HTTP    ] GET /api/snapshot → 200 (0ms)
00:08:02.228 🟧 [HTTP    ] GET /api/live_sessions/active → 200 (0ms)
00:08:02.271 🟧 [HTTP    ] GET /api/tasks → 200 (41ms)
00:08:02.697 🟧 [HTTP    ] GET /api/tasks → 200 (3ms)
00:08:03.227 🟧 [HTTP    ] GET /api/snapshot → 200 (0ms)
00:08:03.242 🟧 [HTTP    ] GET /api/tasks → 200 (14ms)
00:08:04.232 🟧 [HTTP    ] GET /api/snapshot → 200 (0ms)
00:08:04.233 🟧 [HTTP    ] GET /api/live_sessions/active → 200 (0ms)
00:08:04.247 🟧 [HTTP    ] GET /api/tasks → 200 (13ms)
00:08:05.229 🟧 [HTTP    ] GET /api/snapshot → 200 (0ms)
00:08:05.244 🟧 [HTTP    ] GET /api/tasks → 200 (14ms)
00:08:06.278 🟧 [HTTP    ] GET /api/snapshot → 200 (0ms)
00:08:06.279 🟧 [HTTP    ] GET /api/live_sessions/active → 200 (0ms)
00:08:06.294 🟧 [HTTP    ] GET /api/tasks → 200 (14ms)
00:08:07.228 🟧 [HTTP    ] GET /api/snapshot → 200 (0ms)
00:08:07.246 🟧 [HTTP    ] GET /api/tasks → 200 (17ms)
00:08:08.232 🟧 [HTTP    ] GET /api/snapshot → 200 (0ms)
00:08:08.233 🟧 [HTTP    ] GET /api/live_sessions/active → 200 (0ms)
00:08:08.251 🟧 [HTTP    ] GET /api/tasks → 200 (16ms)
00:08:09.226 🟧 [HTTP    ] GET /api/snapshot → 200 (0ms)
00:08:09.241 🟧 [HTTP    ] GET /api/tasks → 200 (14ms)
00:08:09.883 🟧 [HTTP    ] GET /api/tasks → 200 (3ms)
00:08:10.231 🟧 [HTTP    ] GET /api/snapshot → 200 (0ms)
00:08:10.234 🟧 [HTTP    ] GET /api/live_sessions/active → 200 (0ms)
00:08:10.250 🟧 [HTTP    ] GET /api/tasks → 200 (14ms)
00:08:11.228 🟧 [HTTP    ] GET /api/snapshot → 200 (0ms)
00:08:11.242 🟧 [HTTP    ] GET /api/tasks → 200 (14ms)
00:08:12.224 🟧 [HTTP    ] GET /api/snapshot → 200 (0ms)
00:08:12.225 🟧 [HTTP    ] GET /api/live_sessions/active → 200 (0ms)
00:08:12.240 🟧 [HTTP    ] GET /api/tasks → 200 (14ms)
00:08:13.225 🟧 [HTTP    ] GET /api/snapshot → 200 (0ms)
00:08:13.240 🟧 [HTTP    ] GET /api/tasks → 200 (14ms)
00:08:14.225 🟧 [HTTP    ] GET /api/snapshot → 200 (0ms)
00:08:14.226 🟧 [HTTP    ] GET /api/live_sessions/active → 200 (0ms)
00:08:14.244 🟧 [HTTP    ] GET /api/tasks → 200 (18ms)
00:08:15.227 🟧 [HTTP    ] GET /api/snapshot → 200 (0ms)
00:08:15.245 🟧 [HTTP    ] GET /api/tasks → 200 (17ms)
00:08:15.464 🟧 [HTTP    ] GET /api/tasks → 200 (3ms)
00:08:16.238 🟧 [HTTP    ] GET /api/snapshot → 200 (0ms)
00:08:16.239 🟧 [HTTP    ] GET /api/live_sessions/active → 200 (0ms)
00:08:16.250 🟧 [HTTP    ] GET /api/usage/stats → 200 (10ms)
00:08:16.260 🟧 [HTTP    ] GET /api/tasks → 200 (19ms)
00:08:17.287 🟧 [HTTP    ] GET /api/snapshot → 200 (0ms)
00:08:17.301 🟧 [HTTP    ] GET /api/tasks → 200 (13ms)
00:08:18.226 🟧 [HTTP    ] GET /api/snapshot → 200 (0ms)
00:08:18.231 🟧 [HTTP    ] GET /api/live_sessions/active → 200 (0ms)
00:08:18.267 🟧 [HTTP    ] GET /api/tasks → 200 (38ms)
00:08:19.224 🟧 [HTTP    ] GET /api/snapshot → 200 (0ms)
00:08:19.240 🟧 [HTTP    ] GET /api/tasks → 200 (16ms)
00:08:20.225 🟧 [HTTP    ] GET /api/snapshot → 200 (0ms)
00:08:20.226 🟧 [HTTP    ] GET /api/live_sessions/active → 200 (0ms)
00:08:20.243 🟧 [HTTP    ] GET /api/tasks → 200 (16ms)
00:08:21.225 🟧 [HTTP    ] GET /api/snapshot → 200 (0ms)
00:08:21.240 🟧 [HTTP    ] GET /api/tasks → 200 (15ms)
00:08:21.493 🟧 [HTTP    ] GET /api/tasks → 200 (3ms)
00:08:22.232 🟧 [HTTP    ] GET /api/live_sessions/active → 200 (0ms)
00:08:22.234 🟧 [HTTP    ] GET /api/snapshot → 200 (0ms)
00:08:22.246 🟧 [HTTP    ] GET /api/tasks → 200 (13ms)
00:08:23.230 🟧 [HTTP    ] GET /api/snapshot → 200 (0ms)
00:08:23.244 🟧 [HTTP    ] GET /api/tasks → 200 (12ms)
00:08:24.226 🟧 [HTTP    ] GET /api/snapshot → 200 (0ms)
00:08:24.227 🟧 [HTTP    ] GET /api/live_sessions/active → 200 (0ms)
00:08:24.245 🟧 [HTTP    ] GET /api/tasks → 200 (17ms)
00:08:25.240 🟧 [HTTP    ] GET /api/snapshot → 200 (0ms)
00:08:25.262 🟧 [HTTP    ] GET /api/tasks → 200 (21ms)
00:08:26.230 🟧 [HTTP    ] GET /api/live_sessions/active → 200 (0ms)
00:08:26.235 🟧 [HTTP    ] GET /api/snapshot → 200 (0ms)
00:08:26.272 🟧 [HTTP    ] GET /api/tasks → 200 (34ms)
00:08:27.249 🟧 [HTTP    ] GET /api/snapshot → 200 (0ms)
00:08:27.267 🟧 [HTTP    ] GET /api/tasks → 200 (18ms)
00:08:27.941 🟧 [HTTP    ] GET /api/tasks → 200 (3ms)
00:08:28.298 🟧 [HTTP    ] GET /api/snapshot → 200 (0ms)
00:08:28.299 🟧 [HTTP    ] GET /api/live_sessions/active → 200 (0ms)
00:08:28.315 🟧 [HTTP    ] GET /api/tasks → 200 (14ms)
00:08:29.226 🟧 [HTTP    ] GET /api/snapshot → 200 (0ms)
00:08:29.241 🟧 [HTTP    ] GET /api/tasks → 200 (14ms)
00:08:30.225 🟧 [HTTP    ] GET /api/snapshot → 200 (0ms)
00:08:30.227 🟧 [HTTP    ] GET /api/live_sessions/active → 200 (0ms)
00:08:30.240 🟧 [HTTP    ] GET /api/tasks → 200 (15ms)
00:08:31.233 🟧 [HTTP    ] GET /api/snapshot → 200 (0ms)
00:08:31.252 🟧 [HTTP    ] GET /api/tasks → 200 (17ms)
00:08:32.226 🟧 [HTTP    ] GET /api/live_sessions/active → 200 (0ms)
00:08:32.227 🟧 [HTTP    ] GET /api/snapshot → 200 (0ms)
00:08:32.242 🟧 [HTTP    ] GET /api/tasks → 200 (14ms)
00:08:33.225 🟧 [HTTP    ] GET /api/snapshot → 200 (0ms)
00:08:33.239 🟧 [HTTP    ] GET /api/tasks → 200 (13ms)
00:08:33.746 🟧 [HTTP    ] GET /api/tasks → 200 (3ms)
00:08:34.224 🟧 [HTTP    ] GET /api/live_sessions/active → 200 (0ms)
00:08:34.225 🟧 [HTTP    ] GET /api/snapshot → 200 (0ms)
00:08:34.266 🟧 [HTTP    ] GET /api/tasks → 200 (40ms)
00:08:35.226 🟧 [HTTP    ] GET /api/snapshot → 200 (0ms)
00:08:35.240 🟧 [HTTP    ] GET /api/tasks → 200 (15ms)
00:08:36.226 🟧 [HTTP    ] GET /api/live_sessions/active → 200 (0ms)
00:08:36.228 🟧 [HTTP    ] GET /api/snapshot → 200 (0ms)
00:08:36.243 🟧 [HTTP    ] GET /api/tasks → 200 (14ms)
00:08:37.223 🟧 [HTTP    ] GET /api/snapshot → 200 (0ms)
00:08:37.239 🟧 [HTTP    ] GET /api/tasks → 200 (14ms)
00:08:38.258 🟧 [HTTP    ] GET /api/live_sessions/active → 200 (0ms)
00:08:38.259 🟧 [HTTP    ] GET /api/snapshot → 200 (0ms)
00:08:38.274 🟧 [HTTP    ] GET /api/tasks → 200 (14ms)
00:08:39.305 🟧 [HTTP    ] GET /api/snapshot → 200 (0ms)
00:08:39.320 🟧 [HTTP    ] GET /api/tasks → 200 (14ms)
00:08:40.224 🟧 [HTTP    ] GET /api/snapshot → 200 (0ms)
00:08:40.226 🟧 [HTTP    ] GET /api/live_sessions/active → 200 (0ms)
00:08:40.239 🟧 [HTTP    ] GET /api/tasks → 200 (15ms)
00:08:41.228 🟧 [HTTP    ] GET /api/snapshot → 200 (0ms)
00:08:41.239 🟧 [HTTP    ] GET /api/tasks → 200 (12ms)
00:08:41.795 🟧 [HTTP    ] GET /api/live_sessions/active → 200 (0ms)
00:08:41.796 🟧 [HTTP    ] GET /api/snapshot → 200 (0ms)
00:08:41.814 🟧 [HTTP    ] GET /api/tasks → 200 (17ms)
00:08:42.023 🟧 [HTTP    ] GET /api/snapshot → 200 (0ms)
00:08:42.121 🟧 [HTTP    ] GET /api/tasks → 200 (3ms)
00:08:42.528 🟧 [HTTP    ] GET /api/snapshot → 200 (0ms)
00:08:42.641 🟧 [HTTP    ] GET /api/tasks → 200 (14ms)
00:08:43.027 🟧 [HTTP    ] GET /api/snapshot → 200 (0ms)
00:08:43.526 🟧 [HTTP    ] GET /api/snapshot → 200 (0ms)
00:08:43.623 🟧 [HTTP    ] GET /api/live_sessions/active → 200 (0ms)
00:08:43.637 🟧 [HTTP    ] GET /api/tasks → 200 (13ms)
00:08:44.026 🟧 [HTTP    ] GET /api/snapshot → 200 (0ms)
00:08:44.550 🟧 [HTTP    ] GET /api/snapshot → 200 (0ms)
00:08:44.703 🟧 [HTTP    ] GET /api/tasks → 200 (62ms)
00:08:45.072 🟧 [HTTP    ] GET /api/snapshot → 200 (0ms)
00:08:45.596 🟧 [HTTP    ] GET /api/snapshot → 200 (0ms)
00:08:45.626 🟧 [HTTP    ] GET /api/live_sessions/active → 200 (0ms)
00:08:45.636 🟧 [HTTP    ] GET /api/usage/stats → 200 (11ms)
00:08:45.644 🟧 [HTTP    ] GET /api/tasks → 200 (17ms)
00:08:46.033 🟧 [HTTP    ] GET /api/snapshot → 200 (0ms)
00:08:46.525 🟧 [HTTP    ] GET /api/snapshot → 200 (0ms)
00:08:46.659 🟧 [HTTP    ] GET /api/tasks → 200 (14ms)
00:08:47.026 🟧 [HTTP    ] GET /api/snapshot → 200 (0ms)
00:08:47.526 🟧 [HTTP    ] GET /api/snapshot → 200 (0ms)
00:08:47.695 🟧 [HTTP    ] GET /api/live_sessions/active → 200 (0ms)
00:08:47.710 🟧 [HTTP    ] GET /api/tasks → 200 (14ms)
00:08:48.028 🟧 [HTTP    ] GET /api/snapshot → 200 (0ms)
00:08:48.528 🟧 [HTTP    ] GET /api/snapshot → 200 (0ms)
00:08:48.645 🟧 [HTTP    ] GET /api/tasks → 200 (17ms)
00:08:49.027 🟧 [HTTP    ] GET /api/snapshot → 200 (0ms)
00:08:49.527 🟧 [HTTP    ] GET /api/snapshot → 200 (0ms)
00:08:49.623 🟧 [HTTP    ] GET /api/live_sessions/active → 200 (0ms)
00:08:49.640 🟧 [HTTP    ] GET /api/tasks → 200 (16ms)
00:08:50.033 🟧 [HTTP    ] GET /api/snapshot → 200 (0ms)
00:08:50.532 🟧 [HTTP    ] GET /api/snapshot → 200 (0ms)
00:08:50.644 🟧 [HTTP    ] GET /api/tasks → 200 (18ms)
00:08:51.027 🟧 [HTTP    ] GET /api/snapshot → 200 (0ms)
00:08:51.526 🟧 [HTTP    ] GET /api/snapshot → 200 (0ms)
00:08:51.627 🟧 [HTTP    ] GET /api/live_sessions/active → 200 (0ms)
00:08:51.646 🟧 [HTTP    ] GET /api/tasks → 200 (20ms)
00:08:52.025 🟧 [HTTP    ] GET /api/snapshot → 200 (0ms)
00:08:53.225 🟧 [HTTP    ] GET /api/snapshot → 200 (0ms)
00:08:53.240 🟧 [HTTP    ] GET /api/tasks → 200 (15ms)
00:08:53.809 🟧 [HTTP    ] GET /api/snapshot → 200 (0ms)
00:08:53.811 🟧 [HTTP    ] GET /api/live_sessions/active → 200 (0ms)
00:08:53.824 🟧 [HTTP    ] GET /api/tasks → 200 (15ms)
00:08:54.024 🟧 [HTTP    ] GET /api/snapshot → 200 (0ms)
00:08:54.529 🟧 [HTTP    ] GET /api/snapshot → 200 (0ms)
00:08:54.648 🟧 [HTTP    ] GET /api/tasks → 200 (20ms)
00:08:55.034 🟧 [HTTP    ] GET /api/snapshot → 200 (0ms)
00:08:55.559 🟧 [HTTP    ] GET /api/snapshot → 200 (0ms)
00:08:55.634 🟧 [HTTP    ] GET /api/live_sessions/active → 200 (0ms)
00:08:55.649 🟧 [HTTP    ] GET /api/tasks → 200 (14ms)
00:08:56.083 🟧 [HTTP    ] GET /api/snapshot → 200 (0ms)
00:08:56.607 🟧 [HTTP    ] GET /api/snapshot → 200 (0ms)
00:08:56.660 🟧 [HTTP    ] GET /api/tasks → 200 (12ms)
00:08:57.028 🟧 [HTTP    ] GET /api/snapshot → 200 (0ms)
00:08:58.226 🟧 [HTTP    ] GET /api/live_sessions/active → 200 (0ms)
00:08:58.239 🟧 [HTTP    ] GET /api/snapshot → 200 (0ms)
00:08:58.256 🟧 [HTTP    ] GET /api/tasks → 200 (21ms)
00:08:58.709 🟧 [HTTP    ] GET /api/snapshot → 200 (0ms)
00:08:58.724 🟧 [HTTP    ] GET /api/tasks → 200 (14ms)
00:08:59.025 🟧 [HTTP    ] GET /api/snapshot → 200 (0ms)
00:08:59.527 🟧 [HTTP    ] GET /api/snapshot → 200 (0ms)
00:08:59.625 🟧 [HTTP    ] GET /api/live_sessions/active → 200 (0ms)
00:08:59.638 🟧 [HTTP    ] GET /api/tasks → 200 (11ms)
00:08:59.656 🟧 [HTTP    ] GET /api/tasks → 200 (2ms)
00:09:00.026 🟧 [HTTP    ] GET /api/snapshot → 200 (0ms)
00:09:01.231 🟧 [HTTP    ] GET /api/snapshot → 200 (0ms)
00:09:01.246 🟧 [HTTP    ] GET /api/tasks → 200 (14ms)
00:09:02.226 🟧 [HTTP    ] GET /api/live_sessions/active → 200 (0ms)
00:09:02.227 🟧 [HTTP    ] GET /api/snapshot → 200 (0ms)
00:09:02.241 🟧 [HTTP    ] GET /api/tasks → 200 (13ms)
00:09:03.224 🟧 [HTTP    ] GET /api/snapshot → 200 (0ms)
00:09:03.238 🟧 [HTTP    ] GET /api/tasks → 200 (14ms)
00:09:04.224 🟧 [HTTP    ] GET /api/snapshot → 200 (0ms)
00:09:04.226 🟧 [HTTP    ] GET /api/live_sessions/active → 200 (0ms)
00:09:04.240 🟧 [HTTP    ] GET /api/tasks → 200 (15ms)
00:09:05.224 🟧 [HTTP    ] GET /api/snapshot → 200 (0ms)
00:09:05.239 🟧 [HTTP    ] GET /api/tasks → 200 (14ms)
00:09:06.230 🟧 [HTTP    ] GET /api/snapshot → 200 (0ms)
00:09:06.232 🟧 [HTTP    ] GET /api/live_sessions/active → 200 (0ms)
00:09:06.250 🟧 [HTTP    ] GET /api/tasks → 200 (17ms)
00:09:07.229 🟧 [HTTP    ] GET /api/snapshot → 200 (0ms)
00:09:07.244 🟧 [HTTP    ] GET /api/tasks → 200 (15ms)
00:09:07.734 🟧 [HTTP    ] GET /api/tasks → 200 (3ms)
00:09:08.227 🟧 [HTTP    ] GET /api/snapshot → 200 (0ms)
00:09:08.229 🟧 [HTTP    ] GET /api/live_sessions/active → 200 (0ms)
00:09:08.242 🟧 [HTTP    ] GET /api/tasks → 200 (16ms)
00:09:09.235 🟧 [HTTP    ] GET /api/snapshot → 200 (0ms)
00:09:09.252 🟧 [HTTP    ] GET /api/tasks → 200 (15ms)
00:09:10.238 🟧 [HTTP    ] GET /api/snapshot → 200 (0ms)
00:09:10.240 🟧 [HTTP    ] GET /api/live_sessions/active → 200 (0ms)
00:09:10.254 🟧 [HTTP    ] GET /api/tasks → 200 (15ms)
00:09:11.287 🟧 [HTTP    ] GET /api/snapshot → 200 (0ms)
00:09:11.302 🟧 [HTTP    ] GET /api/tasks → 200 (14ms)
00:09:12.226 🟧 [HTTP    ] GET /api/snapshot → 200 (0ms)
00:09:12.229 🟧 [HTTP    ] GET /api/live_sessions/active → 200 (0ms)
00:09:12.243 🟧 [HTTP    ] GET /api/tasks → 200 (15ms)
00:09:13.232 🟧 [HTTP    ] GET /api/snapshot → 200 (0ms)
00:09:13.247 🟧 [HTTP    ] GET /api/tasks → 200 (14ms)
00:09:14.229 🟧 [HTTP    ] GET /api/snapshot → 200 (0ms)
00:09:14.230 🟧 [HTTP    ] GET /api/live_sessions/active → 200 (0ms)
00:09:14.279 🟧 [HTTP    ] GET /api/tasks → 200 (49ms)
00:09:15.229 🟧 [HTTP    ] GET /api/snapshot → 200 (0ms)
00:09:15.243 🟧 [HTTP    ] GET /api/tasks → 200 (15ms)
00:09:16.225 🟧 [HTTP    ] GET /api/snapshot → 200 (0ms)
00:09:16.226 🟧 [HTTP    ] GET /api/live_sessions/active → 200 (0ms)
00:09:16.239 🟧 [HTTP    ] GET /api/usage/stats → 200 (12ms)
00:09:16.245 🟧 [HTTP    ] GET /api/tasks → 200 (17ms)
00:09:17.225 🟧 [HTTP    ] GET /api/snapshot → 200 (0ms)
00:09:17.243 🟧 [HTTP    ] GET /api/tasks → 200 (17ms)
00:09:18.226 🟧 [HTTP    ] GET /api/snapshot → 200 (0ms)
00:09:18.227 🟧 [HTTP    ] GET /api/live_sessions/active → 200 (0ms)
00:09:18.242 🟧 [HTTP    ] GET /api/tasks → 200 (13ms)
00:09:19.225 🟧 [HTTP    ] GET /api/snapshot → 200 (0ms)
00:09:19.248 🟧 [HTTP    ] GET /api/tasks → 200 (22ms)
00:09:20.231 🟧 [HTTP    ] GET /api/snapshot → 200 (0ms)
00:09:20.232 🟧 [HTTP    ] GET /api/live_sessions/active → 200 (0ms)
00:09:20.242 🟧 [HTTP    ] GET /api/tasks → 200 (10ms)
00:09:21.249 🟧 [HTTP    ] GET /api/snapshot → 200 (0ms)
00:09:21.268 🟧 [HTTP    ] GET /api/tasks → 200 (19ms)
00:09:22.299 🟧 [HTTP    ] GET /api/snapshot → 200 (0ms)
00:09:22.305 🟧 [HTTP    ] GET /api/live_sessions/active → 200 (0ms)
00:09:22.324 🟧 [HTTP    ] GET /api/tasks → 200 (10ms)
00:09:23.228 🟧 [HTTP    ] GET /api/snapshot → 200 (0ms)
00:09:23.238 🟧 [HTTP    ] GET /api/tasks → 200 (9ms)
00:09:24.238 🟧 [HTTP    ] GET /api/snapshot → 200 (0ms)
00:09:24.240 🟧 [HTTP    ] GET /api/live_sessions/active → 200 (0ms)
00:09:24.253 🟧 [HTTP    ] GET /api/tasks → 200 (14ms)
00:09:25.226 🟧 [HTTP    ] GET /api/snapshot → 200 (0ms)
00:09:25.240 🟧 [HTTP    ] GET /api/tasks → 200 (13ms)
00:09:26.230 🟧 [HTTP    ] GET /api/snapshot → 200 (0ms)
00:09:26.232 🟧 [HTTP    ] GET /api/live_sessions/active → 200 (0ms)
00:09:26.245 🟧 [HTTP    ] GET /api/tasks → 200 (14ms)
00:09:27.243 🟧 [HTTP    ] GET /api/snapshot → 200 (0ms)
00:09:27.257 🟧 [HTTP    ] GET /api/tasks → 200 (14ms)
00:09:28.225 🟧 [HTTP    ] GET /api/snapshot → 200 (0ms)
00:09:28.228 🟧 [HTTP    ] GET /api/live_sessions/active → 200 (0ms)
00:09:28.242 🟧 [HTTP    ] GET /api/tasks → 200 (15ms)
00:09:28.434 🟧 [HTTP    ] GET /api/tasks → 200 (3ms)
00:09:29.224 🟧 [HTTP    ] GET /api/snapshot → 200 (0ms)
00:09:29.238 🟧 [HTTP    ] GET /api/tasks → 200 (13ms)
00:09:30.227 🟧 [HTTP    ] GET /api/snapshot → 200 (0ms)
00:09:30.228 🟧 [HTTP    ] GET /api/live_sessions/active → 200 (0ms)
00:09:30.241 🟧 [HTTP    ] GET /api/tasks → 200 (12ms)
00:09:31.235 🟧 [HTTP    ] GET /api/snapshot → 200 (0ms)
00:09:31.249 🟧 [HTTP    ] GET /api/tasks → 200 (13ms)
00:09:32.260 🟧 [HTTP    ] GET /api/live_sessions/active → 200 (0ms)
00:09:32.261 🟧 [HTTP    ] GET /api/snapshot → 200 (0ms)
00:09:32.274 🟧 [HTTP    ] GET /api/tasks → 200 (15ms)
00:09:33.306 🟧 [HTTP    ] GET /api/snapshot → 200 (0ms)
00:09:33.324 🟧 [HTTP    ] GET /api/tasks → 200 (17ms)
00:09:34.227 🟧 [HTTP    ] GET /api/snapshot → 200 (0ms)
00:09:34.228 🟧 [HTTP    ] GET /api/live_sessions/active → 200 (0ms)
00:09:34.246 🟧 [HTTP    ] GET /api/tasks → 200 (17ms)
00:09:35.226 🟧 [HTTP    ] GET /api/snapshot → 200 (0ms)
00:09:35.241 🟧 [HTTP    ] GET /api/tasks → 200 (14ms)
00:09:36.224 🟧 [HTTP    ] GET /api/snapshot → 200 (0ms)
00:09:36.225 🟧 [HTTP    ] GET /api/live_sessions/active → 200 (0ms)
00:09:36.241 🟧 [HTTP    ] GET /api/tasks → 200 (14ms)
00:09:37.237 🟧 [HTTP    ] GET /api/snapshot → 200 (0ms)
00:09:37.251 🟧 [HTTP    ] GET /api/tasks → 200 (15ms)
00:09:38.227 🟧 [HTTP    ] GET /api/snapshot → 200 (0ms)
00:09:38.229 🟧 [HTTP    ] GET /api/live_sessions/active → 200 (0ms)
00:09:38.242 🟧 [HTTP    ] GET /api/tasks → 200 (16ms)
00:09:39.225 🟧 [HTTP    ] GET /api/snapshot → 200 (0ms)
00:09:39.240 🟧 [HTTP    ] GET /api/tasks → 200 (14ms)
00:09:39.662 🟧 [HTTP    ] GET /api/tasks → 200 (3ms)
00:09:40.225 🟧 [HTTP    ] GET /api/snapshot → 200 (0ms)
00:09:40.227 🟧 [HTTP    ] GET /api/live_sessions/active → 200 (0ms)
00:09:40.238 🟧 [HTTP    ] GET /api/tasks → 200 (12ms)
00:09:41.225 🟧 [HTTP    ] GET /api/snapshot → 200 (0ms)
00:09:41.240 🟧 [HTTP    ] GET /api/tasks → 200 (14ms)
00:09:42.227 🟧 [HTTP    ] GET /api/snapshot → 200 (0ms)
00:09:42.228 🟧 [HTTP    ] GET /api/live_sessions/active → 200 (0ms)
00:09:42.243 🟧 [HTTP    ] GET /api/tasks → 200 (14ms)
00:09:43.269 🟧 [HTTP    ] GET /api/snapshot → 200 (0ms)
00:09:43.284 🟧 [HTTP    ] GET /api/tasks → 200 (16ms)
00:09:44.225 🟧 [HTTP    ] GET /api/snapshot → 200 (0ms)
00:09:44.226 🟧 [HTTP    ] GET /api/live_sessions/active → 200 (0ms)
00:09:44.241 🟧 [HTTP    ] GET /api/tasks → 200 (14ms)
00:09:45.227 🟧 [HTTP    ] GET /api/snapshot → 200 (0ms)
00:09:45.248 🟧 [HTTP    ] GET /api/tasks → 200 (21ms)
00:09:46.237 🟧 [HTTP    ] GET /api/snapshot → 200 (0ms)
00:09:46.240 🟧 [HTTP    ] GET /api/live_sessions/active → 200 (0ms)
00:09:46.250 🟧 [HTTP    ] GET /api/usage/stats → 200 (11ms)
00:09:46.258 🟧 [HTTP    ] GET /api/tasks → 200 (18ms)
00:09:47.225 🟧 [HTTP    ] GET /api/snapshot → 200 (0ms)
00:09:47.241 🟧 [HTTP    ] GET /api/tasks → 200 (14ms)
00:09:48.228 🟧 [HTTP    ] GET /api/live_sessions/active → 200 (0ms)
00:09:48.228 🟧 [HTTP    ] GET /api/snapshot → 200 (0ms)
00:09:48.252 🟧 [HTTP    ] GET /api/tasks → 200 (23ms)
00:09:49.225 🟧 [HTTP    ] GET /api/snapshot → 200 (0ms)
00:09:49.241 🟧 [HTTP    ] GET /api/tasks → 200 (16ms)
00:09:50.226 🟧 [HTTP    ] GET /api/snapshot → 200 (0ms)
00:09:50.227 🟧 [HTTP    ] GET /api/live_sessions/active → 200 (0ms)
00:09:50.240 🟧 [HTTP    ] GET /api/tasks → 200 (14ms)
00:09:51.230 🟧 [HTTP    ] GET /api/snapshot → 200 (0ms)
00:09:51.276 🟧 [HTTP    ] GET /api/tasks → 200 (50ms)
00:09:52.238 🟧 [HTTP    ] GET /api/snapshot → 200 (0ms)
00:09:52.240 🟧 [HTTP    ] GET /api/live_sessions/active → 200 (0ms)
00:09:52.254 🟧 [HTTP    ] GET /api/tasks → 200 (15ms)
00:09:53.228 🟧 [HTTP    ] GET /api/snapshot → 200 (0ms)
00:09:53.243 🟧 [HTTP    ] GET /api/tasks → 200 (14ms)
00:09:53.475 🟧 [HTTP    ] GET /api/tasks → 200 (2ms)
00:09:54.279 🟧 [HTTP    ] GET /api/snapshot → 200 (0ms)
00:09:54.281 🟧 [HTTP    ] GET /api/live_sessions/active → 200 (0ms)
00:09:54.319 🟧 [HTTP    ] GET /api/tasks → 200 (39ms)
00:09:55.384 🟧 [HTTP    ] GET /api/snapshot → 200 (0ms)
00:09:55.399 🟧 [HTTP    ] GET /api/tasks → 200 (14ms)
00:09:56.226 🟧 [HTTP    ] GET /api/snapshot → 200 (0ms)
00:09:56.227 🟧 [HTTP    ] GET /api/live_sessions/active → 200 (0ms)
00:09:56.241 🟧 [HTTP    ] GET /api/tasks → 200 (13ms)
00:09:57.226 🟧 [HTTP    ] GET /api/snapshot → 200 (0ms)
00:09:57.241 🟧 [HTTP    ] GET /api/tasks → 200 (14ms)
00:09:58.225 🟧 [HTTP    ] GET /api/snapshot → 200 (0ms)
00:09:58.226 🟧 [HTTP    ] GET /api/live_sessions/active → 200 (0ms)
00:09:58.242 🟧 [HTTP    ] GET /api/tasks → 200 (14ms)
00:09:58.574 🟧 [HTTP    ] GET /api/tasks → 200 (3ms)
00:09:59.225 🟧 [HTTP    ] GET /api/snapshot → 200 (0ms)
00:09:59.240 🟧 [HTTP    ] GET /api/tasks → 200 (15ms)
00:10:00.224 🟧 [HTTP    ] GET /api/snapshot → 200 (0ms)
00:10:00.225 🟧 [HTTP    ] GET /api/live_sessions/active → 200 (0ms)
00:10:00.241 🟧 [HTTP    ] GET /api/tasks → 200 (14ms)
00:10:06.773 🟧 [HTTP    ] GET /api/tasks → 200 (2ms)
00:10:11.312 🟧 [HTTP    ] GET /api/tasks → 200 (2ms)
00:10:21.718 🟧 [HTTP    ] GET /api/tasks → 200 (3ms)
00:10:31.238 🟧 [HTTP    ] GET /api/tasks → 200 (3ms)
00:10:39.810 🟧 [HTTP    ] GET /api/tasks → 200 (3ms)
00:10:46.009 🟧 [HTTP    ] GET /api/tasks → 200 (3ms)
00:10:52.236 🟧 [HTTP    ] GET /api/snapshot → 200 (0ms)
00:10:52.239 🟧 [HTTP    ] GET /api/live_sessions/active → 200 (0ms)
00:10:52.249 🟧 [HTTP    ] GET /api/usage/stats → 200 (10ms)
00:10:52.252 🟧 [HTTP    ] GET /api/tasks → 200 (15ms)
00:10:55.267 🟧 [HTTP    ] GET /api/snapshot → 200 (0ms)
00:10:55.269 🟧 [HTTP    ] GET /api/live_sessions/active → 200 (0ms)
00:10:55.283 🟧 [HTTP    ] GET /api/tasks → 200 (15ms)
00:10:55.616 🟧 [HTTP    ] GET /api/snapshot → 200 (0ms)
00:10:55.628 🟧 [HTTP    ] GET /api/live_sessions/active → 200 (0ms)
00:10:55.644 🟧 [HTTP    ] GET /api/tasks → 200 (15ms)
00:10:56.029 🟧 [HTTP    ] GET /api/snapshot → 200 (0ms)
00:10:56.526 🟧 [HTTP    ] GET /api/snapshot → 200 (0ms)
00:10:56.681 🟧 [HTTP    ] GET /api/tasks → 200 (15ms)
00:10:56.688 🟧 [HTTP    ] GET /api/tasks → 200 (3ms)
00:10:57.027 🟧 [HTTP    ] GET /api/snapshot → 200 (0ms)
00:10:57.527 🟧 [HTTP    ] GET /api/snapshot → 200 (0ms)
00:10:57.714 🟧 [HTTP    ] GET /api/live_sessions/active → 200 (0ms)
00:10:57.728 🟧 [HTTP    ] GET /api/tasks → 200 (14ms)
00:10:58.238 🟧 [HTTP    ] GET /api/snapshot → 200 (0ms)
00:10:58.527 🟧 [HTTP    ] GET /api/snapshot → 200 (0ms)
00:10:58.642 🟧 [HTTP    ] GET /api/tasks → 200 (13ms)
00:10:59.027 🟧 [HTTP    ] GET /api/snapshot → 200 (0ms)
00:10:59.528 🟧 [HTTP    ] GET /api/snapshot → 200 (0ms)
00:10:59.627 🟧 [HTTP    ] GET /api/live_sessions/active → 200 (0ms)
00:10:59.641 🟧 [HTTP    ] GET /api/tasks → 200 (15ms)
00:11:00.046 🟧 [HTTP    ] GET /api/snapshot → 200 (0ms)
00:11:01.229 🟧 [HTTP    ] GET /api/snapshot → 200 (0ms)
00:11:01.246 🟧 [HTTP    ] GET /api/tasks → 200 (16ms)
00:11:01.692 🟧 [HTTP    ] GET /api/snapshot → 200 (0ms)
00:11:01.693 🟧 [HTTP    ] GET /api/live_sessions/active → 200 (0ms)
00:11:01.707 🟧 [HTTP    ] GET /api/tasks → 200 (13ms)
00:11:02.028 🟧 [HTTP    ] GET /api/snapshot → 200 (0ms)
00:11:02.527 🟧 [HTTP    ] GET /api/snapshot → 200 (0ms)
00:11:02.640 🟧 [HTTP    ] GET /api/tasks → 200 (14ms)
00:11:03.026 🟧 [HTTP    ] GET /api/snapshot → 200 (0ms)
00:11:03.530 🟧 [HTTP    ] GET /api/snapshot → 200 (0ms)
00:11:03.629 🟧 [HTTP    ] GET /api/live_sessions/active → 200 (0ms)
00:11:03.647 🟧 [HTTP    ] GET /api/tasks → 200 (16ms)
00:11:03.972 🟧 [HTTP    ] GET /api/tasks → 200 (7ms)
00:11:04.029 🟧 [HTTP    ] GET /api/snapshot → 200 (0ms)
00:11:04.531 🟧 [HTTP    ] GET /api/snapshot → 200 (0ms)
00:11:04.654 🟧 [HTTP    ] GET /api/tasks → 200 (16ms)
00:11:05.054 🟧 [HTTP    ] GET /api/snapshot → 200 (0ms)
00:11:05.580 🟧 [HTTP    ] GET /api/snapshot → 200 (0ms)
00:11:05.630 🟧 [HTTP    ] GET /api/live_sessions/active → 200 (0ms)
00:11:05.644 🟧 [HTTP    ] GET /api/tasks → 200 (15ms)
00:11:06.102 🟧 [HTTP    ] GET /api/snapshot → 200 (0ms)
00:11:06.528 🟧 [HTTP    ] GET /api/snapshot → 200 (0ms)
00:11:06.648 🟧 [HTTP    ] GET /api/tasks → 200 (17ms)
00:11:07.028 🟧 [HTTP    ] GET /api/snapshot → 200 (0ms)
00:11:07.525 🟧 [HTTP    ] GET /api/snapshot → 200 (0ms)
00:11:07.676 🟧 [HTTP    ] GET /api/live_sessions/active → 200 (0ms)
00:11:07.697 🟧 [HTTP    ] GET /api/tasks → 200 (22ms)
00:11:08.029 🟧 [HTTP    ] GET /api/snapshot → 200 (0ms)
00:11:08.524 🟧 [HTTP    ] GET /api/snapshot → 200 (0ms)
00:11:08.645 🟧 [HTTP    ] GET /api/tasks → 200 (14ms)
00:11:09.031 🟧 [HTTP    ] GET /api/snapshot → 200 (0ms)
00:11:09.559 🟧 [HTTP    ] GET /api/snapshot → 200 (0ms)
00:11:09.628 🟧 [HTTP    ] GET /api/live_sessions/active → 200 (0ms)
00:11:09.642 🟧 [HTTP    ] GET /api/tasks → 200 (13ms)
00:11:10.028 🟧 [HTTP    ] GET /api/snapshot → 200 (0ms)
00:11:10.526 🟧 [HTTP    ] GET /api/snapshot → 200 (0ms)
00:11:10.641 🟧 [HTTP    ] GET /api/tasks → 200 (14ms)
00:11:11.030 🟧 [HTTP    ] GET /api/snapshot → 200 (0ms)
00:11:11.525 🟧 [HTTP    ] GET /api/snapshot → 200 (0ms)
00:11:11.624 🟧 [HTTP    ] GET /api/live_sessions/active → 200 (0ms)
00:11:11.642 🟧 [HTTP    ] GET /api/tasks → 200 (17ms)
00:11:12.030 🟧 [HTTP    ] GET /api/snapshot → 200 (0ms)
00:11:12.524 🟧 [HTTP    ] GET /api/snapshot → 200 (0ms)
00:11:12.657 🟧 [HTTP    ] GET /api/tasks → 200 (27ms)
00:11:13.027 🟧 [HTTP    ] GET /api/snapshot → 200 (0ms)
00:11:13.524 🟧 [HTTP    ] GET /api/snapshot → 200 (0ms)
00:11:13.624 🟧 [HTTP    ] GET /api/live_sessions/active → 200 (0ms)
00:11:13.639 🟧 [HTTP    ] GET /api/tasks → 200 (14ms)
00:11:14.027 🟧 [HTTP    ] GET /api/snapshot → 200 (0ms)
00:11:14.527 🟧 [HTTP    ] GET /api/snapshot → 200 (0ms)
00:11:14.640 🟧 [HTTP    ] GET /api/tasks → 200 (17ms)
00:11:15.223 🟧 [HTTP    ] GET /api/snapshot → 200 (0ms)
00:11:16.231 🟧 [HTTP    ] GET /api/snapshot → 200 (0ms)
00:11:16.232 🟧 [HTTP    ] GET /api/live_sessions/active → 200 (0ms)
00:11:16.244 🟧 [HTTP    ] GET /api/usage/stats → 200 (10ms)
00:11:16.252 🟧 [HTTP    ] GET /api/tasks → 200 (17ms)
00:11:16.587 🟧 [HTTP    ] GET /api/snapshot → 200 (0ms)
00:11:16.641 🟧 [HTTP    ] GET /api/tasks → 200 (14ms)
00:11:17.112 🟧 [HTTP    ] GET /api/snapshot → 200 (0ms)
00:11:17.527 🟧 [HTTP    ] GET /api/snapshot → 200 (0ms)
00:11:17.635 🟧 [HTTP    ] GET /api/live_sessions/active → 200 (0ms)
00:11:17.657 🟧 [HTTP    ] GET /api/tasks → 200 (21ms)
00:11:18.227 🟧 [HTTP    ] GET /api/snapshot → 200 (0ms)
00:11:19.229 🟧 [HTTP    ] GET /api/snapshot → 200 (0ms)
00:11:19.244 🟧 [HTTP    ] GET /api/tasks → 200 (14ms)
00:11:20.260 🟧 [HTTP    ] GET /api/live_sessions/active → 200 (0ms)
00:11:20.262 🟧 [HTTP    ] GET /api/snapshot → 200 (0ms)
00:11:20.273 🟧 [HTTP    ] GET /api/tasks → 200 (12ms)
00:11:21.307 🟧 [HTTP    ] GET /api/snapshot → 200 (0ms)
00:11:21.350 🟧 [HTTP    ] GET /api/tasks → 200 (39ms)
00:11:22.231 🟧 [HTTP    ] GET /api/snapshot → 200 (0ms)
00:11:22.232 🟧 [HTTP    ] GET /api/live_sessions/active → 200 (0ms)
00:11:22.247 🟧 [HTTP    ] GET /api/tasks → 200 (14ms)
00:11:23.228 🟧 [HTTP    ] GET /api/snapshot → 200 (0ms)
00:11:23.245 🟧 [HTTP    ] GET /api/tasks → 200 (16ms)
00:11:24.232 🟧 [HTTP    ] GET /api/snapshot → 200 (0ms)
00:11:24.234 🟧 [HTTP    ] GET /api/live_sessions/active → 200 (0ms)
00:11:24.248 🟧 [HTTP    ] GET /api/tasks → 200 (15ms)
00:11:25.231 🟧 [HTTP    ] GET /api/snapshot → 200 (0ms)
00:11:25.247 🟧 [HTTP    ] GET /api/tasks → 200 (14ms)
00:11:26.226 🟧 [HTTP    ] GET /api/live_sessions/active → 200 (0ms)
00:11:26.227 🟧 [HTTP    ] GET /api/snapshot → 200 (0ms)
00:11:26.243 🟧 [HTTP    ] GET /api/tasks → 200 (15ms)
00:11:27.230 🟧 [HTTP    ] GET /api/snapshot → 200 (0ms)
00:11:27.245 🟧 [HTTP    ] GET /api/tasks → 200 (14ms)
00:11:28.230 🟧 [HTTP    ] GET /api/snapshot → 200 (0ms)
00:11:28.232 🟧 [HTTP    ] GET /api/live_sessions/active → 200 (0ms)
00:11:28.247 🟧 [HTTP    ] GET /api/tasks → 200 (18ms)
00:11:29.225 🟧 [HTTP    ] GET /api/snapshot → 200 (0ms)
00:11:29.240 🟧 [HTTP    ] GET /api/tasks → 200 (14ms)
00:11:30.228 🟧 [HTTP    ] GET /api/snapshot → 200 (0ms)
00:11:30.230 🟧 [HTTP    ] GET /api/live_sessions/active → 200 (0ms)
00:11:30.246 🟧 [HTTP    ] GET /api/tasks → 200 (15ms)
00:11:31.267 🟧 [HTTP    ] GET /api/snapshot → 200 (0ms)
00:11:31.284 🟧 [HTTP    ] GET /api/tasks → 200 (16ms)
00:11:32.226 🟧 [HTTP    ] GET /api/snapshot → 200 (0ms)
00:11:32.227 🟧 [HTTP    ] GET /api/live_sessions/active → 200 (0ms)
00:11:32.241 🟧 [HTTP    ] GET /api/tasks → 200 (14ms)
00:11:33.230 🟧 [HTTP    ] GET /api/snapshot → 200 (0ms)
00:11:33.245 🟧 [HTTP    ] GET /api/tasks → 200 (14ms)
00:11:34.226 🟧 [HTTP    ] GET /api/snapshot → 200 (0ms)
00:11:34.226 🟧 [HTTP    ] GET /api/live_sessions/active → 200 (0ms)
00:11:34.241 🟧 [HTTP    ] GET /api/tasks → 200 (14ms)
00:11:35.229 🟧 [HTTP    ] GET /api/snapshot → 200 (0ms)
00:11:35.245 🟧 [HTTP    ] GET /api/tasks → 200 (14ms)
00:11:36.229 🟧 [HTTP    ] GET /api/snapshot → 200 (0ms)
00:11:36.231 🟧 [HTTP    ] GET /api/live_sessions/active → 200 (0ms)
00:11:36.243 🟧 [HTTP    ] GET /api/tasks → 200 (15ms)
00:11:37.231 🟧 [HTTP    ] GET /api/snapshot → 200 (0ms)
00:11:37.247 🟧 [HTTP    ] GET /api/tasks → 200 (15ms)
00:11:38.224 🟧 [HTTP    ] GET /api/snapshot → 200 (0ms)
00:11:38.225 🟧 [HTTP    ] GET /api/live_sessions/active → 200 (0ms)
00:11:38.244 🟧 [HTTP    ] GET /api/tasks → 200 (17ms)
00:11:39.225 🟧 [HTTP    ] GET /api/snapshot → 200 (0ms)
00:11:39.239 🟧 [HTTP    ] GET /api/tasks → 200 (13ms)
00:11:40.227 🟧 [HTTP    ] GET /api/snapshot → 200 (0ms)
00:11:40.228 🟧 [HTTP    ] GET /api/live_sessions/active → 200 (0ms)
00:11:40.244 🟧 [HTTP    ] GET /api/tasks → 200 (15ms)
00:11:41.235 🟧 [HTTP    ] GET /api/snapshot → 200 (0ms)
00:11:41.248 🟧 [HTTP    ] GET /api/tasks → 200 (14ms)
00:11:42.277 🟧 [HTTP    ] GET /api/live_sessions/active → 200 (0ms)
00:11:42.278 🟧 [HTTP    ] GET /api/snapshot → 200 (0ms)
00:11:42.294 🟧 [HTTP    ] GET /api/tasks → 200 (14ms)
00:11:43.230 🟧 [HTTP    ] GET /api/snapshot → 200 (0ms)
00:11:43.246 🟧 [HTTP    ] GET /api/tasks → 200 (15ms)
00:11:44.223 🟧 [HTTP    ] GET /api/snapshot → 200 (0ms)
00:11:44.224 🟧 [HTTP    ] GET /api/live_sessions/active → 200 (0ms)
00:11:44.244 🟧 [HTTP    ] GET /api/tasks → 200 (15ms)
00:11:45.224 🟧 [HTTP    ] GET /api/snapshot → 200 (0ms)
00:11:45.241 🟧 [HTTP    ] GET /api/tasks → 200 (16ms)
00:11:46.227 🟧 [HTTP    ] GET /api/live_sessions/active → 200 (0ms)
00:11:46.230 🟧 [HTTP    ] GET /api/snapshot → 200 (0ms)
00:11:46.235 🟧 [HTTP    ] GET /api/usage/stats → 200 (8ms)
00:11:46.243 🟧 [HTTP    ] GET /api/tasks → 200 (14ms)
00:11:47.225 🟧 [HTTP    ] GET /api/snapshot → 200 (0ms)
00:11:47.234 🟧 [HTTP    ] GET /api/tasks → 200 (8ms)
00:11:48.225 🟧 [HTTP    ] GET /api/snapshot → 200 (0ms)
00:11:48.226 🟧 [HTTP    ] GET /api/live_sessions/active → 200 (0ms)
00:11:48.241 🟧 [HTTP    ] GET /api/tasks → 200 (18ms)
00:11:49.227 🟧 [HTTP    ] GET /api/snapshot → 200 (0ms)
00:11:49.241 🟧 [HTTP    ] GET /api/tasks → 200 (15ms)
00:11:50.227 🟧 [HTTP    ] GET /api/snapshot → 200 (0ms)
00:11:50.228 🟧 [HTTP    ] GET /api/live_sessions/active → 200 (0ms)
00:11:50.240 🟧 [HTTP    ] GET /api/tasks → 200 (11ms)
00:11:51.231 🟧 [HTTP    ] GET /api/snapshot → 200 (0ms)
00:11:51.245 🟧 [HTTP    ] GET /api/tasks → 200 (15ms)
00:11:52.237 🟧 [HTTP    ] GET /api/snapshot → 200 (0ms)
00:11:52.238 🟧 [HTTP    ] GET /api/live_sessions/active → 200 (0ms)
00:11:52.257 🟧 [HTTP    ] GET /api/tasks → 200 (18ms)
00:11:53.287 🟧 [HTTP    ] GET /api/snapshot → 200 (0ms)
00:11:53.302 🟧 [HTTP    ] GET /api/tasks → 200 (15ms)
00:11:54.230 🟧 [HTTP    ] GET /api/snapshot → 200 (0ms)
00:11:54.232 🟧 [HTTP    ] GET /api/live_sessions/active → 200 (0ms)
00:11:54.245 🟧 [HTTP    ] GET /api/tasks → 200 (16ms)
00:11:55.226 🟧 [HTTP    ] GET /api/snapshot → 200 (0ms)
00:11:55.242 🟧 [HTTP    ] GET /api/tasks → 200 (14ms)
00:11:56.226 🟧 [HTTP    ] GET /api/live_sessions/active → 200 (0ms)
00:11:56.228 🟧 [HTTP    ] GET /api/snapshot → 200 (0ms)
00:11:56.242 🟧 [HTTP    ] GET /api/tasks → 200 (15ms)
00:11:57.225 🟧 [HTTP    ] GET /api/snapshot → 200 (0ms)
00:11:57.240 🟧 [HTTP    ] GET /api/tasks → 200 (14ms)
00:11:58.226 🟧 [HTTP    ] GET /api/snapshot → 200 (0ms)
00:11:58.228 🟧 [HTTP    ] GET /api/live_sessions/active → 200 (0ms)
00:11:58.269 🟧 [HTTP    ] GET /api/tasks → 200 (42ms)
00:11:59.226 🟧 [HTTP    ] GET /api/snapshot → 200 (0ms)
00:11:59.243 🟧 [HTTP    ] GET /api/tasks → 200 (18ms)
