00:15:38.753 🟧 [HTTP    ] GET /api/tasks → 200 (4ms)
00:15:38.769 🩵 [TASK    ] [eaf2e685] ACTION [cli] — edit
00:15:38.770 🟧 [HTTP    ] POST /task_log_action → 200 (15ms)
00:15:38.813 🩵 [TASK    ] [eaf2e685] ACTION [cli] — edit
00:15:38.813 🟧 [HTTP    ] POST /task_log_action → 200 (20ms)
00:15:38.835 🩵 [TASK    ] [eaf2e685] ACTION [cli] — edit
00:15:38.845 🟧 [HTTP    ] POST /task_log_action → 200 (46ms)
00:15:38.915 🩵 [TASK    ] [eaf2e685] ACTION [cli] — edit
00:15:38.915 🟧 [HTTP    ] POST /task_log_action → 200 (45ms)
00:15:38.936 🩵 [TASK    ] [eaf2e685] ACTION [cli] — edit
00:15:38.937 🟧 [HTTP    ] POST /task_log_action → 200 (49ms)
00:15:38.970 🩵 [TASK    ] [eaf2e685] ACTION [cli] — edit
00:15:38.971 🟧 [HTTP    ] POST /task_log_action → 200 (17ms)
00:20:26.010 🟧 [HTTP    ] GET /api/tasks → 200 (9ms)
00:20:26.063 🩵 [TASK    ] [c5664c1b] ACTION [cli] — session_status
00:20:26.064 🟧 [HTTP    ] POST /task_log_action → 200 (51ms)
00:21:14.723 🟧 [HTTP    ] GET /api/tasks → 200 (4ms)
00:21:14.741 🩵 [TASK    ] [c5664c1b] ACTION [cli] — agents_list
00:21:14.741 🟧 [HTTP    ] POST /task_log_action → 200 (15ms)
00:23:00.872 🟧 [HTTP    ] GET /api/tasks → 200 (4ms)
00:23:00.891 🩵 [TASK    ] [c5664c1b] ACTION [cli] — gateway
00:23:00.892 🟧 [HTTP    ] POST /task_log_action → 200 (17ms)
00:23:29.392 🟧 [HTTP    ] GET /api/tasks → 200 (3ms)
00:23:29.407 🩵 [TASK    ] [c5664c1b] ACTION [cli] — exec
00:23:29.407 🟧 [HTTP    ] POST /task_log_action → 200 (14ms)
00:23:31.996 🩵 [TASK    ] [c5664c1b] ACTION [cli] — read
00:23:31.997 🟧 [HTTP    ] POST /task_log_action → 200 (53ms)
00:15:23.227 🟧 [HTTP    ] GET /api/snapshot → 200 (0ms)
00:15:23.240 🟧 [HTTP    ] GET /api/tasks → 200 (11ms)
00:15:24.226 🟧 [HTTP    ] GET /api/live_sessions/active → 200 (0ms)
00:15:24.227 🟧 [HTTP    ] GET /api/snapshot → 200 (0ms)
00:15:24.243 🟧 [HTTP    ] GET /api/tasks → 200 (14ms)
00:15:25.230 🟧 [HTTP    ] GET /api/snapshot → 200 (0ms)
00:15:25.245 🟧 [HTTP    ] GET /api/tasks → 200 (15ms)
00:15:26.233 🟧 [HTTP    ] GET /api/snapshot → 200 (0ms)
00:15:26.234 🟧 [HTTP    ] GET /api/live_sessions/active → 200 (0ms)
00:15:26.250 🟧 [HTTP    ] GET /api/tasks → 200 (15ms)
00:15:27.228 🟧 [HTTP    ] GET /api/snapshot → 200 (0ms)
00:15:27.243 🟧 [HTTP    ] GET /api/tasks → 200 (14ms)
00:15:28.239 🟧 [HTTP    ] GET /api/live_sessions/active → 200 (0ms)
00:15:28.240 🟧 [HTTP    ] GET /api/snapshot → 200 (0ms)
00:15:28.255 🟧 [HTTP    ] GET /api/tasks → 200 (15ms)
00:15:29.286 🟧 [HTTP    ] GET /api/snapshot → 200 (0ms)
00:15:29.298 🟧 [HTTP    ] GET /api/tasks → 200 (11ms)
00:15:30.229 🟧 [HTTP    ] GET /api/snapshot → 200 (0ms)
00:15:30.241 🟧 [HTTP    ] GET /api/live_sessions/active → 200 (0ms)
00:15:30.265 🟧 [HTTP    ] GET /api/tasks → 200 (28ms)
00:15:31.232 🟧 [HTTP    ] GET /api/snapshot → 200 (0ms)
00:15:31.249 🟧 [HTTP    ] GET /api/tasks → 200 (15ms)
00:15:32.233 🟧 [HTTP    ] GET /api/live_sessions/active → 200 (0ms)
00:15:32.234 🟧 [HTTP    ] GET /api/snapshot → 200 (0ms)
00:15:32.246 🟧 [HTTP    ] GET /api/tasks → 200 (11ms)
00:15:33.228 🟧 [HTTP    ] GET /api/snapshot → 200 (0ms)
00:15:33.241 🟧 [HTTP    ] GET /api/tasks → 200 (12ms)
00:15:34.227 🟧 [HTTP    ] GET /api/snapshot → 200 (0ms)
00:15:34.228 🟧 [HTTP    ] GET /api/live_sessions/active → 200 (0ms)
00:15:34.241 🟧 [HTTP    ] GET /api/tasks → 200 (12ms)
00:15:35.232 🟧 [HTTP    ] GET /api/snapshot → 200 (0ms)
00:15:35.241 🟧 [HTTP    ] GET /api/tasks → 200 (8ms)
00:15:36.225 🟧 [HTTP    ] GET /api/snapshot → 200 (0ms)
00:15:36.228 🟧 [HTTP    ] GET /api/live_sessions/active → 200 (0ms)
00:15:36.243 🟧 [HTTP    ] GET /api/tasks → 200 (16ms)
00:15:37.227 🟧 [HTTP    ] GET /api/snapshot → 200 (0ms)
00:15:37.244 🟧 [HTTP    ] GET /api/tasks → 200 (16ms)
00:15:38.226 🟧 [HTTP    ] GET /api/live_sessions/active → 200 (0ms)
00:15:38.229 🟧 [HTTP    ] GET /api/snapshot → 200 (0ms)
00:15:38.280 🟧 [HTTP    ] GET /api/tasks → 200 (43ms)
00:15:39.247 🟧 [HTTP    ] GET /api/snapshot → 200 (0ms)
00:15:39.262 🟧 [HTTP    ] GET /api/tasks → 200 (14ms)
00:15:40.296 🟧 [HTTP    ] GET /api/snapshot → 200 (0ms)
00:15:40.297 🟧 [HTTP    ] GET /api/live_sessions/active → 200 (0ms)
00:15:40.312 🟧 [HTTP    ] GET /api/tasks → 200 (14ms)
00:15:41.230 🟧 [HTTP    ] GET /api/snapshot → 200 (0ms)
00:15:41.240 🟧 [HTTP    ] GET /api/tasks → 200 (10ms)
00:15:41.354 🟧 [HTTP    ] GET /api/tasks → 200 (17ms)
00:15:42.224 🟧 [HTTP    ] GET /api/snapshot → 200 (0ms)
00:15:42.226 🟧 [HTTP    ] GET /api/live_sessions/active → 200 (0ms)
00:15:42.240 🟧 [HTTP    ] GET /api/tasks → 200 (15ms)
00:15:43.230 🟧 [HTTP    ] GET /api/snapshot → 200 (0ms)
00:15:43.250 🟧 [HTTP    ] GET /api/tasks → 200 (18ms)
00:15:44.227 🟧 [HTTP    ] GET /api/live_sessions/active → 200 (0ms)
00:15:44.228 🟧 [HTTP    ] GET /api/snapshot → 200 (0ms)
00:15:44.243 🟧 [HTTP    ] GET /api/tasks → 200 (14ms)
00:15:45.228 🟧 [HTTP    ] GET /api/snapshot → 200 (0ms)
00:15:45.246 🟧 [HTTP    ] GET /api/tasks → 200 (18ms)
00:15:46.234 🟧 [HTTP    ] GET /api/snapshot → 200 (0ms)
00:15:46.237 🟧 [HTTP    ] GET /api/live_sessions/active → 200 (0ms)
00:15:46.246 🟧 [HTTP    ] GET /api/usage/stats → 200 (11ms)
00:15:46.250 🟧 [HTTP    ] GET /api/tasks → 200 (13ms)
00:15:47.228 🟧 [HTTP    ] GET /api/snapshot → 200 (0ms)
00:15:47.243 🟧 [HTTP    ] GET /api/tasks → 200 (15ms)
00:15:48.229 🟧 [HTTP    ] GET /api/snapshot → 200 (0ms)
00:15:48.230 🟧 [HTTP    ] GET /api/live_sessions/active → 200 (0ms)
00:15:48.245 🟧 [HTTP    ] GET /api/tasks → 200 (11ms)
00:15:49.225 🟧 [HTTP    ] GET /api/snapshot → 200 (0ms)
00:15:49.242 🟧 [HTTP    ] GET /api/tasks → 200 (17ms)
00:15:50.258 🟧 [HTTP    ] GET /api/snapshot → 200 (0ms)
00:15:50.264 🟧 [HTTP    ] GET /api/live_sessions/active → 200 (0ms)
00:15:50.280 🟧 [HTTP    ] GET /api/tasks → 200 (22ms)
00:15:51.305 🟧 [HTTP    ] GET /api/snapshot → 200 (0ms)
00:15:51.328 🟧 [HTTP    ] GET /api/tasks → 200 (24ms)
00:15:52.250 🟧 [HTTP    ] GET /api/snapshot → 200 (0ms)
00:15:52.251 🟧 [HTTP    ] GET /api/live_sessions/active → 200 (0ms)
00:15:52.268 🟧 [HTTP    ] GET /api/tasks → 200 (16ms)
00:15:53.228 🟧 [HTTP    ] GET /api/snapshot → 200 (0ms)
00:15:53.245 🟧 [HTTP    ] GET /api/tasks → 200 (16ms)
00:15:54.230 🟧 [HTTP    ] GET /api/snapshot → 200 (0ms)
00:15:54.231 🟧 [HTTP    ] GET /api/live_sessions/active → 200 (0ms)
00:15:54.240 🟧 [HTTP    ] GET /api/tasks → 200 (8ms)
00:15:55.227 🟧 [HTTP    ] GET /api/snapshot → 200 (0ms)
00:15:55.244 🟧 [HTTP    ] GET /api/tasks → 200 (16ms)
00:15:56.229 🟧 [HTTP    ] GET /api/snapshot → 200 (0ms)
00:15:56.232 🟧 [HTTP    ] GET /api/live_sessions/active → 200 (0ms)
00:15:56.248 🟧 [HTTP    ] GET /api/tasks → 200 (18ms)
00:15:57.227 🟧 [HTTP    ] GET /api/snapshot → 200 (0ms)
00:15:57.252 🟧 [HTTP    ] GET /api/tasks → 200 (14ms)
00:15:58.225 🟧 [HTTP    ] GET /api/snapshot → 200 (0ms)
00:15:58.226 🟧 [HTTP    ] GET /api/live_sessions/active → 200 (0ms)
00:15:58.241 🟧 [HTTP    ] GET /api/tasks → 200 (14ms)
00:15:59.231 🟧 [HTTP    ] GET /api/snapshot → 200 (0ms)
00:15:59.276 🟧 [HTTP    ] GET /api/tasks → 200 (43ms)
00:16:00.229 🟧 [HTTP    ] GET /api/snapshot → 200 (0ms)
00:16:00.230 🟧 [HTTP    ] GET /api/live_sessions/active → 200 (0ms)
00:16:00.247 🟧 [HTTP    ] GET /api/tasks → 200 (16ms)
00:16:01.267 🟧 [HTTP    ] GET /api/snapshot → 200 (0ms)
00:16:01.282 🟧 [HTTP    ] GET /api/tasks → 200 (14ms)
00:16:01.394 🟧 [HTTP    ] GET /api/tasks → 200 (3ms)
00:16:02.224 🟧 [HTTP    ] GET /api/snapshot → 200 (0ms)
00:16:02.225 🟧 [HTTP    ] GET /api/live_sessions/active → 200 (0ms)
00:16:02.243 🟧 [HTTP    ] GET /api/tasks → 200 (17ms)
00:16:03.231 🟧 [HTTP    ] GET /api/snapshot → 200 (0ms)
00:16:03.247 🟧 [HTTP    ] GET /api/tasks → 200 (15ms)
00:16:04.231 🟧 [HTTP    ] GET /api/live_sessions/active → 200 (0ms)
00:16:04.232 🟧 [HTTP    ] GET /api/snapshot → 200 (0ms)
00:16:04.242 🟧 [HTTP    ] GET /api/tasks → 200 (12ms)
00:16:05.230 🟧 [HTTP    ] GET /api/snapshot → 200 (0ms)
00:16:05.245 🟧 [HTTP    ] GET /api/tasks → 200 (14ms)
00:16:06.224 🟧 [HTTP    ] GET /api/snapshot → 200 (0ms)
00:16:06.225 🟧 [HTTP    ] GET /api/live_sessions/active → 200 (0ms)
00:16:06.239 🟧 [HTTP    ] GET /api/tasks → 200 (13ms)
00:16:07.230 🟧 [HTTP    ] GET /api/snapshot → 200 (0ms)
00:16:07.253 🟧 [HTTP    ] GET /api/tasks → 200 (16ms)
00:16:08.227 🟧 [HTTP    ] GET /api/live_sessions/active → 200 (0ms)
00:16:08.228 🟧 [HTTP    ] GET /api/snapshot → 200 (0ms)
00:16:08.243 🟧 [HTTP    ] GET /api/tasks → 200 (14ms)
00:16:09.225 🟧 [HTTP    ] GET /api/snapshot → 200 (0ms)
00:16:09.237 🟧 [HTTP    ] GET /api/tasks → 200 (12ms)
00:16:10.225 🟧 [HTTP    ] GET /api/snapshot → 200 (0ms)
00:16:10.227 🟧 [HTTP    ] GET /api/live_sessions/active → 200 (0ms)
00:16:10.241 🟧 [HTTP    ] GET /api/tasks → 200 (13ms)
00:16:11.229 🟧 [HTTP    ] GET /api/snapshot → 200 (0ms)
00:16:11.244 🟧 [HTTP    ] GET /api/tasks → 200 (15ms)
00:16:12.277 🟧 [HTTP    ] GET /api/live_sessions/active → 200 (0ms)
00:16:12.278 🟧 [HTTP    ] GET /api/snapshot → 200 (0ms)
00:16:12.293 🟧 [HTTP    ] GET /api/tasks → 200 (14ms)
00:16:13.230 🟧 [HTTP    ] GET /api/snapshot → 200 (0ms)
00:16:13.242 🟧 [HTTP    ] GET /api/tasks → 200 (12ms)
00:16:17.674 🟧 [HTTP    ] GET /api/tasks → 200 (2ms)
00:16:26.065 🟧 [HTTP    ] GET /api/tasks → 200 (3ms)
00:16:30.847 🟧 [HTTP    ] GET /api/tasks → 200 (3ms)
00:16:39.872 🟧 [HTTP    ] GET /api/snapshot → 200 (0ms)
00:16:39.873 🟧 [HTTP    ] GET /api/live_sessions/active → 200 (0ms)
00:16:39.886 🟧 [HTTP    ] GET /api/usage/stats → 200 (11ms)
00:16:39.893 🟧 [HTTP    ] GET /api/tasks → 200 (19ms)
00:16:40.063 🟧 [HTTP    ] GET /api/snapshot → 200 (0ms)
00:16:40.588 🟧 [HTTP    ] GET /api/snapshot → 200 (0ms)
00:16:40.641 🟧 [HTTP    ] GET /api/tasks → 200 (14ms)
00:16:41.111 🟧 [HTTP    ] GET /api/snapshot → 200 (0ms)
00:16:41.537 🟧 [HTTP    ] GET /api/snapshot → 200 (0ms)
00:16:41.636 🟧 [HTTP    ] GET /api/live_sessions/active → 200 (0ms)
00:16:41.682 🟧 [HTTP    ] GET /api/tasks → 200 (45ms)
00:16:42.024 🟧 [HTTP    ] GET /api/snapshot → 200 (0ms)
00:16:42.527 🟧 [HTTP    ] GET /api/snapshot → 200 (0ms)
00:16:42.699 🟧 [HTTP    ] GET /api/tasks → 200 (14ms)
00:16:43.025 🟧 [HTTP    ] GET /api/snapshot → 200 (0ms)
00:16:43.530 🟧 [HTTP    ] GET /api/snapshot → 200 (0ms)
00:16:43.624 🟧 [HTTP    ] GET /api/live_sessions/active → 200 (0ms)
00:16:43.643 🟧 [HTTP    ] GET /api/tasks → 200 (18ms)
00:16:44.027 🟧 [HTTP    ] GET /api/snapshot → 200 (0ms)
00:16:44.530 🟧 [HTTP    ] GET /api/snapshot → 200 (0ms)
00:16:44.646 🟧 [HTTP    ] GET /api/tasks → 200 (17ms)
00:16:45.027 🟧 [HTTP    ] GET /api/snapshot → 200 (0ms)
00:16:46.226 🟧 [HTTP    ] GET /api/snapshot → 200 (0ms)
00:16:46.229 🟧 [HTTP    ] GET /api/live_sessions/active → 200 (0ms)
00:16:46.238 🟧 [HTTP    ] GET /api/usage/stats → 200 (11ms)
00:16:46.247 🟧 [HTTP    ] GET /api/tasks → 200 (18ms)
00:16:46.383 🟧 [HTTP    ] GET /api/tasks → 200 (3ms)
00:16:47.228 🟧 [HTTP    ] GET /api/snapshot → 200 (0ms)
00:16:47.285 🟧 [HTTP    ] GET /api/tasks → 200 (50ms)
00:16:48.225 🟧 [HTTP    ] GET /api/snapshot → 200 (0ms)
00:16:48.226 🟧 [HTTP    ] GET /api/live_sessions/active → 200 (0ms)
00:16:48.241 🟧 [HTTP    ] GET /api/tasks → 200 (14ms)
00:16:49.233 🟧 [HTTP    ] GET /api/snapshot → 200 (0ms)
00:16:49.249 🟧 [HTTP    ] GET /api/tasks → 200 (15ms)
00:16:50.229 🟧 [HTTP    ] GET /api/snapshot → 200 (0ms)
00:16:50.231 🟧 [HTTP    ] GET /api/live_sessions/active → 200 (0ms)
00:16:50.245 🟧 [HTTP    ] GET /api/tasks → 200 (15ms)
00:16:51.228 🟧 [HTTP    ] GET /api/snapshot → 200 (0ms)
00:16:51.244 🟧 [HTTP    ] GET /api/tasks → 200 (16ms)
00:16:52.244 🟧 [HTTP    ] GET /api/snapshot → 200 (0ms)
00:16:52.244 🟧 [HTTP    ] GET /api/live_sessions/active → 200 (0ms)
00:16:52.266 🟧 [HTTP    ] GET /api/tasks → 200 (20ms)
00:16:53.225 🟧 [HTTP    ] GET /api/snapshot → 200 (0ms)
00:16:53.244 🟧 [HTTP    ] GET /api/tasks → 200 (17ms)
00:16:54.227 🟧 [HTTP    ] GET /api/snapshot → 200 (0ms)
00:16:54.229 🟧 [HTTP    ] GET /api/live_sessions/active → 200 (0ms)
00:16:54.244 🟧 [HTTP    ] GET /api/tasks → 200 (14ms)
00:16:55.267 🟧 [HTTP    ] GET /api/snapshot → 200 (0ms)
00:16:55.282 🟧 [HTTP    ] GET /api/tasks → 200 (14ms)
00:16:56.225 🟧 [HTTP    ] GET /api/live_sessions/active → 200 (0ms)
00:16:56.227 🟧 [HTTP    ] GET /api/snapshot → 200 (0ms)
00:16:56.240 🟧 [HTTP    ] GET /api/tasks → 200 (15ms)
00:16:57.233 🟧 [HTTP    ] GET /api/snapshot → 200 (0ms)
00:16:57.246 🟧 [HTTP    ] GET /api/tasks → 200 (14ms)
00:16:57.750 🟧 [HTTP    ] GET /api/tasks → 200 (3ms)
00:16:58.226 🟧 [HTTP    ] GET /api/snapshot → 200 (0ms)
00:16:58.226 🟧 [HTTP    ] GET /api/live_sessions/active → 200 (0ms)
00:16:58.239 🟧 [HTTP    ] GET /api/tasks → 200 (10ms)
00:16:59.227 🟧 [HTTP    ] GET /api/snapshot → 200 (0ms)
00:16:59.241 🟧 [HTTP    ] GET /api/tasks → 200 (15ms)
00:17:00.224 🟧 [HTTP    ] GET /api/snapshot → 200 (0ms)
00:17:00.225 🟧 [HTTP    ] GET /api/live_sessions/active → 200 (0ms)
00:17:00.241 🟧 [HTTP    ] GET /api/tasks → 200 (15ms)
00:17:01.226 🟧 [HTTP    ] GET /api/snapshot → 200 (0ms)
00:17:01.240 🟧 [HTTP    ] GET /api/tasks → 200 (14ms)
00:17:01.559 🟧 [HTTP    ] GET /api/snapshot → 200 (0ms)
00:17:01.628 🟧 [HTTP    ] GET /api/live_sessions/active → 200 (0ms)
00:17:01.643 🟧 [HTTP    ] GET /api/tasks → 200 (14ms)
00:17:02.083 🟧 [HTTP    ] GET /api/snapshot → 200 (0ms)
00:17:02.618 🟧 [HTTP    ] GET /api/snapshot → 200 (0ms)
00:17:02.638 🟧 [HTTP    ] GET /api/tasks → 200 (12ms)
00:17:03.039 🟧 [HTTP    ] GET /api/snapshot → 200 (0ms)
00:17:03.531 🟧 [HTTP    ] GET /api/snapshot → 200 (0ms)
00:17:03.659 🟧 [HTTP    ] GET /api/live_sessions/active → 200 (0ms)
00:17:03.673 🟧 [HTTP    ] GET /api/tasks → 200 (14ms)
00:17:04.033 🟧 [HTTP    ] GET /api/snapshot → 200 (0ms)
00:17:04.529 🟧 [HTTP    ] GET /api/snapshot → 200 (0ms)
00:17:04.719 🟧 [HTTP    ] GET /api/tasks → 200 (14ms)
00:17:04.778 🟧 [HTTP    ] GET /api/tasks → 200 (3ms)
00:17:05.029 🟧 [HTTP    ] GET /api/snapshot → 200 (0ms)
00:17:05.526 🟧 [HTTP    ] GET /api/snapshot → 200 (0ms)
00:17:05.630 🟧 [HTTP    ] GET /api/live_sessions/active → 200 (0ms)
00:17:05.674 🟧 [HTTP    ] GET /api/tasks → 200 (43ms)
00:17:06.035 🟧 [HTTP    ] GET /api/snapshot → 200 (0ms)
00:17:06.526 🟧 [HTTP    ] GET /api/snapshot → 200 (0ms)
00:17:06.642 🟧 [HTTP    ] GET /api/tasks → 200 (14ms)
00:17:07.025 🟧 [HTTP    ] GET /api/snapshot → 200 (0ms)
00:17:07.526 🟧 [HTTP    ] GET /api/snapshot → 200 (0ms)
00:17:07.625 🟧 [HTTP    ] GET /api/live_sessions/active → 200 (0ms)
00:17:07.642 🟧 [HTTP    ] GET /api/tasks → 200 (16ms)
00:17:08.225 🟧 [HTTP    ] GET /api/snapshot → 200 (0ms)
00:17:09.230 🟧 [HTTP    ] GET /api/snapshot → 200 (0ms)
00:17:09.245 🟧 [HTTP    ] GET /api/tasks → 200 (14ms)
00:17:10.227 🟧 [HTTP    ] GET /api/live_sessions/active → 200 (0ms)
00:17:10.228 🟧 [HTTP    ] GET /api/snapshot → 200 (0ms)
00:17:10.242 🟧 [HTTP    ] GET /api/tasks → 200 (15ms)
00:17:11.226 🟧 [HTTP    ] GET /api/snapshot → 200 (0ms)
00:17:11.242 🟧 [HTTP    ] GET /api/tasks → 200 (16ms)
00:17:12.229 🟧 [HTTP    ] GET /api/snapshot → 200 (0ms)
00:17:12.231 🟧 [HTTP    ] GET /api/live_sessions/active → 200 (0ms)
00:17:12.245 🟧 [HTTP    ] GET /api/tasks → 200 (13ms)
00:17:13.226 🟧 [HTTP    ] GET /api/snapshot → 200 (0ms)
00:17:13.239 🟧 [HTTP    ] GET /api/tasks → 200 (11ms)
00:17:14.259 🟧 [HTTP    ] GET /api/snapshot → 200 (0ms)
00:17:14.260 🟧 [HTTP    ] GET /api/live_sessions/active → 200 (0ms)
00:17:14.312 🟧 [HTTP    ] GET /api/tasks → 200 (51ms)
00:17:15.230 🟧 [HTTP    ] GET /api/snapshot → 200 (0ms)
00:17:15.244 🟧 [HTTP    ] GET /api/tasks → 200 (15ms)
00:17:16.239 🟧 [HTTP    ] GET /api/live_sessions/active → 200 (0ms)
00:17:16.241 🟧 [HTTP    ] GET /api/snapshot → 200 (0ms)
00:17:16.248 🟧 [HTTP    ] GET /api/usage/stats → 200 (8ms)
00:17:16.261 🟧 [HTTP    ] GET /api/tasks → 200 (19ms)
00:17:17.287 🟧 [HTTP    ] GET /api/snapshot → 200 (0ms)
00:17:17.302 🟧 [HTTP    ] GET /api/tasks → 200 (14ms)
00:17:18.226 🟧 [HTTP    ] GET /api/snapshot → 200 (0ms)
00:17:18.228 🟧 [HTTP    ] GET /api/live_sessions/active → 200 (0ms)
00:17:18.243 🟧 [HTTP    ] GET /api/tasks → 200 (15ms)
00:17:19.231 🟧 [HTTP    ] GET /api/snapshot → 200 (0ms)
00:17:19.247 🟧 [HTTP    ] GET /api/tasks → 200 (15ms)
00:17:20.040 🟧 [HTTP    ] GET /api/tasks → 200 (3ms)
00:17:20.226 🟧 [HTTP    ] GET /api/snapshot → 200 (0ms)
00:17:20.227 🟧 [HTTP    ] GET /api/live_sessions/active → 200 (0ms)
00:17:20.242 🟧 [HTTP    ] GET /api/tasks → 200 (14ms)
00:17:21.228 🟧 [HTTP    ] GET /api/snapshot → 200 (0ms)
00:17:21.244 🟧 [HTTP    ] GET /api/tasks → 200 (14ms)
00:17:22.229 🟧 [HTTP    ] GET /api/snapshot → 200 (0ms)
00:17:22.231 🟧 [HTTP    ] GET /api/live_sessions/active → 200 (0ms)
00:17:22.246 🟧 [HTTP    ] GET /api/tasks → 200 (14ms)
00:17:23.225 🟧 [HTTP    ] GET /api/snapshot → 200 (0ms)
00:17:23.240 🟧 [HTTP    ] GET /api/tasks → 200 (14ms)
00:17:24.231 🟧 [HTTP    ] GET /api/snapshot → 200 (0ms)
00:17:24.233 🟧 [HTTP    ] GET /api/live_sessions/active → 200 (0ms)
00:17:24.250 🟧 [HTTP    ] GET /api/tasks → 200 (17ms)
00:17:25.226 🟧 [HTTP    ] GET /api/snapshot → 200 (0ms)
00:17:25.241 🟧 [HTTP    ] GET /api/tasks → 200 (15ms)
00:17:26.230 🟧 [HTTP    ] GET /api/snapshot → 200 (0ms)
00:17:26.231 🟧 [HTTP    ] GET /api/live_sessions/active → 200 (0ms)
00:17:26.245 🟧 [HTTP    ] GET /api/tasks → 200 (14ms)
00:17:27.249 🟧 [HTTP    ] GET /api/snapshot → 200 (0ms)
00:17:27.268 🟧 [HTTP    ] GET /api/tasks → 200 (20ms)
00:17:28.298 🟧 [HTTP    ] GET /api/live_sessions/active → 200 (0ms)
00:17:28.299 🟧 [HTTP    ] GET /api/snapshot → 200 (0ms)
00:17:28.314 🟧 [HTTP    ] GET /api/tasks → 200 (14ms)
00:17:29.229 🟧 [HTTP    ] GET /api/snapshot → 200 (0ms)
00:17:29.243 🟧 [HTTP    ] GET /api/tasks → 200 (15ms)
00:17:30.229 🟧 [HTTP    ] GET /api/snapshot → 200 (0ms)
00:17:30.231 🟧 [HTTP    ] GET /api/live_sessions/active → 200 (0ms)
00:17:30.245 🟧 [HTTP    ] GET /api/tasks → 200 (15ms)
00:17:31.227 🟧 [HTTP    ] GET /api/snapshot → 200 (0ms)
00:17:31.242 🟧 [HTTP    ] GET /api/tasks → 200 (14ms)
00:17:32.225 🟧 [HTTP    ] GET /api/snapshot → 200 (0ms)
00:17:32.226 🟧 [HTTP    ] GET /api/live_sessions/active → 200 (0ms)
00:17:32.242 🟧 [HTTP    ] GET /api/tasks → 200 (15ms)
00:17:32.591 🟧 [HTTP    ] GET /api/tasks → 200 (3ms)
00:17:33.223 🟧 [HTTP    ] GET /api/snapshot → 200 (0ms)
00:17:33.238 🟧 [HTTP    ] GET /api/tasks → 200 (14ms)
00:17:34.228 🟧 [HTTP    ] GET /api/live_sessions/active → 200 (0ms)
00:17:34.229 🟧 [HTTP    ] GET /api/snapshot → 200 (0ms)
00:17:34.243 🟧 [HTTP    ] GET /api/tasks → 200 (16ms)
00:17:35.225 🟧 [HTTP    ] GET /api/snapshot → 200 (0ms)
00:17:35.238 🟧 [HTTP    ] GET /api/tasks → 200 (12ms)
00:17:36.225 🟧 [HTTP    ] GET /api/snapshot → 200 (0ms)
00:17:36.226 🟧 [HTTP    ] GET /api/live_sessions/active → 200 (0ms)
00:17:36.241 🟧 [HTTP    ] GET /api/tasks → 200 (14ms)
00:17:37.232 🟧 [HTTP    ] GET /api/snapshot → 200 (0ms)
00:17:37.245 🟧 [HTTP    ] GET /api/tasks → 200 (14ms)
00:17:38.257 🟧 [HTTP    ] GET /api/live_sessions/active → 200 (0ms)
00:17:38.258 🟧 [HTTP    ] GET /api/snapshot → 200 (0ms)
00:17:38.274 🟧 [HTTP    ] GET /api/tasks → 200 (15ms)
00:17:39.306 🟧 [HTTP    ] GET /api/snapshot → 200 (0ms)
00:17:39.322 🟧 [HTTP    ] GET /api/tasks → 200 (15ms)
00:17:40.231 🟧 [HTTP    ] GET /api/snapshot → 200 (0ms)
00:17:40.231 🟧 [HTTP    ] GET /api/live_sessions/active → 200 (0ms)
00:17:40.248 🟧 [HTTP    ] GET /api/tasks → 200 (15ms)
00:17:41.228 🟧 [HTTP    ] GET /api/snapshot → 200 (0ms)
00:17:41.243 🟧 [HTTP    ] GET /api/tasks → 200 (15ms)
00:17:42.224 🟧 [HTTP    ] GET /api/snapshot → 200 (0ms)
00:17:42.225 🟧 [HTTP    ] GET /api/live_sessions/active → 200 (0ms)
00:17:42.243 🟧 [HTTP    ] GET /api/tasks → 200 (17ms)
00:17:43.235 🟧 [HTTP    ] GET /api/snapshot → 200 (0ms)
00:17:43.271 🟧 [HTTP    ] GET /api/tasks → 200 (40ms)
00:17:44.229 🟧 [HTTP    ] GET /api/snapshot → 200 (0ms)
00:17:44.230 🟧 [HTTP    ] GET /api/live_sessions/active → 200 (0ms)
00:17:44.244 🟧 [HTTP    ] GET /api/tasks → 200 (13ms)
00:17:45.244 🟧 [HTTP    ] GET /api/snapshot → 200 (0ms)
00:17:45.259 🟧 [HTTP    ] GET /api/tasks → 200 (14ms)
00:17:46.230 🟧 [HTTP    ] GET /api/snapshot → 200 (0ms)
00:17:46.231 🟧 [HTTP    ] GET /api/live_sessions/active → 200 (0ms)
00:17:46.243 🟧 [HTTP    ] GET /api/usage/stats → 200 (9ms)
00:17:46.250 🟧 [HTTP    ] GET /api/tasks → 200 (18ms)
00:17:47.232 🟧 [HTTP    ] GET /api/snapshot → 200 (0ms)
00:17:47.247 🟧 [HTTP    ] GET /api/tasks → 200 (14ms)
00:17:48.229 🟧 [HTTP    ] GET /api/snapshot → 200 (0ms)
00:17:48.238 🟧 [HTTP    ] GET /api/live_sessions/active → 200 (0ms)
00:17:48.263 🟧 [HTTP    ] GET /api/tasks → 200 (22ms)
00:17:49.268 🟧 [HTTP    ] GET /api/snapshot → 200 (0ms)
00:17:49.283 🟧 [HTTP    ] GET /api/tasks → 200 (14ms)
00:17:50.316 🟧 [HTTP    ] GET /api/snapshot → 200 (0ms)
00:17:50.317 🟧 [HTTP    ] GET /api/live_sessions/active → 200 (0ms)
00:17:50.332 🟧 [HTTP    ] GET /api/tasks → 200 (14ms)
00:17:51.224 🟧 [HTTP    ] GET /api/snapshot → 200 (0ms)
00:17:51.239 🟧 [HTTP    ] GET /api/tasks → 200 (14ms)
00:17:52.237 🟧 [HTTP    ] GET /api/snapshot → 200 (0ms)
00:17:52.238 🟧 [HTTP    ] GET /api/live_sessions/active → 200 (0ms)
00:17:52.253 🟧 [HTTP    ] GET /api/tasks → 200 (14ms)
00:17:53.227 🟧 [HTTP    ] GET /api/snapshot → 200 (0ms)
00:17:53.239 🟧 [HTTP    ] GET /api/tasks → 200 (12ms)
00:17:54.233 🟧 [HTTP    ] GET /api/snapshot → 200 (0ms)
00:17:54.234 🟧 [HTTP    ] GET /api/live_sessions/active → 200 (0ms)
00:17:54.249 🟧 [HTTP    ] GET /api/tasks → 200 (14ms)
00:17:55.246 🟧 [HTTP    ] GET /api/snapshot → 200 (0ms)
00:17:55.264 🟧 [HTTP    ] GET /api/tasks → 200 (17ms)
00:17:56.230 🟧 [HTTP    ] GET /api/snapshot → 200 (0ms)
00:17:56.232 🟧 [HTTP    ] GET /api/live_sessions/active → 200 (0ms)
00:17:56.290 🟧 [HTTP    ] GET /api/tasks → 200 (58ms)
00:17:57.227 🟧 [HTTP    ] GET /api/snapshot → 200 (0ms)
00:17:57.242 🟧 [HTTP    ] GET /api/tasks → 200 (14ms)
00:17:58.228 🟧 [HTTP    ] GET /api/snapshot → 200 (0ms)
00:17:58.230 🟧 [HTTP    ] GET /api/live_sessions/active → 200 (0ms)
00:17:58.244 🟧 [HTTP    ] GET /api/tasks → 200 (13ms)
00:17:59.229 🟧 [HTTP    ] GET /api/snapshot → 200 (0ms)
00:17:59.245 🟧 [HTTP    ] GET /api/tasks → 200 (15ms)
00:18:00.278 🟧 [HTTP    ] GET /api/snapshot → 200 (0ms)
00:18:00.279 🟧 [HTTP    ] GET /api/live_sessions/active → 200 (0ms)
00:18:00.294 🟧 [HTTP    ] GET /api/tasks → 200 (14ms)
00:18:01.246 🟧 [HTTP    ] GET /api/snapshot → 200 (0ms)
00:18:01.263 🟧 [HTTP    ] GET /api/tasks → 200 (34ms)
00:18:02.225 🟧 [HTTP    ] GET /api/snapshot → 200 (0ms)
00:18:02.233 🟧 [HTTP    ] GET /api/live_sessions/active → 200 (0ms)
00:18:02.249 🟧 [HTTP    ] GET /api/tasks → 200 (15ms)
00:18:02.643 🟧 [HTTP    ] GET /api/tasks → 200 (2ms)
00:18:03.230 🟧 [HTTP    ] GET /api/snapshot → 200 (0ms)
00:18:03.245 🟧 [HTTP    ] GET /api/tasks → 200 (16ms)
00:18:04.228 🟧 [HTTP    ] GET /api/snapshot → 200 (0ms)
00:18:04.229 🟧 [HTTP    ] GET /api/live_sessions/active → 200 (0ms)
00:18:04.247 🟧 [HTTP    ] GET /api/tasks → 200 (16ms)
00:18:05.226 🟧 [HTTP    ] GET /api/snapshot → 200 (0ms)
00:18:05.244 🟧 [HTTP    ] GET /api/tasks → 200 (17ms)
00:18:06.233 🟧 [HTTP    ] GET /api/snapshot → 200 (0ms)
00:18:06.241 🟧 [HTTP    ] GET /api/live_sessions/active → 200 (0ms)
00:18:06.252 🟧 [HTTP    ] GET /api/tasks → 200 (11ms)
00:18:07.228 🟧 [HTTP    ] GET /api/snapshot → 200 (0ms)
00:18:07.237 🟧 [HTTP    ] GET /api/tasks → 200 (8ms)
00:18:11.099 🟧 [HTTP    ] GET /api/tasks → 200 (3ms)
00:18:23.795 🟧 [HTTP    ] GET /api/tasks → 200 (2ms)
00:18:34.343 🟧 [HTTP    ] GET /api/tasks → 200 (3ms)
00:18:47.394 🟧 [HTTP    ] GET /api/tasks → 200 (15ms)
00:18:52.266 🟧 [HTTP    ] GET /api/snapshot → 200 (0ms)
00:18:52.268 🟧 [HTTP    ] GET /api/live_sessions/active → 200 (0ms)
00:18:52.281 🟧 [HTTP    ] GET /api/usage/stats → 200 (12ms)
00:18:52.285 🟧 [HTTP    ] GET /api/tasks → 200 (16ms)
00:18:56.583 🟧 [HTTP    ] GET /api/tasks → 200 (3ms)
00:19:00.568 🟧 [HTTP    ] GET /api/snapshot → 200 (0ms)
00:19:00.569 🟧 [HTTP    ] GET /api/live_sessions/active → 200 (0ms)
00:19:00.581 🟧 [HTTP    ] GET /api/tasks → 200 (11ms)
00:19:00.646 🟧 [HTTP    ] GET /api/tasks → 200 (14ms)
00:19:01.092 🟧 [HTTP    ] GET /api/snapshot → 200 (0ms)
00:19:01.527 🟧 [HTTP    ] GET /api/snapshot → 200 (0ms)
00:19:01.629 🟧 [HTTP    ] GET /api/live_sessions/active → 200 (0ms)
00:19:01.644 🟧 [HTTP    ] GET /api/tasks → 200 (13ms)
00:19:02.025 🟧 [HTTP    ] GET /api/snapshot → 200 (0ms)
00:19:02.526 🟧 [HTTP    ] GET /api/snapshot → 200 (0ms)
00:19:02.679 🟧 [HTTP    ] GET /api/tasks → 200 (14ms)
00:19:03.057 🟧 [HTTP    ] GET /api/snapshot → 200 (0ms)
00:19:03.526 🟧 [HTTP    ] GET /api/snapshot → 200 (0ms)
00:19:03.714 🟧 [HTTP    ] GET /api/live_sessions/active → 200 (0ms)
00:19:03.729 🟧 [HTTP    ] GET /api/tasks → 200 (14ms)
00:19:04.032 🟧 [HTTP    ] GET /api/snapshot → 200 (0ms)
00:19:04.527 🟧 [HTTP    ] GET /api/snapshot → 200 (0ms)
00:19:04.664 🟧 [HTTP    ] GET /api/tasks → 200 (36ms)
00:19:05.027 🟧 [HTTP    ] GET /api/snapshot → 200 (0ms)
00:19:05.530 🟧 [HTTP    ] GET /api/snapshot → 200 (0ms)
00:19:05.626 🟧 [HTTP    ] GET /api/live_sessions/active → 200 (0ms)
00:19:05.646 🟧 [HTTP    ] GET /api/tasks → 200 (14ms)
00:19:06.031 🟧 [HTTP    ] GET /api/snapshot → 200 (0ms)
00:19:06.532 🟧 [HTTP    ] GET /api/snapshot → 200 (0ms)
00:19:06.640 🟧 [HTTP    ] GET /api/tasks → 200 (15ms)
00:19:07.030 🟧 [HTTP    ] GET /api/snapshot → 200 (0ms)
00:19:07.532 🟧 [HTTP    ] GET /api/snapshot → 200 (0ms)
00:19:07.627 🟧 [HTTP    ] GET /api/live_sessions/active → 200 (0ms)
00:19:07.644 🟧 [HTTP    ] GET /api/tasks → 200 (18ms)
00:19:08.173 🟧 [HTTP    ] GET /api/snapshot → 200 (0ms)
00:19:08.531 🟧 [HTTP    ] GET /api/snapshot → 200 (0ms)
00:19:08.641 🟧 [HTTP    ] GET /api/tasks → 200 (14ms)
00:19:09.030 🟧 [HTTP    ] GET /api/snapshot → 200 (0ms)
00:19:09.532 🟧 [HTTP    ] GET /api/snapshot → 200 (0ms)
00:19:09.627 🟧 [HTTP    ] GET /api/live_sessions/active → 200 (0ms)
00:19:09.642 🟧 [HTTP    ] GET /api/tasks → 200 (15ms)
00:19:10.027 🟧 [HTTP    ] GET /api/snapshot → 200 (0ms)
00:19:10.535 🟧 [HTTP    ] GET /api/snapshot → 200 (0ms)
00:19:11.227 🟧 [HTTP    ] GET /api/snapshot → 200 (0ms)
00:19:11.243 🟧 [HTTP    ] GET /api/tasks → 200 (16ms)
00:19:12.231 🟧 [HTTP    ] GET /api/snapshot → 200 (0ms)
00:19:12.232 🟧 [HTTP    ] GET /api/live_sessions/active → 200 (0ms)
00:19:12.247 🟧 [HTTP    ] GET /api/tasks → 200 (14ms)
00:19:13.231 🟧 [HTTP    ] GET /api/snapshot → 200 (0ms)
00:19:13.278 🟧 [HTTP    ] GET /api/tasks → 200 (46ms)
00:19:13.581 🟧 [HTTP    ] GET /api/tasks → 200 (3ms)
00:19:14.231 🟧 [HTTP    ] GET /api/live_sessions/active → 200 (0ms)
00:19:14.232 🟧 [HTTP    ] GET /api/snapshot → 200 (0ms)
00:19:14.247 🟧 [HTTP    ] GET /api/tasks → 200 (14ms)
00:19:15.250 🟧 [HTTP    ] GET /api/snapshot → 200 (0ms)
00:19:15.265 🟧 [HTTP    ] GET /api/tasks → 200 (14ms)
00:19:16.296 🟧 [HTTP    ] GET /api/snapshot → 200 (0ms)
00:19:16.299 🟧 [HTTP    ] GET /api/live_sessions/active → 200 (0ms)
00:19:16.307 🟧 [HTTP    ] GET /api/usage/stats → 200 (8ms)
00:19:16.316 🟧 [HTTP    ] GET /api/tasks → 200 (18ms)
00:19:17.230 🟧 [HTTP    ] GET /api/snapshot → 200 (0ms)
00:19:17.245 🟧 [HTTP    ] GET /api/tasks → 200 (14ms)
00:19:18.246 🟧 [HTTP    ] GET /api/snapshot → 200 (0ms)
00:19:18.247 🟧 [HTTP    ] GET /api/live_sessions/active → 200 (0ms)
00:19:18.262 🟧 [HTTP    ] GET /api/tasks → 200 (14ms)
00:19:19.228 🟧 [HTTP    ] GET /api/snapshot → 200 (0ms)
00:19:19.242 🟧 [HTTP    ] GET /api/tasks → 200 (13ms)
00:19:20.225 🟧 [HTTP    ] GET /api/snapshot → 200 (0ms)
00:19:20.227 🟧 [HTTP    ] GET /api/live_sessions/active → 200 (0ms)
00:19:20.243 🟧 [HTTP    ] GET /api/tasks → 200 (17ms)
00:19:21.236 🟧 [HTTP    ] GET /api/snapshot → 200 (0ms)
00:19:21.251 🟧 [HTTP    ] GET /api/tasks → 200 (16ms)
00:19:22.226 🟧 [HTTP    ] GET /api/snapshot → 200 (0ms)
00:19:22.228 🟧 [HTTP    ] GET /api/live_sessions/active → 200 (0ms)
00:19:22.243 🟧 [HTTP    ] GET /api/tasks → 200 (16ms)
00:19:23.232 🟧 [HTTP    ] GET /api/snapshot → 200 (0ms)
00:19:23.248 🟧 [HTTP    ] GET /api/tasks → 200 (14ms)
00:19:24.240 🟧 [HTTP    ] GET /api/live_sessions/active → 200 (0ms)
00:19:24.242 🟧 [HTTP    ] GET /api/snapshot → 200 (0ms)
00:19:24.281 🟧 [HTTP    ] GET /api/tasks → 200 (40ms)
00:19:25.225 🟧 [HTTP    ] GET /api/snapshot → 200 (0ms)
00:19:25.240 🟧 [HTTP    ] GET /api/tasks → 200 (14ms)
00:19:26.257 🟧 [HTTP    ] GET /api/live_sessions/active → 200 (0ms)
00:19:26.259 🟧 [HTTP    ] GET /api/snapshot → 200 (0ms)
00:19:26.274 🟧 [HTTP    ] GET /api/tasks → 200 (16ms)
00:19:27.308 🟧 [HTTP    ] GET /api/snapshot → 200 (0ms)
00:19:27.322 🟧 [HTTP    ] GET /api/tasks → 200 (15ms)
00:19:27.466 🟧 [HTTP    ] GET /api/tasks → 200 (2ms)
00:19:28.228 🟧 [HTTP    ] GET /api/snapshot → 200 (0ms)
00:19:28.229 🟧 [HTTP    ] GET /api/live_sessions/active → 200 (0ms)
00:19:28.242 🟧 [HTTP    ] GET /api/tasks → 200 (15ms)
00:19:29.227 🟧 [HTTP    ] GET /api/snapshot → 200 (0ms)
00:19:29.242 🟧 [HTTP    ] GET /api/tasks → 200 (14ms)
00:19:30.222 🟧 [HTTP    ] GET /api/snapshot → 200 (0ms)
00:19:30.228 🟧 [HTTP    ] GET /api/live_sessions/active → 200 (0ms)
00:19:30.243 🟧 [HTTP    ] GET /api/tasks → 200 (15ms)
00:19:31.226 🟧 [HTTP    ] GET /api/snapshot → 200 (0ms)
00:19:31.237 🟧 [HTTP    ] GET /api/tasks → 200 (11ms)
00:19:32.228 🟧 [HTTP    ] GET /api/snapshot → 200 (0ms)
00:19:32.229 🟧 [HTTP    ] GET /api/live_sessions/active → 200 (0ms)
00:19:32.245 🟧 [HTTP    ] GET /api/tasks → 200 (16ms)
00:19:33.229 🟧 [HTTP    ] GET /api/snapshot → 200 (0ms)
00:19:33.244 🟧 [HTTP    ] GET /api/tasks → 200 (14ms)
00:19:34.235 🟧 [HTTP    ] GET /api/snapshot → 200 (0ms)
00:19:34.236 🟧 [HTTP    ] GET /api/live_sessions/active → 200 (0ms)
00:19:34.251 🟧 [HTTP    ] GET /api/tasks → 200 (14ms)
00:19:35.227 🟧 [HTTP    ] GET /api/snapshot → 200 (0ms)
00:19:35.242 🟧 [HTTP    ] GET /api/tasks → 200 (15ms)
00:19:36.236 🟧 [HTTP    ] GET /api/snapshot → 200 (0ms)
00:19:36.238 🟧 [HTTP    ] GET /api/live_sessions/active → 200 (0ms)
00:19:36.253 🟧 [HTTP    ] GET /api/tasks → 200 (16ms)
00:19:37.268 🟧 [HTTP    ] GET /api/snapshot → 200 (0ms)
00:19:37.282 🟧 [HTTP    ] GET /api/tasks → 200 (13ms)
00:19:37.879 🟧 [HTTP    ] GET /api/tasks → 200 (2ms)
00:19:38.315 🟧 [HTTP    ] GET /api/live_sessions/active → 200 (0ms)
00:19:38.316 🟧 [HTTP    ] GET /api/snapshot → 200 (0ms)
00:19:38.331 🟧 [HTTP    ] GET /api/tasks → 200 (14ms)
00:19:39.227 🟧 [HTTP    ] GET /api/snapshot → 200 (0ms)
00:19:39.241 🟧 [HTTP    ] GET /api/tasks → 200 (14ms)
00:19:40.228 🟧 [HTTP    ] GET /api/snapshot → 200 (0ms)
00:19:40.229 🟧 [HTTP    ] GET /api/live_sessions/active → 200 (0ms)
00:19:40.277 🟧 [HTTP    ] GET /api/tasks → 200 (47ms)
00:19:41.238 🟧 [HTTP    ] GET /api/snapshot → 200 (0ms)
00:19:41.254 🟧 [HTTP    ] GET /api/tasks → 200 (15ms)
00:19:42.230 🟧 [HTTP    ] GET /api/snapshot → 200 (0ms)
00:19:42.230 🟧 [HTTP    ] GET /api/live_sessions/active → 200 (0ms)
00:19:42.246 🟧 [HTTP    ] GET /api/tasks → 200 (14ms)
00:19:43.230 🟧 [HTTP    ] GET /api/snapshot → 200 (0ms)
00:19:43.245 🟧 [HTTP    ] GET /api/tasks → 200 (14ms)
00:19:44.232 🟧 [HTTP    ] GET /api/live_sessions/active → 200 (0ms)
00:19:44.233 🟧 [HTTP    ] GET /api/snapshot → 200 (0ms)
00:19:44.249 🟧 [HTTP    ] GET /api/tasks → 200 (15ms)
00:19:44.507 🟧 [HTTP    ] GET /api/tasks → 200 (3ms)
00:19:45.232 🟧 [HTTP    ] GET /api/snapshot → 200 (0ms)
00:19:45.246 🟧 [HTTP    ] GET /api/tasks → 200 (14ms)
00:19:46.225 🟧 [HTTP    ] GET /api/snapshot → 200 (0ms)
00:19:46.226 🟧 [HTTP    ] GET /api/live_sessions/active → 200 (0ms)
00:19:46.237 🟧 [HTTP    ] GET /api/usage/stats → 200 (10ms)
00:19:46.246 🟧 [HTTP    ] GET /api/tasks → 200 (18ms)
00:19:47.229 🟧 [HTTP    ] GET /api/snapshot → 200 (0ms)
00:19:47.244 🟧 [HTTP    ] GET /api/tasks → 200 (14ms)
00:19:48.278 🟧 [HTTP    ] GET /api/snapshot → 200 (0ms)
00:19:48.280 🟧 [HTTP    ] GET /api/live_sessions/active → 200 (0ms)
00:19:48.302 🟧 [HTTP    ] GET /api/tasks → 200 (23ms)
00:19:49.227 🟧 [HTTP    ] GET /api/snapshot → 200 (0ms)
00:19:49.242 🟧 [HTTP    ] GET /api/tasks → 200 (14ms)
00:19:50.228 🟧 [HTTP    ] GET /api/snapshot → 200 (0ms)
00:19:50.230 🟧 [HTTP    ] GET /api/live_sessions/active → 200 (0ms)
00:19:50.245 🟧 [HTTP    ] GET /api/tasks → 200 (14ms)
00:19:50.533 🟧 [HTTP    ] GET /api/tasks → 200 (3ms)
00:19:51.230 🟧 [HTTP    ] GET /api/snapshot → 200 (0ms)
00:19:51.244 🟧 [HTTP    ] GET /api/tasks → 200 (15ms)
00:19:52.241 🟧 [HTTP    ] GET /api/live_sessions/active → 200 (0ms)
00:19:52.243 🟧 [HTTP    ] GET /api/snapshot → 200 (0ms)
00:19:52.257 🟧 [HTTP    ] GET /api/tasks → 200 (16ms)
00:19:53.232 🟧 [HTTP    ] GET /api/snapshot → 200 (0ms)
00:19:53.255 🟧 [HTTP    ] GET /api/tasks → 200 (23ms)
00:19:54.232 🟧 [HTTP    ] GET /api/snapshot → 200 (0ms)
00:19:54.235 🟧 [HTTP    ] GET /api/live_sessions/active → 200 (0ms)
00:19:54.249 🟧 [HTTP    ] GET /api/tasks → 200 (15ms)
00:19:55.225 🟧 [HTTP    ] GET /api/snapshot → 200 (0ms)
00:19:55.243 🟧 [HTTP    ] GET /api/tasks → 200 (17ms)
00:19:56.244 🟧 [HTTP    ] GET /api/snapshot → 200 (0ms)
00:19:56.245 🟧 [HTTP    ] GET /api/live_sessions/active → 200 (0ms)
00:19:56.260 🟧 [HTTP    ] GET /api/tasks → 200 (15ms)
00:19:57.227 🟧 [HTTP    ] GET /api/snapshot → 200 (0ms)
00:19:57.242 🟧 [HTTP    ] GET /api/tasks → 200 (16ms)
00:19:58.238 🟧 [HTTP    ] GET /api/snapshot → 200 (0ms)
00:19:58.239 🟧 [HTTP    ] GET /api/live_sessions/active → 200 (0ms)
00:19:58.254 🟧 [HTTP    ] GET /api/tasks → 200 (14ms)
00:19:58.812 🟧 [HTTP    ] GET /api/tasks → 200 (3ms)
00:19:59.287 🟧 [HTTP    ] GET /api/snapshot → 200 (0ms)
00:19:59.307 🟧 [HTTP    ] GET /api/tasks → 200 (19ms)
00:20:00.229 🟧 [HTTP    ] GET /api/snapshot → 200 (0ms)
00:20:00.230 🟧 [HTTP    ] GET /api/live_sessions/active → 200 (0ms)
00:20:00.245 🟧 [HTTP    ] GET /api/tasks → 200 (14ms)
00:20:01.228 🟧 [HTTP    ] GET /api/snapshot → 200 (0ms)
00:20:01.244 🟧 [HTTP    ] GET /api/tasks → 200 (15ms)
00:20:02.230 🟧 [HTTP    ] GET /api/snapshot → 200 (0ms)
00:20:02.231 🟧 [HTTP    ] GET /api/live_sessions/active → 200 (0ms)
00:20:02.252 🟧 [HTTP    ] GET /api/tasks → 200 (20ms)
00:20:03.225 🟧 [HTTP    ] GET /api/snapshot → 200 (0ms)
00:20:03.239 🟧 [HTTP    ] GET /api/tasks → 200 (13ms)
00:20:04.224 🟧 [HTTP    ] GET /api/snapshot → 200 (0ms)
00:20:04.226 🟧 [HTTP    ] GET /api/live_sessions/active → 200 (0ms)
00:20:04.239 🟧 [HTTP    ] GET /api/tasks → 200 (12ms)
00:20:05.231 🟧 [HTTP    ] GET /api/snapshot → 200 (0ms)
00:20:05.246 🟧 [HTTP    ] GET /api/tasks → 200 (15ms)
00:20:05.605 🟧 [HTTP    ] GET /api/snapshot → 200 (0ms)
00:20:05.646 🟧 [HTTP    ] GET /api/live_sessions/active → 200 (0ms)
00:20:05.663 🟧 [HTTP    ] GET /api/tasks → 200 (14ms)
00:20:06.103 🟧 [HTTP    ] GET /api/snapshot → 200 (0ms)
00:20:06.527 🟧 [HTTP    ] GET /api/snapshot → 200 (0ms)
00:20:06.649 🟧 [HTTP    ] GET /api/tasks → 200 (19ms)
00:20:07.030 🟧 [HTTP    ] GET /api/snapshot → 200 (0ms)
00:20:07.527 🟧 [HTTP    ] GET /api/snapshot → 200 (0ms)
00:20:07.674 🟧 [HTTP    ] GET /api/live_sessions/active → 200 (0ms)
00:20:07.706 🟧 [HTTP    ] GET /api/tasks → 200 (31ms)
00:20:08.225 🟧 [HTTP    ] GET /api/snapshot → 200 (0ms)
00:20:09.250 🟧 [HTTP    ] GET /api/snapshot → 200 (0ms)
00:20:09.267 🟧 [HTTP    ] GET /api/tasks → 200 (18ms)
00:20:09.300 🟧 [HTTP    ] GET /api/tasks → 200 (2ms)
00:20:10.298 🟧 [HTTP    ] GET /api/snapshot → 200 (0ms)
00:20:10.299 🟧 [HTTP    ] GET /api/live_sessions/active → 200 (0ms)
00:20:10.313 🟧 [HTTP    ] GET /api/tasks → 200 (14ms)
00:20:11.225 🟧 [HTTP    ] GET /api/snapshot → 200 (0ms)
00:20:11.242 🟧 [HTTP    ] GET /api/tasks → 200 (14ms)
00:20:11.975 🟧 [HTTP    ] GET /api/snapshot → 200 (0ms)
00:20:11.976 🟧 [HTTP    ] GET /api/live_sessions/active → 200 (0ms)
00:20:11.991 🟧 [HTTP    ] GET /api/tasks → 200 (14ms)
00:20:12.526 🟧 [HTTP    ] GET /api/snapshot → 200 (0ms)
00:20:12.642 🟧 [HTTP    ] GET /api/tasks → 200 (17ms)
00:20:13.029 🟧 [HTTP    ] GET /api/snapshot → 200 (0ms)
00:20:13.526 🟧 [HTTP    ] GET /api/snapshot → 200 (0ms)
00:20:13.628 🟧 [HTTP    ] GET /api/live_sessions/active → 200 (0ms)
00:20:13.643 🟧 [HTTP    ] GET /api/tasks → 200 (14ms)
00:20:14.027 🟧 [HTTP    ] GET /api/snapshot → 200 (0ms)
00:20:14.542 🟧 [HTTP    ] GET /api/snapshot → 200 (0ms)
00:20:14.667 🟧 [HTTP    ] GET /api/tasks → 200 (15ms)
00:20:15.029 🟧 [HTTP    ] GET /api/snapshot → 200 (0ms)
00:20:16.063 🟧 [HTTP    ] GET /api/snapshot → 200 (0ms)
00:20:16.067 🟧 [HTTP    ] GET /api/live_sessions/active → 200 (0ms)
00:20:16.076 🟧 [HTTP    ] GET /api/usage/stats → 200 (12ms)
00:20:16.087 🟧 [HTTP    ] GET /api/tasks → 200 (21ms)
00:20:16.588 🟧 [HTTP    ] GET /api/snapshot → 200 (0ms)
00:20:16.667 🟧 [HTTP    ] GET /api/tasks → 200 (13ms)
00:20:17.114 🟧 [HTTP    ] GET /api/snapshot → 200 (0ms)
00:20:17.635 🟧 [HTTP    ] GET /api/snapshot → 200 (0ms)
00:20:17.637 🟧 [HTTP    ] GET /api/live_sessions/active → 200 (0ms)
00:20:17.655 🟧 [HTTP    ] GET /api/tasks → 200 (17ms)
00:20:18.028 🟧 [HTTP    ] GET /api/snapshot → 200 (0ms)
00:20:18.528 🟧 [HTTP    ] GET /api/snapshot → 200 (0ms)
00:20:18.700 🟧 [HTTP    ] GET /api/tasks → 200 (14ms)
00:20:19.026 🟧 [HTTP    ] GET /api/snapshot → 200 (0ms)
00:20:19.270 🟧 [HTTP    ] GET /api/tasks → 200 (3ms)
00:20:19.530 🟧 [HTTP    ] GET /api/snapshot → 200 (0ms)
00:20:19.629 🟧 [HTTP    ] GET /api/live_sessions/active → 200 (0ms)
00:20:19.642 🟧 [HTTP    ] GET /api/tasks → 200 (12ms)
00:20:20.031 🟧 [HTTP    ] GET /api/snapshot → 200 (0ms)
00:20:20.531 🟧 [HTTP    ] GET /api/snapshot → 200 (0ms)
00:20:20.646 🟧 [HTTP    ] GET /api/tasks → 200 (14ms)
00:20:21.031 🟧 [HTTP    ] GET /api/snapshot → 200 (0ms)
00:20:21.527 🟧 [HTTP    ] GET /api/snapshot → 200 (0ms)
00:20:21.625 🟧 [HTTP    ] GET /api/live_sessions/active → 200 (0ms)
00:20:21.639 🟧 [HTTP    ] GET /api/tasks → 200 (13ms)
00:20:22.025 🟧 [HTTP    ] GET /api/snapshot → 200 (0ms)
00:20:22.526 🟧 [HTTP    ] GET /api/snapshot → 200 (0ms)
00:20:22.642 🟧 [HTTP    ] GET /api/tasks → 200 (14ms)
00:20:23.026 🟧 [HTTP    ] GET /api/snapshot → 200 (0ms)
00:20:23.529 🟧 [HTTP    ] GET /api/snapshot → 200 (0ms)
00:20:23.628 🟧 [HTTP    ] GET /api/live_sessions/active → 200 (0ms)
00:20:23.643 🟧 [HTTP    ] GET /api/tasks → 200 (14ms)
00:20:24.029 🟧 [HTTP    ] GET /api/snapshot → 200 (0ms)
00:20:24.526 🟧 [HTTP    ] GET /api/snapshot → 200 (0ms)
00:20:24.639 🟧 [HTTP    ] GET /api/tasks → 200 (13ms)
00:20:25.027 🟧 [HTTP    ] GET /api/snapshot → 200 (0ms)
00:20:25.177 🟧 [HTTP    ] GET /api/tasks → 200 (2ms)
00:20:25.526 🟧 [HTTP    ] GET /api/snapshot → 200 (0ms)
00:20:25.624 🟧 [HTTP    ] GET /api/live_sessions/active → 200 (0ms)
00:20:25.640 🟧 [HTTP    ] GET /api/tasks → 200 (15ms)
00:20:26.029 🟧 [HTTP    ] GET /api/snapshot → 200 (0ms)
00:20:26.548 🟧 [HTTP    ] GET /api/snapshot → 200 (0ms)
00:20:26.640 🟧 [HTTP    ] GET /api/tasks → 200 (14ms)
00:20:27.073 🟧 [HTTP    ] GET /api/snapshot → 200 (0ms)
00:20:27.598 🟧 [HTTP    ] GET /api/snapshot → 200 (0ms)
00:20:27.630 🟧 [HTTP    ] GET /api/live_sessions/active → 200 (0ms)
00:20:27.645 🟧 [HTTP    ] GET /api/tasks → 200 (14ms)
00:20:28.121 🟧 [HTTP    ] GET /api/snapshot → 200 (0ms)
00:20:28.532 🟧 [HTTP    ] GET /api/snapshot → 200 (0ms)
00:20:28.660 🟧 [HTTP    ] GET /api/tasks → 200 (14ms)
00:20:29.230 🟧 [HTTP    ] GET /api/snapshot → 200 (0ms)
00:20:30.240 🟧 [HTTP    ] GET /api/live_sessions/active → 200 (0ms)
00:20:30.241 🟧 [HTTP    ] GET /api/snapshot → 200 (0ms)
00:20:30.261 🟧 [HTTP    ] GET /api/tasks → 200 (18ms)
00:20:31.268 🟧 [HTTP    ] GET /api/snapshot → 200 (0ms)
00:20:31.284 🟧 [HTTP    ] GET /api/tasks → 200 (15ms)
00:20:32.316 🟧 [HTTP    ] GET /api/snapshot → 200 (0ms)
00:20:32.317 🟧 [HTTP    ] GET /api/live_sessions/active → 200 (0ms)
00:20:32.332 🟧 [HTTP    ] GET /api/tasks → 200 (14ms)
00:20:33.233 🟧 [HTTP    ] GET /api/snapshot → 200 (0ms)
00:20:33.251 🟧 [HTTP    ] GET /api/tasks → 200 (17ms)
00:20:34.224 🟧 [HTTP    ] GET /api/snapshot → 200 (0ms)
00:20:34.225 🟧 [HTTP    ] GET /api/live_sessions/active → 200 (0ms)
00:20:34.241 🟧 [HTTP    ] GET /api/tasks → 200 (14ms)
00:20:34.958 🟧 [HTTP    ] GET /api/tasks → 200 (3ms)
00:20:35.225 🟧 [HTTP    ] GET /api/snapshot → 200 (0ms)
00:20:35.238 🟧 [HTTP    ] GET /api/tasks → 200 (9ms)
00:20:36.235 🟧 [HTTP    ] GET /api/live_sessions/active → 200 (0ms)
00:20:36.240 🟧 [HTTP    ] GET /api/snapshot → 200 (0ms)
00:20:36.272 🟧 [HTTP    ] GET /api/tasks → 200 (17ms)
00:20:37.226 🟧 [HTTP    ] GET /api/snapshot → 200 (0ms)
00:20:37.240 🟧 [HTTP    ] GET /api/tasks → 200 (15ms)
00:20:38.225 🟧 [HTTP    ] GET /api/snapshot → 200 (0ms)
00:20:38.226 🟧 [HTTP    ] GET /api/live_sessions/active → 200 (0ms)
00:20:38.239 🟧 [HTTP    ] GET /api/tasks → 200 (12ms)
00:20:39.227 🟧 [HTTP    ] GET /api/snapshot → 200 (0ms)
00:20:39.242 🟧 [HTTP    ] GET /api/tasks → 200 (16ms)
00:20:40.224 🟧 [HTTP    ] GET /api/snapshot → 200 (0ms)
00:20:40.226 🟧 [HTTP    ] GET /api/live_sessions/active → 200 (0ms)
00:20:40.241 🟧 [HTTP    ] GET /api/tasks → 200 (16ms)
00:20:40.266 🟧 [HTTP    ] GET /api/tasks → 200 (3ms)
00:20:41.229 🟧 [HTTP    ] GET /api/snapshot → 200 (0ms)
00:20:41.246 🟧 [HTTP    ] GET /api/tasks → 200 (16ms)
00:20:42.277 🟧 [HTTP    ] GET /api/snapshot → 200 (0ms)
00:20:42.279 🟧 [HTTP    ] GET /api/live_sessions/active → 200 (0ms)
00:20:42.293 🟧 [HTTP    ] GET /api/tasks → 200 (15ms)
00:20:43.234 🟧 [HTTP    ] GET /api/snapshot → 200 (0ms)
00:20:43.249 🟧 [HTTP    ] GET /api/tasks → 200 (14ms)
00:20:44.235 🟧 [HTTP    ] GET /api/snapshot → 200 (0ms)
00:20:44.237 🟧 [HTTP    ] GET /api/live_sessions/active → 200 (0ms)
00:20:44.251 🟧 [HTTP    ] GET /api/tasks → 200 (15ms)
00:20:45.228 🟧 [HTTP    ] GET /api/snapshot → 200 (0ms)
00:20:45.246 🟧 [HTTP    ] GET /api/tasks → 200 (16ms)
00:20:46.227 🟧 [HTTP    ] GET /api/snapshot → 200 (0ms)
00:20:46.229 🟧 [HTTP    ] GET /api/live_sessions/active → 200 (0ms)
00:20:46.237 🟧 [HTTP    ] GET /api/usage/stats → 200 (8ms)
00:20:46.246 🟧 [HTTP    ] GET /api/tasks → 200 (19ms)
00:20:47.230 🟧 [HTTP    ] GET /api/snapshot → 200 (0ms)
00:20:47.246 🟧 [HTTP    ] GET /api/tasks → 200 (14ms)
00:20:47.922 🟧 [HTTP    ] GET /api/snapshot → 200 (0ms)
00:20:47.923 🟧 [HTTP    ] GET /api/live_sessions/active → 200 (0ms)
00:20:47.937 🟧 [HTTP    ] GET /api/tasks → 200 (14ms)
00:20:48.568 🟧 [HTTP    ] GET /api/snapshot → 200 (0ms)
00:20:48.642 🟧 [HTTP    ] GET /api/tasks → 200 (13ms)
00:20:49.092 🟧 [HTTP    ] GET /api/snapshot → 200 (0ms)
00:20:49.489 🟧 [HTTP    ] GET /api/tasks → 200 (3ms)
00:20:49.617 🟧 [HTTP    ] GET /api/snapshot → 200 (0ms)
00:20:49.631 🟧 [HTTP    ] GET /api/live_sessions/active → 200 (0ms)
00:20:49.647 🟧 [HTTP    ] GET /api/tasks → 200 (14ms)
00:20:50.225 🟧 [HTTP    ] GET /api/snapshot → 200 (0ms)
00:20:51.228 🟧 [HTTP    ] GET /api/snapshot → 200 (0ms)
00:20:51.249 🟧 [HTTP    ] GET /api/tasks → 200 (21ms)
00:20:51.530 🟧 [HTTP    ] GET /api/snapshot → 200 (0ms)
00:20:51.714 🟧 [HTTP    ] GET /api/live_sessions/active → 200 (0ms)
00:20:51.754 🟧 [HTTP    ] GET /api/tasks → 200 (36ms)
00:20:52.057 🟧 [HTTP    ] GET /api/snapshot → 200 (0ms)
00:20:52.533 🟧 [HTTP    ] GET /api/snapshot → 200 (0ms)
00:20:52.643 🟧 [HTTP    ] GET /api/tasks → 200 (16ms)
00:20:53.030 🟧 [HTTP    ] GET /api/snapshot → 200 (0ms)
00:20:53.532 🟧 [HTTP    ] GET /api/snapshot → 200 (0ms)
00:20:53.634 🟧 [HTTP    ] GET /api/live_sessions/active → 200 (0ms)
00:20:53.647 🟧 [HTTP    ] GET /api/tasks → 200 (13ms)
00:20:54.031 🟧 [HTTP    ] GET /api/snapshot → 200 (0ms)
00:20:54.530 🟧 [HTTP    ] GET /api/snapshot → 200 (0ms)
00:20:54.599 🟧 [HTTP    ] GET /api/tasks → 200 (3ms)
00:20:54.637 🟧 [HTTP    ] GET /api/tasks → 200 (10ms)
00:20:55.027 🟧 [HTTP    ] GET /api/snapshot → 200 (0ms)
00:20:55.529 🟧 [HTTP    ] GET /api/snapshot → 200 (0ms)
00:20:55.625 🟧 [HTTP    ] GET /api/live_sessions/active → 200 (0ms)
00:20:55.643 🟧 [HTTP    ] GET /api/tasks → 200 (17ms)
00:20:56.227 🟧 [HTTP    ] GET /api/snapshot → 200 (0ms)
00:20:57.228 🟧 [HTTP    ] GET /api/snapshot → 200 (0ms)
00:20:57.243 🟧 [HTTP    ] GET /api/tasks → 200 (14ms)
00:20:58.227 🟧 [HTTP    ] GET /api/snapshot → 200 (0ms)
00:20:58.228 🟧 [HTTP    ] GET /api/live_sessions/active → 200 (0ms)
00:20:58.243 🟧 [HTTP    ] GET /api/tasks → 200 (14ms)
00:20:59.231 🟧 [HTTP    ] GET /api/snapshot → 200 (0ms)
00:20:59.244 🟧 [HTTP    ] GET /api/tasks → 200 (12ms)
00:21:00.229 🟧 [HTTP    ] GET /api/snapshot → 200 (0ms)
00:21:00.229 🟧 [HTTP    ] GET /api/live_sessions/active → 200 (0ms)
00:21:00.240 🟧 [HTTP    ] GET /api/tasks → 200 (10ms)
00:21:01.230 🟧 [HTTP    ] GET /api/snapshot → 200 (0ms)
00:21:01.247 🟧 [HTTP    ] GET /api/tasks → 200 (15ms)
00:21:01.840 🟧 [HTTP    ] GET /api/tasks → 200 (2ms)
00:21:02.224 🟧 [HTTP    ] GET /api/snapshot → 200 (0ms)
00:21:02.229 🟧 [HTTP    ] GET /api/live_sessions/active → 200 (0ms)
00:21:02.244 🟧 [HTTP    ] GET /api/tasks → 200 (14ms)
00:21:03.249 🟧 [HTTP    ] GET /api/snapshot → 200 (0ms)
00:21:03.264 🟧 [HTTP    ] GET /api/tasks → 200 (14ms)
00:21:04.296 🟧 [HTTP    ] GET /api/snapshot → 200 (0ms)
00:21:04.298 🟧 [HTTP    ] GET /api/live_sessions/active → 200 (0ms)
00:21:04.312 🟧 [HTTP    ] GET /api/tasks → 200 (15ms)
00:21:05.227 🟧 [HTTP    ] GET /api/snapshot → 200 (0ms)
00:21:05.245 🟧 [HTTP    ] GET /api/tasks → 200 (17ms)
00:21:06.229 🟧 [HTTP    ] GET /api/snapshot → 200 (0ms)
00:21:06.230 🟧 [HTTP    ] GET /api/live_sessions/active → 200 (0ms)
00:21:06.250 🟧 [HTTP    ] GET /api/tasks → 200 (18ms)
00:21:07.225 🟧 [HTTP    ] GET /api/snapshot → 200 (0ms)
00:21:07.242 🟧 [HTTP    ] GET /api/tasks → 200 (16ms)
00:21:08.231 🟧 [HTTP    ] GET /api/snapshot → 200 (0ms)
00:21:08.232 🟧 [HTTP    ] GET /api/live_sessions/active → 200 (0ms)
00:21:08.247 🟧 [HTTP    ] GET /api/tasks → 200 (15ms)
00:21:09.226 🟧 [HTTP    ] GET /api/snapshot → 200 (0ms)
00:21:09.242 🟧 [HTTP    ] GET /api/tasks → 200 (14ms)
00:21:09.564 🟧 [HTTP    ] GET /api/tasks → 200 (2ms)
00:21:10.230 🟧 [HTTP    ] GET /api/snapshot → 200 (0ms)
00:21:10.232 🟧 [HTTP    ] GET /api/live_sessions/active → 200 (0ms)
00:21:10.252 🟧 [HTTP    ] GET /api/tasks → 200 (22ms)
00:21:11.232 🟧 [HTTP    ] GET /api/snapshot → 200 (0ms)
00:21:11.247 🟧 [HTTP    ] GET /api/tasks → 200 (14ms)
00:21:12.223 🟧 [HTTP    ] GET /api/snapshot → 200 (0ms)
00:21:12.226 🟧 [HTTP    ] GET /api/live_sessions/active → 200 (0ms)
00:21:12.239 🟧 [HTTP    ] GET /api/tasks → 200 (12ms)
00:21:13.231 🟧 [HTTP    ] GET /api/snapshot → 200 (0ms)
00:21:13.244 🟧 [HTTP    ] GET /api/tasks → 200 (13ms)
00:21:14.257 🟧 [HTTP    ] GET /api/snapshot → 200 (0ms)
00:21:14.258 🟧 [HTTP    ] GET /api/live_sessions/active → 200 (0ms)
00:21:14.273 🟧 [HTTP    ] GET /api/tasks → 200 (14ms)
00:21:15.306 🟧 [HTTP    ] GET /api/snapshot → 200 (0ms)
00:21:15.321 🟧 [HTTP    ] GET /api/tasks → 200 (14ms)
00:21:16.027 🟧 [HTTP    ] GET /api/tasks → 200 (3ms)
00:21:16.230 🟧 [HTTP    ] GET /api/snapshot → 200 (0ms)
00:21:16.231 🟧 [HTTP    ] GET /api/live_sessions/active → 200 (0ms)
00:21:16.251 🟧 [HTTP    ] GET /api/usage/stats → 200 (19ms)
00:21:16.265 🟧 [HTTP    ] GET /api/tasks → 200 (33ms)
00:21:17.228 🟧 [HTTP    ] GET /api/snapshot → 200 (0ms)
00:21:17.242 🟧 [HTTP    ] GET /api/tasks → 200 (15ms)
00:21:18.228 🟧 [HTTP    ] GET /api/snapshot → 200 (0ms)
00:21:18.230 🟧 [HTTP    ] GET /api/live_sessions/active → 200 (0ms)
00:21:18.240 🟧 [HTTP    ] GET /api/tasks → 200 (9ms)
00:21:19.232 🟧 [HTTP    ] GET /api/snapshot → 200 (0ms)
00:21:19.287 🟧 [HTTP    ] GET /api/tasks → 200 (54ms)
00:21:20.228 🟧 [HTTP    ] GET /api/snapshot → 200 (0ms)
00:21:20.230 🟧 [HTTP    ] GET /api/live_sessions/active → 200 (0ms)
00:21:20.245 🟧 [HTTP    ] GET /api/tasks → 200 (14ms)
00:21:21.228 🟧 [HTTP    ] GET /api/snapshot → 200 (0ms)
00:21:21.247 🟧 [HTTP    ] GET /api/tasks → 200 (18ms)
00:21:22.236 🟧 [HTTP    ] GET /api/snapshot → 200 (0ms)
00:21:22.238 🟧 [HTTP    ] GET /api/live_sessions/active → 200 (0ms)
00:21:22.257 🟧 [HTTP    ] GET /api/tasks → 200 (18ms)
00:21:23.228 🟧 [HTTP    ] GET /api/snapshot → 200 (0ms)
00:21:23.243 🟧 [HTTP    ] GET /api/tasks → 200 (14ms)
00:21:24.239 🟧 [HTTP    ] GET /api/snapshot → 200 (0ms)
00:21:24.240 🟧 [HTTP    ] GET /api/live_sessions/active → 200 (0ms)
00:21:24.262 🟧 [HTTP    ] GET /api/tasks → 200 (20ms)
00:21:25.267 🟧 [HTTP    ] GET /api/snapshot → 200 (0ms)
00:21:25.282 🟧 [HTTP    ] GET /api/tasks → 200 (14ms)
00:21:26.315 🟧 [HTTP    ] GET /api/snapshot → 200 (0ms)
00:21:26.317 🟧 [HTTP    ] GET /api/live_sessions/active → 200 (0ms)
00:21:26.334 🟧 [HTTP    ] GET /api/tasks → 200 (17ms)
00:21:27.226 🟧 [HTTP    ] GET /api/snapshot → 200 (0ms)
00:21:27.251 🟧 [HTTP    ] GET /api/tasks → 200 (24ms)
00:21:28.227 🟧 [HTTP    ] GET /api/snapshot → 200 (0ms)
00:21:28.229 🟧 [HTTP    ] GET /api/live_sessions/active → 200 (0ms)
00:21:28.245 🟧 [HTTP    ] GET /api/tasks → 200 (15ms)
00:21:29.231 🟧 [HTTP    ] GET /api/snapshot → 200 (0ms)
00:21:29.240 🟧 [HTTP    ] GET /api/tasks → 200 (8ms)
00:21:30.230 🟧 [HTTP    ] GET /api/live_sessions/active → 200 (0ms)
00:21:30.232 🟧 [HTTP    ] GET /api/snapshot → 200 (0ms)
00:21:30.245 🟧 [HTTP    ] GET /api/tasks → 200 (12ms)
00:21:31.227 🟧 [HTTP    ] GET /api/snapshot → 200 (0ms)
00:21:31.245 🟧 [HTTP    ] GET /api/tasks → 200 (13ms)
00:21:32.230 🟧 [HTTP    ] GET /api/snapshot → 200 (0ms)
00:21:32.232 🟧 [HTTP    ] GET /api/live_sessions/active → 200 (0ms)
00:21:32.255 🟧 [HTTP    ] GET /api/tasks → 200 (14ms)
00:21:33.238 🟧 [HTTP    ] GET /api/snapshot → 200 (0ms)
00:21:33.258 🟧 [HTTP    ] GET /api/tasks → 200 (19ms)
00:21:34.226 🟧 [HTTP    ] GET /api/snapshot → 200 (0ms)
00:21:34.228 🟧 [HTTP    ] GET /api/live_sessions/active → 200 (0ms)
00:21:34.240 🟧 [HTTP    ] GET /api/tasks → 200 (11ms)
00:21:35.233 🟧 [HTTP    ] GET /api/snapshot → 200 (0ms)
00:21:35.260 🟧 [HTTP    ] GET /api/tasks → 200 (26ms)
00:21:36.204 🟧 [HTTP    ] GET /api/tasks → 200 (3ms)
00:21:36.276 🟧 [HTTP    ] GET /api/snapshot → 200 (0ms)
00:21:36.279 🟧 [HTTP    ] GET /api/live_sessions/active → 200 (0ms)
00:21:36.293 🟧 [HTTP    ] GET /api/tasks → 200 (15ms)
00:21:37.226 🟧 [HTTP    ] GET /api/snapshot → 200 (0ms)
00:21:37.240 🟧 [HTTP    ] GET /api/tasks → 200 (15ms)
00:21:38.231 🟧 [HTTP    ] GET /api/snapshot → 200 (0ms)
00:21:38.233 🟧 [HTTP    ] GET /api/live_sessions/active → 200 (0ms)
00:21:38.247 🟧 [HTTP    ] GET /api/tasks → 200 (15ms)
00:21:39.229 🟧 [HTTP    ] GET /api/snapshot → 200 (0ms)
00:21:39.244 🟧 [HTTP    ] GET /api/tasks → 200 (14ms)
00:21:40.229 🟧 [HTTP    ] GET /api/live_sessions/active → 200 (0ms)
00:21:40.229 🟧 [HTTP    ] GET /api/snapshot → 200 (0ms)
00:21:40.244 🟧 [HTTP    ] GET /api/tasks → 200 (14ms)
00:21:41.231 🟧 [HTTP    ] GET /api/snapshot → 200 (0ms)
00:21:41.248 🟧 [HTTP    ] GET /api/tasks → 200 (16ms)
00:21:42.230 🟧 [HTTP    ] GET /api/snapshot → 200 (0ms)
00:21:42.231 🟧 [HTTP    ] GET /api/live_sessions/active → 200 (0ms)
00:21:42.248 🟧 [HTTP    ] GET /api/tasks → 200 (16ms)
00:21:43.241 🟧 [HTTP    ] GET /api/snapshot → 200 (0ms)
00:21:43.267 🟧 [HTTP    ] GET /api/tasks → 200 (20ms)
00:21:44.249 🟧 [HTTP    ] GET /api/live_sessions/active → 200 (0ms)
00:21:44.250 🟧 [HTTP    ] GET /api/snapshot → 200 (0ms)
00:21:44.265 🟧 [HTTP    ] GET /api/tasks → 200 (14ms)
00:21:45.229 🟧 [HTTP    ] GET /api/snapshot → 200 (0ms)
00:21:45.250 🟧 [HTTP    ] GET /api/tasks → 200 (22ms)
00:21:46.239 🟧 [HTTP    ] GET /api/snapshot → 200 (0ms)
00:21:46.241 🟧 [HTTP    ] GET /api/live_sessions/active → 200 (0ms)
00:21:46.252 🟧 [HTTP    ] GET /api/usage/stats → 200 (10ms)
00:21:46.259 🟧 [HTTP    ] GET /api/tasks → 200 (19ms)
00:21:47.288 🟧 [HTTP    ] GET /api/snapshot → 200 (0ms)
00:21:47.302 🟧 [HTTP    ] GET /api/tasks → 200 (15ms)
00:21:48.235 🟧 [HTTP    ] GET /api/snapshot → 200 (0ms)
00:21:48.240 🟧 [HTTP    ] GET /api/live_sessions/active → 200 (0ms)
00:21:48.250 🟧 [HTTP    ] GET /api/tasks → 200 (9ms)
00:21:49.224 🟧 [HTTP    ] GET /api/snapshot → 200 (0ms)
00:21:49.240 🟧 [HTTP    ] GET /api/tasks → 200 (14ms)
00:21:49.540 🟧 [HTTP    ] GET /api/tasks → 200 (2ms)
00:21:50.229 🟧 [HTTP    ] GET /api/snapshot → 200 (0ms)
00:21:50.231 🟧 [HTTP    ] GET /api/live_sessions/active → 200 (0ms)
00:21:50.244 🟧 [HTTP    ] GET /api/tasks → 200 (14ms)
00:21:51.231 🟧 [HTTP    ] GET /api/snapshot → 200 (0ms)
00:21:51.246 🟧 [HTTP    ] GET /api/tasks → 200 (14ms)
00:21:52.203 🟧 [HTTP    ] GET /api/snapshot → 200 (0ms)
00:21:52.206 🟧 [HTTP    ] GET /api/live_sessions/active → 200 (0ms)
00:21:52.222 🟧 [HTTP    ] GET /api/tasks → 200 (16ms)
00:21:52.533 🟧 [HTTP    ] GET /api/snapshot → 200 (0ms)
00:21:52.644 🟧 [HTTP    ] GET /api/tasks → 200 (13ms)
00:21:53.053 🟧 [HTTP    ] GET /api/snapshot → 200 (0ms)
00:21:53.577 🟧 [HTTP    ] GET /api/snapshot → 200 (0ms)
00:21:53.628 🟧 [HTTP    ] GET /api/live_sessions/active → 200 (0ms)
00:21:53.643 🟧 [HTTP    ] GET /api/tasks → 200 (14ms)
00:21:54.102 🟧 [HTTP    ] GET /api/snapshot → 200 (0ms)
00:21:54.529 🟧 [HTTP    ] GET /api/snapshot → 200 (0ms)
00:21:54.641 🟧 [HTTP    ] GET /api/tasks → 200 (14ms)
00:21:55.033 🟧 [HTTP    ] GET /api/snapshot → 200 (0ms)
00:21:55.527 🟧 [HTTP    ] GET /api/snapshot → 200 (0ms)
00:21:55.675 🟧 [HTTP    ] GET /api/live_sessions/active → 200 (0ms)
00:21:55.683 🟧 [HTTP    ] GET /api/tasks → 200 (8ms)
00:21:56.029 🟧 [HTTP    ] GET /api/snapshot → 200 (0ms)
00:21:56.529 🟧 [HTTP    ] GET /api/snapshot → 200 (0ms)
00:21:56.643 🟧 [HTTP    ] GET /api/tasks → 200 (15ms)
00:21:57.034 🟧 [HTTP    ] GET /api/snapshot → 200 (0ms)
00:21:57.536 🟧 [HTTP    ] GET /api/snapshot → 200 (0ms)
00:21:57.630 🟧 [HTTP    ] GET /api/live_sessions/active → 200 (0ms)
00:21:57.646 🟧 [HTTP    ] GET /api/tasks → 200 (15ms)
00:21:58.030 🟧 [HTTP    ] GET /api/snapshot → 200 (0ms)
00:21:58.531 🟧 [HTTP    ] GET /api/snapshot → 200 (0ms)
00:21:58.643 🟧 [HTTP    ] GET /api/tasks → 200 (16ms)
00:21:59.223 🟧 [HTTP    ] GET /api/snapshot → 200 (0ms)
00:22:00.227 🟧 [HTTP    ] GET /api/snapshot → 200 (0ms)
00:22:00.229 🟧 [HTTP    ] GET /api/live_sessions/active → 200 (0ms)
00:22:00.245 🟧 [HTTP    ] GET /api/tasks → 200 (16ms)
00:22:01.236 🟧 [HTTP    ] GET /api/snapshot → 200 (0ms)
00:22:01.247 🟧 [HTTP    ] GET /api/tasks → 200 (10ms)
00:22:02.225 🟧 [HTTP    ] GET /api/snapshot → 200 (0ms)
00:22:02.227 🟧 [HTTP    ] GET /api/live_sessions/active → 200 (0ms)
00:22:02.243 🟧 [HTTP    ] GET /api/tasks → 200 (15ms)
00:22:03.227 🟧 [HTTP    ] GET /api/snapshot → 200 (0ms)
00:22:03.243 🟧 [HTTP    ] GET /api/tasks → 200 (15ms)
00:22:04.240 🟧 [HTTP    ] GET /api/snapshot → 200 (0ms)
00:22:04.241 🟧 [HTTP    ] GET /api/live_sessions/active → 200 (0ms)
00:22:04.257 🟧 [HTTP    ] GET /api/tasks → 200 (15ms)
00:22:05.231 🟧 [HTTP    ] GET /api/snapshot → 200 (0ms)
00:22:05.246 🟧 [HTTP    ] GET /api/tasks → 200 (14ms)
00:22:06.241 🟧 [HTTP    ] GET /api/snapshot → 200 (0ms)
00:22:06.242 🟧 [HTTP    ] GET /api/live_sessions/active → 200 (0ms)
00:22:06.258 🟧 [HTTP    ] GET /api/tasks → 200 (16ms)
00:22:07.228 🟧 [HTTP    ] GET /api/snapshot → 200 (0ms)
00:22:07.241 🟧 [HTTP    ] GET /api/tasks → 200 (12ms)
00:22:07.375 🟧 [HTTP    ] GET /api/tasks → 200 (3ms)
00:22:08.258 🟧 [HTTP    ] GET /api/snapshot → 200 (0ms)
00:22:08.260 🟧 [HTTP    ] GET /api/live_sessions/active → 200 (0ms)
00:22:08.276 🟧 [HTTP    ] GET /api/tasks → 200 (17ms)
00:22:09.307 🟧 [HTTP    ] GET /api/snapshot → 200 (0ms)
00:22:09.322 🟧 [HTTP    ] GET /api/tasks → 200 (14ms)
00:22:10.228 🟧 [HTTP    ] GET /api/snapshot → 200 (0ms)
00:22:10.229 🟧 [HTTP    ] GET /api/live_sessions/active → 200 (0ms)
00:22:10.245 🟧 [HTTP    ] GET /api/tasks → 200 (16ms)
00:22:11.233 🟧 [HTTP    ] GET /api/snapshot → 200 (0ms)
00:22:11.248 🟧 [HTTP    ] GET /api/tasks → 200 (14ms)
00:22:12.224 🟧 [HTTP    ] GET /api/snapshot → 200 (0ms)
00:22:12.225 🟧 [HTTP    ] GET /api/live_sessions/active → 200 (0ms)
00:22:12.240 🟧 [HTTP    ] GET /api/tasks → 200 (13ms)
00:22:13.226 🟧 [HTTP    ] GET /api/snapshot → 200 (0ms)
00:22:13.242 🟧 [HTTP    ] GET /api/tasks → 200 (14ms)
00:22:14.228 🟧 [HTTP    ] GET /api/snapshot → 200 (0ms)
00:22:14.229 🟧 [HTTP    ] GET /api/live_sessions/active → 200 (0ms)
00:22:14.243 🟧 [HTTP    ] GET /api/tasks → 200 (15ms)
00:22:15.231 🟧 [HTTP    ] GET /api/snapshot → 200 (0ms)
00:22:15.245 🟧 [HTTP    ] GET /api/tasks → 200 (15ms)
00:22:16.232 🟧 [HTTP    ] GET /api/snapshot → 200 (0ms)
00:22:16.233 🟧 [HTTP    ] GET /api/live_sessions/active → 200 (0ms)
00:22:16.244 🟧 [HTTP    ] GET /api/usage/stats → 200 (10ms)
00:22:16.252 🟧 [HTTP    ] GET /api/tasks → 200 (17ms)
00:22:17.230 🟧 [HTTP    ] GET /api/snapshot → 200 (0ms)
00:22:17.261 🟧 [HTTP    ] GET /api/tasks → 200 (25ms)
00:22:18.233 🟧 [HTTP    ] GET /api/snapshot → 200 (0ms)
00:22:18.235 🟧 [HTTP    ] GET /api/live_sessions/active → 200 (0ms)
00:22:18.249 🟧 [HTTP    ] GET /api/tasks → 200 (15ms)
00:22:19.268 🟧 [HTTP    ] GET /api/snapshot → 200 (0ms)
00:22:19.282 🟧 [HTTP    ] GET /api/tasks → 200 (15ms)
00:22:20.316 🟧 [HTTP    ] GET /api/snapshot → 200 (0ms)
00:22:20.317 🟧 [HTTP    ] GET /api/live_sessions/active → 200 (0ms)
00:22:20.332 🟧 [HTTP    ] GET /api/tasks → 200 (14ms)
00:22:21.230 🟧 [HTTP    ] GET /api/snapshot → 200 (0ms)
00:22:21.246 🟧 [HTTP    ] GET /api/tasks → 200 (14ms)
00:22:21.522 🟧 [HTTP    ] GET /api/tasks → 200 (2ms)
00:22:22.223 🟧 [HTTP    ] GET /api/snapshot → 200 (0ms)
00:22:22.224 🟧 [HTTP    ] GET /api/live_sessions/active → 200 (0ms)
00:22:22.245 🟧 [HTTP    ] GET /api/tasks → 200 (21ms)
00:22:23.232 🟧 [HTTP    ] GET /api/snapshot → 200 (0ms)
00:22:23.245 🟧 [HTTP    ] GET /api/tasks → 200 (14ms)
00:22:24.234 🟧 [HTTP    ] GET /api/snapshot → 200 (0ms)
00:22:24.235 🟧 [HTTP    ] GET /api/live_sessions/active → 200 (0ms)
00:22:24.248 🟧 [HTTP    ] GET /api/tasks → 200 (12ms)
00:22:25.225 🟧 [HTTP    ] GET /api/snapshot → 200 (0ms)
00:22:25.240 🟧 [HTTP    ] GET /api/tasks → 200 (14ms)
00:22:26.232 🟧 [HTTP    ] GET /api/snapshot → 200 (0ms)
00:22:26.233 🟧 [HTTP    ] GET /api/live_sessions/active → 200 (0ms)
00:22:26.248 🟧 [HTTP    ] GET /api/tasks → 200 (14ms)
00:22:27.226 🟧 [HTTP    ] GET /api/snapshot → 200 (0ms)
00:22:27.237 🟧 [HTTP    ] GET /api/tasks → 200 (12ms)
00:22:28.238 🟧 [HTTP    ] GET /api/live_sessions/active → 200 (0ms)
00:22:28.239 🟧 [HTTP    ] GET /api/snapshot → 200 (0ms)
00:22:28.254 🟧 [HTTP    ] GET /api/tasks → 200 (14ms)
00:22:29.232 🟧 [HTTP    ] GET /api/snapshot → 200 (0ms)
00:22:29.248 🟧 [HTTP    ] GET /api/tasks → 200 (14ms)
00:22:30.276 🟧 [HTTP    ] GET /api/live_sessions/active → 200 (0ms)
00:22:30.278 🟧 [HTTP    ] GET /api/snapshot → 200 (0ms)
00:22:30.293 🟧 [HTTP    ] GET /api/tasks → 200 (16ms)
00:22:31.226 🟧 [HTTP    ] GET /api/snapshot → 200 (0ms)
00:22:31.239 🟧 [HTTP    ] GET /api/tasks → 200 (13ms)
00:22:32.223 🟧 [HTTP    ] GET /api/snapshot → 200 (0ms)
00:22:32.224 🟧 [HTTP    ] GET /api/live_sessions/active → 200 (0ms)
00:22:32.244 🟧 [HTTP    ] GET /api/tasks → 200 (18ms)
00:22:33.235 🟧 [HTTP    ] GET /api/snapshot → 200 (0ms)
00:22:33.252 🟧 [HTTP    ] GET /api/tasks → 200 (13ms)
00:22:34.229 🟧 [HTTP    ] GET /api/snapshot → 200 (0ms)
00:22:34.230 🟧 [HTTP    ] GET /api/live_sessions/active → 200 (0ms)
00:22:34.241 🟧 [HTTP    ] GET /api/tasks → 200 (9ms)
00:22:35.244 🟧 [HTTP    ] GET /api/snapshot → 200 (0ms)
00:22:35.257 🟧 [HTTP    ] GET /api/tasks → 200 (11ms)
00:22:36.231 🟧 [HTTP    ] GET /api/snapshot → 200 (0ms)
00:22:36.234 🟧 [HTTP    ] GET /api/live_sessions/active → 200 (0ms)
00:22:36.246 🟧 [HTTP    ] GET /api/tasks → 200 (13ms)
00:22:37.228 🟧 [HTTP    ] GET /api/snapshot → 200 (0ms)
00:22:37.241 🟧 [HTTP    ] GET /api/tasks → 200 (12ms)
00:22:38.242 🟧 [HTTP    ] GET /api/live_sessions/active → 200 (0ms)
00:22:38.250 🟧 [HTTP    ] GET /api/snapshot → 200 (0ms)
00:22:38.270 🟧 [HTTP    ] GET /api/tasks → 200 (36ms)
00:22:39.235 🟧 [HTTP    ] GET /api/snapshot → 200 (0ms)
00:22:39.250 🟧 [HTTP    ] GET /api/tasks → 200 (15ms)
00:22:39.810 🟧 [HTTP    ] GET /api/tasks → 200 (3ms)
00:22:40.241 🟧 [HTTP    ] GET /api/snapshot → 200 (0ms)
00:22:40.242 🟧 [HTTP    ] GET /api/live_sessions/active → 200 (0ms)
00:22:40.258 🟧 [HTTP    ] GET /api/tasks → 200 (15ms)
00:22:41.286 🟧 [HTTP    ] GET /api/snapshot → 200 (0ms)
00:22:41.301 🟧 [HTTP    ] GET /api/tasks → 200 (14ms)
00:22:42.228 🟧 [HTTP    ] GET /api/live_sessions/active → 200 (0ms)
00:22:42.229 🟧 [HTTP    ] GET /api/snapshot → 200 (0ms)
00:22:42.243 🟧 [HTTP    ] GET /api/tasks → 200 (14ms)
00:22:42.848 🟧 [HTTP    ] GET /api/tasks → 200 (2ms)
00:22:43.238 🟧 [HTTP    ] GET /api/snapshot → 200 (0ms)
00:22:43.265 🟧 [HTTP    ] GET /api/tasks → 200 (23ms)
00:22:44.226 🟧 [HTTP    ] GET /api/snapshot → 200 (0ms)
00:22:44.227 🟧 [HTTP    ] GET /api/live_sessions/active → 200 (0ms)
00:22:44.242 🟧 [HTTP    ] GET /api/tasks → 200 (14ms)
00:22:45.238 🟧 [HTTP    ] GET /api/snapshot → 200 (0ms)
00:22:45.253 🟧 [HTTP    ] GET /api/tasks → 200 (14ms)
00:22:46.232 🟧 [HTTP    ] GET /api/snapshot → 200 (0ms)
00:22:46.233 🟧 [HTTP    ] GET /api/live_sessions/active → 200 (0ms)
00:22:46.243 🟧 [HTTP    ] GET /api/usage/stats → 200 (9ms)
00:22:46.251 🟧 [HTTP    ] GET /api/tasks → 200 (16ms)
00:22:47.228 🟧 [HTTP    ] GET /api/snapshot → 200 (0ms)
00:22:47.243 🟧 [HTTP    ] GET /api/tasks → 200 (15ms)
00:22:48.230 🟧 [HTTP    ] GET /api/live_sessions/active → 200 (0ms)
00:22:48.231 🟧 [HTTP    ] GET /api/snapshot → 200 (0ms)
00:22:48.240 🟧 [HTTP    ] GET /api/tasks → 200 (9ms)
00:22:49.237 🟧 [HTTP    ] GET /api/snapshot → 200 (0ms)
00:22:49.251 🟧 [HTTP    ] GET /api/tasks → 200 (13ms)
00:22:50.230 🟧 [HTTP    ] GET /api/snapshot → 200 (0ms)
00:22:50.231 🟧 [HTTP    ] GET /api/live_sessions/active → 200 (0ms)
00:22:50.246 🟧 [HTTP    ] GET /api/tasks → 200 (14ms)
00:22:51.028 🟧 [HTTP    ] GET /api/tasks → 200 (3ms)
00:22:51.248 🟧 [HTTP    ] GET /api/snapshot → 200 (0ms)
00:22:51.263 🟧 [HTTP    ] GET /api/tasks → 200 (14ms)
00:22:52.297 🟧 [HTTP    ] GET /api/snapshot → 200 (0ms)
00:22:52.298 🟧 [HTTP    ] GET /api/live_sessions/active → 200 (0ms)
00:22:52.316 🟧 [HTTP    ] GET /api/tasks → 200 (18ms)
00:22:53.228 🟧 [HTTP    ] GET /api/snapshot → 200 (0ms)
00:22:53.247 🟧 [HTTP    ] GET /api/tasks → 200 (18ms)
00:22:54.228 🟧 [HTTP    ] GET /api/snapshot → 200 (0ms)
00:22:54.230 🟧 [HTTP    ] GET /api/live_sessions/active → 200 (0ms)
00:22:54.245 🟧 [HTTP    ] GET /api/tasks → 200 (14ms)
00:22:55.229 🟧 [HTTP    ] GET /api/snapshot → 200 (0ms)
00:22:55.245 🟧 [HTTP    ] GET /api/tasks → 200 (14ms)
00:22:56.231 🟧 [HTTP    ] GET /api/snapshot → 200 (0ms)
00:22:56.233 🟧 [HTTP    ] GET /api/live_sessions/active → 200 (0ms)
00:22:56.247 🟧 [HTTP    ] GET /api/tasks → 200 (15ms)
00:22:57.226 🟧 [HTTP    ] GET /api/snapshot → 200 (0ms)
00:22:57.242 🟧 [HTTP    ] GET /api/tasks → 200 (14ms)
00:22:58.231 🟧 [HTTP    ] GET /api/snapshot → 200 (0ms)
00:22:58.232 🟧 [HTTP    ] GET /api/live_sessions/active → 200 (0ms)
00:22:58.247 🟧 [HTTP    ] GET /api/tasks → 200 (14ms)
00:23:07.528 🟧 [HTTP    ] GET /api/tasks → 200 (2ms)
00:23:14.805 🟧 [HTTP    ] GET /api/tasks → 200 (3ms)
00:23:26.492 🟧 [HTTP    ] GET /api/tasks → 200 (3ms)
00:23:27.423 🟧 [HTTP    ] GET /api/snapshot → 200 (0ms)
00:23:27.426 🟧 [HTTP    ] GET /api/live_sessions/active → 200 (0ms)
00:23:27.436 🟧 [HTTP    ] GET /api/usage/stats → 200 (10ms)
00:23:27.443 🟧 [HTTP    ] GET /api/tasks → 200 (19ms)
00:23:27.627 🟧 [HTTP    ] GET /api/live_sessions/active → 200 (0ms)
00:23:27.641 🟧 [HTTP    ] GET /api/tasks → 200 (15ms)
00:23:28.027 🟧 [HTTP    ] GET /api/snapshot → 200 (0ms)
00:23:28.529 🟧 [HTTP    ] GET /api/snapshot → 200 (0ms)
00:23:28.642 🟧 [HTTP    ] GET /api/tasks → 200 (15ms)
00:23:29.032 🟧 [HTTP    ] GET /api/snapshot → 200 (0ms)
00:23:29.530 🟧 [HTTP    ] GET /api/snapshot → 200 (0ms)
00:23:29.631 🟧 [HTTP    ] GET /api/live_sessions/active → 200 (0ms)
00:23:29.648 🟧 [HTTP    ] GET /api/tasks → 200 (16ms)
00:23:30.044 🟧 [HTTP    ] GET /api/snapshot → 200 (0ms)
00:23:30.568 🟧 [HTTP    ] GET /api/snapshot → 200 (0ms)
00:23:30.651 🟧 [HTTP    ] GET /api/tasks → 200 (20ms)
00:23:31.092 🟧 [HTTP    ] GET /api/snapshot → 200 (0ms)
00:23:31.465 🟧 [HTTP    ] GET /api/tasks → 200 (3ms)
00:23:31.616 🟧 [HTTP    ] GET /api/snapshot → 200 (0ms)
00:23:31.626 🟧 [HTTP    ] GET /api/live_sessions/active → 200 (0ms)
00:23:31.641 🟧 [HTTP    ] GET /api/tasks → 200 (14ms)
00:23:32.029 🟧 [HTTP    ] GET /api/snapshot → 200 (0ms)
00:23:32.529 🟧 [HTTP    ] GET /api/snapshot → 200 (0ms)
00:23:32.679 🟧 [HTTP    ] GET /api/tasks → 200 (14ms)
00:23:33.029 🟧 [HTTP    ] GET /api/snapshot → 200 (0ms)
00:23:33.528 🟧 [HTTP    ] GET /api/snapshot → 200 (0ms)
00:23:33.714 🟧 [HTTP    ] GET /api/live_sessions/active → 200 (0ms)
00:23:33.730 🟧 [HTTP    ] GET /api/tasks → 200 (14ms)
00:23:34.237 🟧 [HTTP    ] GET /api/snapshot → 200 (0ms)
00:23:35.288 🟧 [HTTP    ] GET /api/snapshot → 200 (0ms)
00:23:35.302 🟧 [HTTP    ] GET /api/tasks → 200 (15ms)
00:23:36.230 🟧 [HTTP    ] GET /api/snapshot → 200 (0ms)
00:23:36.231 🟧 [HTTP    ] GET /api/live_sessions/active → 200 (0ms)
00:23:36.249 🟧 [HTTP    ] GET /api/tasks → 200 (17ms)
00:23:37.236 🟧 [HTTP    ] GET /api/snapshot → 200 (0ms)
00:23:37.252 🟧 [HTTP    ] GET /api/tasks → 200 (15ms)
00:23:38.233 🟧 [HTTP    ] GET /api/snapshot → 200 (0ms)
00:23:38.234 🟧 [HTTP    ] GET /api/live_sessions/active → 200 (0ms)
00:23:38.251 🟧 [HTTP    ] GET /api/tasks → 200 (15ms)
00:23:39.232 🟧 [HTTP    ] GET /api/snapshot → 200 (0ms)
00:23:39.254 🟧 [HTTP    ] GET /api/tasks → 200 (17ms)
00:23:40.231 🟧 [HTTP    ] GET /api/snapshot → 200 (0ms)
00:23:40.232 🟧 [HTTP    ] GET /api/live_sessions/active → 200 (0ms)
00:23:40.240 🟧 [HTTP    ] GET /api/tasks → 200 (7ms)
00:23:40.656 🟧 [HTTP    ] GET /api/snapshot → 200 (0ms)
00:23:40.673 🟧 [HTTP    ] GET /api/tasks → 200 (16ms)
00:23:41.055 🟧 [HTTP    ] GET /api/snapshot → 200 (0ms)
00:23:41.594 🟧 [HTTP    ] GET /api/snapshot → 200 (0ms)
00:23:41.630 🟧 [HTTP    ] GET /api/live_sessions/active → 200 (0ms)
00:23:41.646 🟧 [HTTP    ] GET /api/tasks → 200 (16ms)
00:23:42.103 🟧 [HTTP    ] GET /api/snapshot → 200 (0ms)
00:23:42.528 🟧 [HTTP    ] GET /api/snapshot → 200 (0ms)
00:23:42.641 🟧 [HTTP    ] GET /api/tasks → 200 (12ms)
00:23:43.030 🟧 [HTTP    ] GET /api/snapshot → 200 (0ms)
00:23:43.529 🟧 [HTTP    ] GET /api/snapshot → 200 (0ms)
00:23:43.676 🟧 [HTTP    ] GET /api/live_sessions/active → 200 (0ms)
00:23:43.684 🟧 [HTTP    ] GET /api/tasks → 200 (8ms)
00:23:44.028 🟧 [HTTP    ] GET /api/snapshot → 200 (0ms)
00:23:44.531 🟧 [HTTP    ] GET /api/snapshot → 200 (0ms)
00:23:44.646 🟧 [HTTP    ] GET /api/tasks → 200 (15ms)
00:23:45.031 🟧 [HTTP    ] GET /api/snapshot → 200 (0ms)
00:23:45.528 🟧 [HTTP    ] GET /api/snapshot → 200 (0ms)
00:23:45.628 🟧 [HTTP    ] GET /api/live_sessions/active → 200 (0ms)
00:23:45.640 🟧 [HTTP    ] GET /api/usage/stats → 200 (13ms)
00:23:45.648 🟧 [HTTP    ] GET /api/tasks → 200 (18ms)
00:23:46.028 🟧 [HTTP    ] GET /api/snapshot → 200 (0ms)
00:23:46.532 🟧 [HTTP    ] GET /api/snapshot → 200 (0ms)
00:23:46.699 🟧 [HTTP    ] GET /api/tasks → 200 (34ms)
00:23:47.029 🟧 [HTTP    ] GET /api/snapshot → 200 (0ms)
00:23:47.528 🟧 [HTTP    ] GET /api/snapshot → 200 (0ms)
00:23:47.632 🟧 [HTTP    ] GET /api/live_sessions/active → 200 (0ms)
00:23:47.647 🟧 [HTTP    ] GET /api/tasks → 200 (15ms)
00:23:48.031 🟧 [HTTP    ] GET /api/snapshot → 200 (0ms)
00:23:48.533 🟧 [HTTP    ] GET /api/snapshot → 200 (0ms)
00:23:48.545 🟧 [HTTP    ] GET /api/tasks → 200 (19ms)
00:23:48.643 🟧 [HTTP    ] GET /api/tasks → 200 (14ms)
00:23:49.028 🟧 [HTTP    ] GET /api/snapshot → 200 (0ms)
00:23:49.532 🟧 [HTTP    ] GET /api/snapshot → 200 (0ms)
00:23:49.632 🟧 [HTTP    ] GET /api/live_sessions/active → 200 (0ms)
00:23:49.647 🟧 [HTTP    ] GET /api/tasks → 200 (14ms)
00:23:50.028 🟧 [HTTP    ] GET /api/snapshot → 200 (0ms)
00:23:50.531 🟧 [HTTP    ] GET /api/snapshot → 200 (0ms)
00:23:50.637 🟧 [HTTP    ] GET /api/tasks → 200 (10ms)
00:23:51.027 🟧 [HTTP    ] GET /api/snapshot → 200 (0ms)
00:23:51.539 🟧 [HTTP    ] GET /api/snapshot → 200 (0ms)
00:23:51.629 🟧 [HTTP    ] GET /api/live_sessions/active → 200 (0ms)
00:23:51.643 🟧 [HTTP    ] GET /api/tasks → 200 (13ms)
00:23:52.062 🟧 [HTTP    ] GET /api/snapshot → 200 (0ms)
00:23:52.587 🟧 [HTTP    ] GET /api/snapshot → 200 (0ms)
00:23:52.644 🟧 [HTTP    ] GET /api/tasks → 200 (15ms)
00:23:53.114 🟧 [HTTP    ] GET /api/snapshot → 200 (0ms)
00:23:53.530 🟧 [HTTP    ] GET /api/snapshot → 200 (0ms)
00:23:53.637 🟧 [HTTP    ] GET /api/live_sessions/active → 200 (0ms)
00:23:53.651 🟧 [HTTP    ] GET /api/tasks → 200 (15ms)
00:23:54.225 🟧 [HTTP    ] GET /api/snapshot → 200 (0ms)
00:23:55.225 🟧 [HTTP    ] GET /api/snapshot → 200 (0ms)
00:23:55.241 🟧 [HTTP    ] GET /api/tasks → 200 (15ms)
00:23:56.257 🟧 [HTTP    ] GET /api/snapshot → 200 (0ms)
00:23:56.259 🟧 [HTTP    ] GET /api/live_sessions/active → 200 (0ms)
00:23:56.273 🟧 [HTTP    ] GET /api/tasks → 200 (15ms)
00:23:57.307 🟧 [HTTP    ] GET /api/snapshot → 200 (0ms)
00:23:57.321 🟧 [HTTP    ] GET /api/tasks → 200 (15ms)
00:23:58.179 🟧 [HTTP    ] GET /api/tasks → 200 (3ms)
00:23:58.227 🟧 [HTTP    ] GET /api/snapshot → 200 (0ms)
00:23:58.228 🟧 [HTTP    ] GET /api/live_sessions/active → 200 (0ms)
00:23:58.244 🟧 [HTTP    ] GET /api/tasks → 200 (15ms)
00:23:59.227 🟧 [HTTP    ] GET /api/snapshot → 200 (0ms)
00:23:59.239 🟧 [HTTP    ] GET /api/tasks → 200 (10ms)
00:24:00.230 🟧 [HTTP    ] GET /api/live_sessions/active → 200 (0ms)
00:24:00.232 🟧 [HTTP    ] GET /api/snapshot → 200 (0ms)
00:24:00.248 🟧 [HTTP    ] GET /api/tasks → 200 (14ms)
00:24:01.232 🟧 [HTTP    ] GET /api/snapshot → 200 (0ms)
00:24:01.247 🟧 [HTTP    ] GET /api/tasks → 200 (14ms)
00:24:02.232 🟧 [HTTP    ] GET /api/live_sessions/active → 200 (0ms)
00:24:02.234 🟧 [HTTP    ] GET /api/snapshot → 200 (0ms)
00:24:02.254 🟧 [HTTP    ] GET /api/tasks → 200 (21ms)
00:24:03.228 🟧 [HTTP    ] GET /api/snapshot → 200 (0ms)
00:24:03.245 🟧 [HTTP    ] GET /api/tasks → 200 (15ms)
00:24:04.229 🟧 [HTTP    ] GET /api/live_sessions/active → 200 (0ms)
00:24:04.230 🟧 [HTTP    ] GET /api/snapshot → 200 (0ms)
00:24:04.247 🟧 [HTTP    ] GET /api/tasks → 200 (16ms)
00:24:05.225 🟧 [HTTP    ] GET /api/snapshot → 200 (0ms)
00:24:05.242 🟧 [HTTP    ] GET /api/tasks → 200 (16ms)
00:24:05.297 🟧 [HTTP    ] GET /api/tasks → 200 (3ms)
00:24:06.231 🟧 [HTTP    ] GET /api/snapshot → 200 (0ms)
00:24:06.232 🟧 [HTTP    ] GET /api/live_sessions/active → 200 (0ms)
00:24:06.247 🟧 [HTTP    ] GET /api/tasks → 200 (14ms)
00:24:07.267 🟧 [HTTP    ] GET /api/snapshot → 200 (0ms)
00:24:07.282 🟧 [HTTP    ] GET /api/tasks → 200 (14ms)
00:24:08.318 🟧 [HTTP    ] GET /api/snapshot → 200 (0ms)
00:24:08.319 🟧 [HTTP    ] GET /api/live_sessions/active → 200 (0ms)
00:24:08.337 🟧 [HTTP    ] GET /api/tasks → 200 (15ms)
00:24:09.224 🟧 [HTTP    ] GET /api/snapshot → 200 (0ms)
00:24:09.241 🟧 [HTTP    ] GET /api/tasks → 200 (14ms)
00:24:10.229 🟧 [HTTP    ] GET /api/snapshot → 200 (0ms)
00:24:10.230 🟧 [HTTP    ] GET /api/live_sessions/active → 200 (0ms)
00:24:10.249 🟧 [HTTP    ] GET /api/tasks → 200 (18ms)
00:24:11.227 🟧 [HTTP    ] GET /api/snapshot → 200 (0ms)
00:24:11.273 🟧 [HTTP    ] GET /api/tasks → 200 (46ms)
00:24:12.229 🟧 [HTTP    ] GET /api/snapshot → 200 (0ms)
00:24:12.230 🟧 [HTTP    ] GET /api/live_sessions/active → 200 (0ms)
00:24:12.245 🟧 [HTTP    ] GET /api/tasks → 200 (14ms)
00:24:13.239 🟧 [HTTP    ] GET /api/snapshot → 200 (0ms)
00:24:13.254 🟧 [HTTP    ] GET /api/tasks → 200 (14ms)
00:24:14.229 🟧 [HTTP    ] GET /api/snapshot → 200 (0ms)
00:24:14.231 🟧 [HTTP    ] GET /api/live_sessions/active → 200 (0ms)
00:24:14.243 🟧 [HTTP    ] GET /api/tasks → 200 (13ms)
00:24:15.226 🟧 [HTTP    ] GET /api/snapshot → 200 (0ms)
00:24:15.242 🟧 [HTTP    ] GET /api/tasks → 200 (15ms)
00:24:16.186 🟧 [HTTP    ] GET /api/snapshot → 200 (0ms)
00:24:16.188 🟧 [HTTP    ] GET /api/live_sessions/active → 200 (0ms)
00:24:16.210 🟧 [HTTP    ] GET /api/usage/stats → 200 (21ms)
00:24:16.219 🟧 [HTTP    ] GET /api/tasks → 200 (29ms)
00:24:16.529 🟧 [HTTP    ] GET /api/snapshot → 200 (0ms)
00:24:16.548 🟧 [HTTP    ] GET /api/tasks → 200 (3ms)
00:24:16.719 🟧 [HTTP    ] GET /api/tasks → 200 (14ms)
00:24:17.027 🟧 [HTTP    ] GET /api/snapshot → 200 (0ms)
00:24:17.535 🟧 [HTTP    ] GET /api/snapshot → 200 (0ms)
00:24:17.630 🟧 [HTTP    ] GET /api/live_sessions/active → 200 (0ms)
00:24:17.647 🟧 [HTTP    ] GET /api/tasks → 200 (14ms)
00:24:18.276 🟧 [HTTP    ] GET /api/snapshot → 200 (0ms)
00:24:19.225 🟧 [HTTP    ] GET /api/snapshot → 200 (0ms)
00:24:19.243 🟧 [HTTP    ] GET /api/tasks → 200 (16ms)
00:24:20.231 🟧 [HTTP    ] GET /api/snapshot → 200 (0ms)
00:24:20.232 🟧 [HTTP    ] GET /api/live_sessions/active → 200 (0ms)
00:24:20.248 🟧 [HTTP    ] GET /api/tasks → 200 (14ms)
00:24:20.791 🟧 [HTTP    ] GET /api/snapshot → 200 (0ms)
00:24:20.809 🟧 [HTTP    ] GET /api/tasks → 200 (19ms)
00:24:21.029 🟧 [HTTP    ] GET /api/snapshot → 200 (0ms)
00:24:21.528 🟧 [HTTP    ] GET /api/snapshot → 200 (0ms)
00:24:21.636 🟧 [HTTP    ] GET /api/live_sessions/active → 200 (0ms)
00:24:21.676 🟧 [HTTP    ] GET /api/tasks → 200 (39ms)
00:24:22.031 🟧 [HTTP    ] GET /api/snapshot → 200 (0ms)
00:24:22.531 🟧 [HTTP    ] GET /api/snapshot → 200 (0ms)
00:24:22.646 🟧 [HTTP    ] GET /api/tasks → 200 (14ms)
00:24:23.029 🟧 [HTTP    ] GET /api/snapshot → 200 (0ms)
00:24:23.528 🟧 [HTTP    ] GET /api/snapshot → 200 (0ms)
00:24:23.629 🟧 [HTTP    ] GET /api/live_sessions/active → 200 (0ms)
00:24:23.643 🟧 [HTTP    ] GET /api/tasks → 200 (13ms)
00:24:23.830 🟧 [HTTP    ] GET /api/tasks → 200 (3ms)
00:24:24.225 🟧 [HTTP    ] GET /api/snapshot → 200 (0ms)
00:24:25.229 🟧 [HTTP    ] GET /api/snapshot → 200 (0ms)
00:24:25.239 🟧 [HTTP    ] GET /api/tasks → 200 (11ms)
00:24:26.229 🟧 [HTTP    ] GET /api/snapshot → 200 (0ms)
00:24:26.230 🟧 [HTTP    ] GET /api/live_sessions/active → 200 (0ms)
00:24:26.246 🟧 [HTTP    ] GET /api/tasks → 200 (15ms)
00:24:27.233 🟧 [HTTP    ] GET /api/snapshot → 200 (0ms)
00:24:27.250 🟧 [HTTP    ] GET /api/tasks → 200 (17ms)
00:24:28.238 🟧 [HTTP    ] GET /api/snapshot → 200 (0ms)
00:24:28.239 🟧 [HTTP    ] GET /api/live_sessions/active → 200 (0ms)
00:24:28.256 🟧 [HTTP    ] GET /api/tasks → 200 (14ms)
00:24:29.287 🟧 [HTTP    ] GET /api/snapshot → 200 (0ms)
00:24:29.293 🟧 [HTTP    ] GET /api/tasks → 200 (6ms)
00:24:29.428 🟧 [HTTP    ] GET /api/tasks → 200 (2ms)
00:24:30.230 🟧 [HTTP    ] GET /api/snapshot → 200 (0ms)
00:24:30.231 🟧 [HTTP    ] GET /api/live_sessions/active → 200 (0ms)
00:24:30.247 🟧 [HTTP    ] GET /api/tasks → 200 (15ms)
00:24:31.229 🟧 [HTTP    ] GET /api/snapshot → 200 (0ms)
00:24:31.245 🟧 [HTTP    ] GET /api/tasks → 200 (15ms)
00:24:32.232 🟧 [HTTP    ] GET /api/live_sessions/active → 200 (0ms)
00:24:32.233 🟧 [HTTP    ] GET /api/snapshot → 200 (0ms)
00:24:32.247 🟧 [HTTP    ] GET /api/tasks → 200 (13ms)
00:24:33.225 🟧 [HTTP    ] GET /api/snapshot → 200 (0ms)
00:24:33.245 🟧 [HTTP    ] GET /api/tasks → 200 (14ms)
00:24:34.231 🟧 [HTTP    ] GET /api/snapshot → 200 (0ms)
00:24:34.233 🟧 [HTTP    ] GET /api/live_sessions/active → 200 (0ms)
00:24:34.247 🟧 [HTTP    ] GET /api/tasks → 200 (15ms)
00:24:35.227 🟧 [HTTP    ] GET /api/snapshot → 200 (0ms)
00:24:35.248 🟧 [HTTP    ] GET /api/tasks → 200 (16ms)
00:24:35.754 🟧 [HTTP    ] GET /api/tasks → 200 (3ms)
00:24:36.233 🟧 [HTTP    ] GET /api/snapshot → 200 (0ms)
00:24:36.234 🟧 [HTTP    ] GET /api/live_sessions/active → 200 (0ms)
00:24:36.249 🟧 [HTTP    ] GET /api/tasks → 200 (14ms)
00:24:37.239 🟧 [HTTP    ] GET /api/snapshot → 200 (0ms)
00:24:37.254 🟧 [HTTP    ] GET /api/tasks → 200 (14ms)
00:24:38.228 🟧 [HTTP    ] GET /api/snapshot → 200 (0ms)
00:24:38.229 🟧 [HTTP    ] GET /api/live_sessions/active → 200 (0ms)
00:24:38.244 🟧 [HTTP    ] GET /api/tasks → 200 (15ms)
00:24:39.248 🟧 [HTTP    ] GET /api/snapshot → 200 (0ms)
00:24:39.262 🟧 [HTTP    ] GET /api/tasks → 200 (13ms)
00:24:40.298 🟧 [HTTP    ] GET /api/snapshot → 200 (0ms)
00:24:40.300 🟧 [HTTP    ] GET /api/live_sessions/active → 200 (0ms)
00:24:40.311 🟧 [HTTP    ] GET /api/tasks → 200 (12ms)
00:24:41.228 🟧 [HTTP    ] GET /api/snapshot → 200 (0ms)
00:24:41.240 🟧 [HTTP    ] GET /api/tasks → 200 (2ms)
00:24:41.244 🟧 [HTTP    ] GET /api/tasks → 200 (16ms)
00:24:42.232 🟧 [HTTP    ] GET /api/live_sessions/active → 200 (0ms)
00:24:42.233 🟧 [HTTP    ] GET /api/snapshot → 200 (0ms)
00:24:42.247 🟧 [HTTP    ] GET /api/tasks → 200 (16ms)
00:24:43.229 🟧 [HTTP    ] GET /api/snapshot → 200 (0ms)
00:24:43.245 🟧 [HTTP    ] GET /api/tasks → 200 (16ms)
00:24:44.230 🟧 [HTTP    ] GET /api/snapshot → 200 (0ms)
00:24:44.232 🟧 [HTTP    ] GET /api/live_sessions/active → 200 (0ms)
00:24:44.248 🟧 [HTTP    ] GET /api/tasks → 200 (15ms)
00:24:45.225 🟧 [HTTP    ] GET /api/snapshot → 200 (0ms)
00:24:45.241 🟧 [HTTP    ] GET /api/tasks → 200 (14ms)
00:24:46.383 🟧 [HTTP    ] GET /api/snapshot → 200 (0ms)
00:24:46.384 🟧 [HTTP    ] GET /api/live_sessions/active → 200 (0ms)
00:24:46.393 🟧 [HTTP    ] GET /api/usage/stats → 200 (8ms)
00:24:46.399 🟧 [HTTP    ] GET /api/tasks → 200 (14ms)
00:24:47.226 🟧 [HTTP    ] GET /api/snapshot → 200 (0ms)
00:24:47.243 🟧 [HTTP    ] GET /api/tasks → 200 (16ms)
00:24:48.230 🟧 [HTTP    ] GET /api/live_sessions/active → 200 (0ms)
00:24:48.231 🟧 [HTTP    ] GET /api/snapshot → 200 (0ms)
00:24:48.246 🟧 [HTTP    ] GET /api/tasks → 200 (14ms)
00:24:49.254 🟧 [HTTP    ] GET /api/snapshot → 200 (0ms)
00:24:49.269 🟧 [HTTP    ] GET /api/tasks → 200 (14ms)
00:24:50.258 🟧 [HTTP    ] GET /api/snapshot → 200 (0ms)
00:24:50.260 🟧 [HTTP    ] GET /api/live_sessions/active → 200 (0ms)
00:24:50.277 🟧 [HTTP    ] GET /api/tasks → 200 (18ms)
00:24:51.079 🟧 [HTTP    ] GET /api/tasks → 200 (3ms)
00:24:51.306 🟧 [HTTP    ] GET /api/snapshot → 200 (0ms)
00:24:51.317 🟧 [HTTP    ] GET /api/tasks → 200 (11ms)
00:24:52.247 🟧 [HTTP    ] GET /api/live_sessions/active → 200 (0ms)
00:24:52.248 🟧 [HTTP    ] GET /api/snapshot → 200 (0ms)
00:24:52.263 🟧 [HTTP    ] GET /api/tasks → 200 (14ms)
00:24:53.225 🟧 [HTTP    ] GET /api/snapshot → 200 (0ms)
00:24:53.241 🟧 [HTTP    ] GET /api/tasks → 200 (15ms)
00:24:54.230 🟧 [HTTP    ] GET /api/snapshot → 200 (0ms)
00:24:54.238 🟧 [HTTP    ] GET /api/live_sessions/active → 200 (0ms)
00:24:54.266 🟧 [HTTP    ] GET /api/tasks → 200 (34ms)
00:24:55.231 🟧 [HTTP    ] GET /api/snapshot → 200 (0ms)
00:24:55.248 🟧 [HTTP    ] GET /api/tasks → 200 (16ms)
00:24:56.224 🟧 [HTTP    ] GET /api/snapshot → 200 (0ms)
00:24:56.225 🟧 [HTTP    ] GET /api/live_sessions/active → 200 (0ms)
00:24:56.243 🟧 [HTTP    ] GET /api/tasks → 200 (16ms)
00:24:57.227 🟧 [HTTP    ] GET /api/snapshot → 200 (0ms)
00:24:57.243 🟧 [HTTP    ] GET /api/tasks → 200 (15ms)
00:24:58.233 🟧 [HTTP    ] GET /api/snapshot → 200 (0ms)
00:24:58.235 🟧 [HTTP    ] GET /api/live_sessions/active → 200 (0ms)
00:24:58.248 🟧 [HTTP    ] GET /api/tasks → 200 (14ms)
00:24:59.233 🟧 [HTTP    ] GET /api/snapshot → 200 (0ms)
00:24:59.250 🟧 [HTTP    ] GET /api/tasks → 200 (16ms)
00:25:00.227 🟧 [HTTP    ] GET /api/snapshot → 200 (0ms)
00:25:00.228 🟧 [HTTP    ] GET /api/live_sessions/active → 200 (0ms)
00:25:00.245 🟧 [HTTP    ] GET /api/tasks → 200 (16ms)
