23:15:07.423 🟧 [HTTP    ] GET /api/tasks → 200 (4ms)
23:15:07.439 🩵 [TASK    ] [eaf2e685] ACTION [cli] — web_search: Iran war breaking news March 28 2026
23:15:07.439 🟧 [HTTP    ] POST /task_log_action → 200 (13ms)
23:15:07.494 🩵 [TASK    ] [eaf2e685] ACTION [cli] — web_search: Iran war breaking news March 28 2026
23:15:07.495 🟧 [HTTP    ] POST /task_log_action → 200 (32ms)
23:15:08.280 🩵 [TASK    ] [eaf2e685] ACTION [cli] — exec
23:15:08.280 🟧 [HTTP    ] POST /task_log_action → 200 (14ms)
23:15:08.307 🩵 [TASK    ] [eaf2e685] ACTION [cli] — exec
23:15:08.307 🟧 [HTTP    ] POST /task_log_action → 200 (15ms)
23:15:21.470 🟧 [HTTP    ] GET /api/tasks → 200 (3ms)
23:15:21.485 🩵 [TASK    ] [eaf2e685] ACTION [cli] — exec
23:15:21.486 🟧 [HTTP    ] POST /task_log_action → 200 (13ms)
23:15:21.523 🩵 [TASK    ] [eaf2e685] ACTION [cli] — exec
23:15:21.524 🟧 [HTTP    ] POST /task_log_action → 200 (14ms)
23:14:50.775 🟧 [HTTP    ] GET /api/tasks → 200 (4ms)
23:14:50.796 🩵 [TASK    ] [eaf2e685] ACTION [cli] — web_fetch
23:14:50.796 🟧 [HTTP    ] POST /task_log_action → 200 (16ms)
23:14:50.823 🩵 [TASK    ] [eaf2e685] ACTION [cli] — web_fetch
23:14:50.823 🟧 [HTTP    ] POST /task_log_action → 200 (13ms)
23:14:51.584 🩵 [TASK    ] [eaf2e685] ACTION [cli] — web_search: Iran war news March 29 2026 late breaking ceasefire strikes
23:14:51.585 🟧 [HTTP    ] POST /task_log_action → 200 (15ms)
23:14:51.616 🩵 [TASK    ] [eaf2e685] ACTION [cli] — web_search: Iran war news March 29 2026 late breaking ceasefire strikes
23:14:51.617 🟧 [HTTP    ] POST /task_log_action → 200 (15ms)
23:15:05.767 🟧 [HTTP    ] GET /api/tasks → 200 (4ms)
23:15:05.787 🩵 [TASK    ] [eaf2e685] ACTION [cli] — web_fetch
23:15:05.788 🟧 [HTTP    ] POST /task_log_action → 200 (18ms)
23:15:05.815 🩵 [TASK    ] [eaf2e685] ACTION [cli] — web_fetch
23:15:05.815 🟧 [HTTP    ] POST /task_log_action → 200 (15ms)
23:15:24.541 🟧 [HTTP    ] GET /api/tasks → 200 (4ms)
23:15:24.558 🩵 [TASK    ] [eaf2e685] ACTION [cli] — message
23:15:24.558 🟧 [HTTP    ] POST /task_log_action → 200 (14ms)
23:15:24.582 🩵 [TASK    ] [eaf2e685] ACTION [cli] — message
23:15:24.583 🟧 [HTTP    ] POST /task_log_action → 200 (15ms)
23:15:36.049 🟧 [HTTP    ] GET /api/tasks → 200 (4ms)
23:15:36.066 🩵 [TASK    ] [eaf2e685] ACTION [cli] — edit
23:15:36.067 🟧 [HTTP    ] POST /task_log_action → 200 (15ms)
23:15:36.102 🩵 [TASK    ] [eaf2e685] ACTION [cli] — edit
23:15:36.103 🟧 [HTTP    ] POST /task_log_action → 200 (17ms)
23:15:36.117 🩵 [TASK    ] [eaf2e685] ACTION [cli] — edit
23:15:36.117 🟧 [HTTP    ] POST /task_log_action → 200 (22ms)
23:15:36.150 🩵 [TASK    ] [eaf2e685] ACTION [cli] — edit
23:15:36.151 🟧 [HTTP    ] POST /task_log_action → 200 (15ms)
23:15:36.164 🩵 [TASK    ] [eaf2e685] ACTION [cli] — edit
23:15:36.164 🟧 [HTTP    ] POST /task_log_action → 200 (15ms)
23:15:36.187 🩵 [TASK    ] [eaf2e685] ACTION [cli] — edit
23:15:36.187 🟧 [HTTP    ] POST /task_log_action → 200 (15ms)
23:11:00.229 🟧 [HTTP    ] GET /api/tasks/0c8d2a65/snapshot → 200 (5ms)
23:11:00.235 🟧 [HTTP    ] GET /api/tasks/0c8d2a65 → 200 (11ms)
23:11:00.243 🟧 [HTTP    ] GET /api/tasks → 200 (18ms)
23:11:01.229 🟧 [HTTP    ] GET /api/live_sessions/active → 200 (0ms)
23:11:01.232 🟧 [HTTP    ] GET /api/tasks/0c8d2a65/snapshot → 200 (6ms)
23:11:01.242 🟧 [HTTP    ] GET /api/tasks/0c8d2a65 → 200 (15ms)
23:11:01.254 🟧 [HTTP    ] GET /api/tasks → 200 (24ms)
23:11:02.263 🟧 [HTTP    ] GET /api/tasks/0c8d2a65/snapshot → 200 (5ms)
23:11:02.273 🟧 [HTTP    ] GET /api/tasks/0c8d2a65 → 200 (14ms)
23:11:02.283 🟧 [HTTP    ] GET /api/tasks → 200 (25ms)
23:11:03.310 🟧 [HTTP    ] GET /api/live_sessions/active → 200 (0ms)
23:11:03.315 🟧 [HTTP    ] GET /api/tasks/0c8d2a65/snapshot → 200 (7ms)
23:11:03.320 🟧 [HTTP    ] GET /api/tasks/0c8d2a65 → 200 (11ms)
23:11:03.326 🟧 [HTTP    ] GET /api/tasks → 200 (18ms)
23:11:03.492 🟧 [HTTP    ] POST /gui_agent/cancel → 200 (2ms)
23:11:04.238 🟧 [HTTP    ] GET /api/tasks/0c8d2a65/snapshot → 200 (11ms)
23:11:04.244 🟧 [HTTP    ] GET /api/tasks/0c8d2a65 → 200 (17ms)
23:11:04.258 🟧 [HTTP    ] GET /api/tasks → 200 (22ms)
23:11:05.226 🟧 [HTTP    ] GET /api/live_sessions/active → 200 (0ms)
23:11:05.234 🟧 [HTTP    ] GET /api/tasks/0c8d2a65/snapshot → 200 (7ms)
23:11:05.238 🟧 [HTTP    ] GET /api/tasks/0c8d2a65 → 200 (10ms)
23:11:05.251 🟧 [HTTP    ] GET /api/tasks → 200 (23ms)
23:11:06.232 🟧 [HTTP    ] GET /api/tasks/0c8d2a65/snapshot → 200 (5ms)
23:11:06.242 🟧 [HTTP    ] GET /api/tasks/0c8d2a65 → 200 (14ms)
23:11:06.254 🟧 [HTTP    ] GET /api/tasks → 200 (25ms)
23:11:07.246 🟧 [HTTP    ] GET /api/live_sessions/active → 200 (0ms)
23:11:07.250 🟧 [HTTP    ] GET /api/tasks/0c8d2a65/snapshot → 200 (5ms)
23:11:07.257 🟧 [HTTP    ] GET /api/tasks/0c8d2a65 → 200 (14ms)
23:11:07.266 🟧 [HTTP    ] GET /api/tasks → 200 (22ms)
23:11:08.247 🟧 [HTTP    ] GET /api/tasks/0c8d2a65/snapshot → 200 (7ms)
23:11:08.256 🟧 [HTTP    ] GET /api/tasks/0c8d2a65 → 200 (14ms)
23:11:08.287 🟧 [HTTP    ] GET /api/tasks → 200 (43ms)
23:11:09.234 🟧 [HTTP    ] GET /api/live_sessions/active → 200 (0ms)
23:11:09.237 🟧 [HTTP    ] GET /api/tasks/0c8d2a65/snapshot → 200 (7ms)
23:11:09.247 🟧 [HTTP    ] GET /api/tasks/0c8d2a65 → 200 (14ms)
23:11:09.254 🟧 [HTTP    ] GET /api/tasks → 200 (18ms)
23:11:10.242 🟧 [HTTP    ] GET /api/tasks/0c8d2a65/snapshot → 200 (22ms)
23:11:10.254 🟧 [HTTP    ] GET /api/tasks/0c8d2a65 → 200 (28ms)
23:11:10.265 🟧 [HTTP    ] GET /api/tasks → 200 (35ms)
23:11:11.232 🟧 [HTTP    ] GET /api/live_sessions/active → 200 (0ms)
23:11:11.236 🟧 [HTTP    ] GET /api/tasks/0c8d2a65/snapshot → 200 (7ms)
23:11:11.243 🟧 [HTTP    ] GET /api/tasks/0c8d2a65 → 200 (13ms)
23:11:11.258 🟧 [HTTP    ] GET /api/tasks → 200 (26ms)
23:11:12.252 🟧 [HTTP    ] GET /api/tasks/0c8d2a65/snapshot → 200 (4ms)
23:11:12.262 🟧 [HTTP    ] GET /api/tasks/0c8d2a65 → 200 (12ms)
23:11:12.280 🟧 [HTTP    ] GET /api/tasks → 200 (31ms)
23:11:13.270 🟧 [HTTP    ] GET /api/live_sessions/active → 200 (0ms)
23:11:13.273 🟧 [HTTP    ] GET /api/tasks/0c8d2a65/snapshot → 200 (5ms)
23:11:13.283 🟧 [HTTP    ] GET /api/tasks/0c8d2a65 → 200 (14ms)
23:11:13.292 🟧 [HTTP    ] GET /api/tasks → 200 (21ms)
23:11:14.322 🟧 [HTTP    ] GET /api/tasks/0c8d2a65/snapshot → 200 (4ms)
23:11:14.331 🟧 [HTTP    ] GET /api/tasks/0c8d2a65 → 200 (13ms)
23:11:14.339 🟧 [HTTP    ] GET /api/tasks → 200 (21ms)
23:11:15.226 🟧 [HTTP    ] GET /api/live_sessions/active → 200 (0ms)
23:11:15.228 🟧 [HTTP    ] GET /api/tasks/0c8d2a65/snapshot → 200 (5ms)
23:11:15.237 🟧 [HTTP    ] GET /api/tasks/0c8d2a65 → 200 (13ms)
23:11:15.246 🟧 [HTTP    ] GET /api/tasks → 200 (21ms)
23:11:16.232 🟧 [HTTP    ] GET /api/tasks/0c8d2a65/snapshot → 200 (11ms)
23:11:16.236 🟧 [HTTP    ] GET /api/tasks/0c8d2a65 → 200 (14ms)
23:11:16.246 🟧 [HTTP    ] GET /api/tasks → 200 (17ms)
23:11:17.225 🟧 [HTTP    ] GET /api/live_sessions/active → 200 (0ms)
23:11:17.229 🟧 [HTTP    ] GET /api/tasks/0c8d2a65/snapshot → 200 (5ms)
23:11:17.238 🟧 [HTTP    ] GET /api/tasks/0c8d2a65 → 200 (12ms)
23:11:17.249 🟧 [HTTP    ] GET /api/tasks → 200 (22ms)
23:11:18.234 🟧 [HTTP    ] GET /api/tasks/0c8d2a65/snapshot → 200 (4ms)
23:11:18.242 🟧 [HTTP    ] GET /api/tasks/0c8d2a65 → 200 (9ms)
23:11:18.251 🟧 [HTTP    ] GET /api/tasks → 200 (19ms)
23:11:19.229 🟧 [HTTP    ] GET /api/live_sessions/active → 200 (0ms)
23:11:19.230 🟧 [HTTP    ] GET /api/tasks/0c8d2a65/snapshot → 200 (6ms)
23:11:19.276 🟧 [HTTP    ] GET /api/tasks/0c8d2a65 → 200 (50ms)
23:11:19.323 🟧 [HTTP    ] GET /api/tasks → 200 (95ms)
23:11:20.227 🟧 [HTTP    ] GET /api/tasks/0c8d2a65/snapshot → 200 (5ms)
23:11:20.238 🟧 [HTTP    ] GET /api/tasks/0c8d2a65 → 200 (13ms)
23:11:20.245 🟧 [HTTP    ] GET /api/tasks → 200 (22ms)
23:11:21.235 🟧 [HTTP    ] GET /api/live_sessions/active → 200 (0ms)
23:11:21.271 🟧 [HTTP    ] GET /api/tasks/0c8d2a65/snapshot → 200 (48ms)
23:11:21.283 🟧 [HTTP    ] GET /api/tasks/0c8d2a65 → 200 (54ms)
23:11:21.292 🟧 [HTTP    ] GET /api/tasks → 200 (51ms)
23:11:22.228 🟧 [HTTP    ] GET /api/tasks/0c8d2a65/snapshot → 200 (6ms)
23:11:22.239 🟧 [HTTP    ] GET /api/tasks/0c8d2a65 → 200 (15ms)
23:11:22.249 🟧 [HTTP    ] GET /api/tasks → 200 (26ms)
23:11:23.237 🟧 [HTTP    ] GET /api/live_sessions/active → 200 (0ms)
23:11:23.246 🟧 [HTTP    ] GET /api/tasks/0c8d2a65/snapshot → 200 (11ms)
23:11:23.260 🟧 [HTTP    ] GET /api/tasks/0c8d2a65 → 200 (23ms)
23:11:23.267 🟧 [HTTP    ] GET /api/tasks → 200 (37ms)
23:11:24.287 🟧 [HTTP    ] GET /api/tasks/0c8d2a65/snapshot → 200 (5ms)
23:11:24.296 🟧 [HTTP    ] GET /api/tasks/0c8d2a65 → 200 (15ms)
23:11:24.308 🟧 [HTTP    ] GET /api/tasks → 200 (28ms)
23:11:25.225 🟧 [HTTP    ] GET /api/live_sessions/active → 200 (0ms)
23:11:25.227 🟧 [HTTP    ] GET /api/tasks/0c8d2a65/snapshot → 200 (4ms)
23:11:25.236 🟧 [HTTP    ] GET /api/tasks/0c8d2a65 → 200 (12ms)
23:11:25.245 🟧 [HTTP    ] GET /api/tasks → 200 (20ms)
23:11:26.230 🟧 [HTTP    ] GET /api/tasks/0c8d2a65/snapshot → 200 (3ms)
23:11:26.242 🟧 [HTTP    ] GET /api/tasks/0c8d2a65 → 200 (11ms)
23:11:26.253 🟧 [HTTP    ] GET /api/tasks → 200 (21ms)
23:11:27.223 🟧 [HTTP    ] GET /api/live_sessions/active → 200 (0ms)
23:11:27.226 🟧 [HTTP    ] GET /api/tasks/0c8d2a65/snapshot → 200 (5ms)
23:11:27.231 🟧 [HTTP    ] GET /api/tasks/0c8d2a65 → 200 (9ms)
23:11:27.245 🟧 [HTTP    ] GET /api/tasks → 200 (22ms)
23:11:28.226 🟧 [HTTP    ] GET /api/tasks/0c8d2a65/snapshot → 200 (4ms)
23:11:28.236 🟧 [HTTP    ] GET /api/tasks/0c8d2a65 → 200 (13ms)
23:11:28.247 🟧 [HTTP    ] GET /api/tasks → 200 (20ms)
23:11:29.225 🟧 [HTTP    ] GET /api/live_sessions/active → 200 (0ms)
23:11:29.229 🟧 [HTTP    ] GET /api/tasks/0c8d2a65/snapshot → 200 (7ms)
23:11:29.235 🟧 [HTTP    ] GET /api/usage/stats → 200 (10ms)
23:11:29.237 🟧 [HTTP    ] GET /api/tasks/0c8d2a65 → 200 (15ms)
23:11:29.249 🟧 [HTTP    ] GET /api/tasks → 200 (25ms)
23:11:30.226 🟧 [HTTP    ] GET /api/tasks/0c8d2a65/snapshot → 200 (5ms)
23:11:30.234 🟧 [HTTP    ] GET /api/tasks/0c8d2a65 → 200 (11ms)
23:11:30.246 🟧 [HTTP    ] GET /api/tasks → 200 (22ms)
23:11:31.225 🟧 [HTTP    ] GET /api/live_sessions/active → 200 (0ms)
23:11:31.231 🟧 [HTTP    ] GET /api/tasks/0c8d2a65/snapshot → 200 (8ms)
23:11:31.239 🟧 [HTTP    ] GET /api/tasks/0c8d2a65 → 200 (11ms)
23:11:31.248 🟧 [HTTP    ] GET /api/tasks → 200 (20ms)
23:11:32.234 🟧 [HTTP    ] GET /api/tasks/0c8d2a65/snapshot → 200 (5ms)
23:11:32.244 🟧 [HTTP    ] GET /api/tasks/0c8d2a65 → 200 (14ms)
23:11:32.255 🟧 [HTTP    ] GET /api/tasks → 200 (25ms)
23:11:33.191 🟧 [HTTP    ] GET /api/live_sessions/active → 200 (0ms)
23:11:33.197 🟧 [HTTP    ] GET /api/tasks/0c8d2a65/snapshot → 200 (7ms)
23:11:33.204 🟧 [HTTP    ] GET /api/tasks/0c8d2a65 → 200 (11ms)
23:11:33.217 🟧 [HTTP    ] GET /api/tasks → 200 (24ms)
23:11:33.438 🟧 [HTTP    ] GET /api/tasks/0c8d2a65/snapshot → 200 (4ms)
23:11:33.443 🟧 [HTTP    ] GET /api/tasks/0c8d2a65 → 200 (8ms)
23:11:33.940 🟧 [HTTP    ] GET /api/tasks/0c8d2a65/snapshot → 200 (6ms)
23:11:33.942 🟧 [HTTP    ] GET /api/tasks → 200 (20ms)
23:11:33.947 🟧 [HTTP    ] GET /api/tasks/0c8d2a65 → 200 (11ms)
23:11:34.442 🟧 [HTTP    ] GET /api/tasks/0c8d2a65/snapshot → 200 (3ms)
23:11:34.446 🟧 [HTTP    ] GET /api/tasks/0c8d2a65 → 200 (6ms)
23:11:34.933 🟧 [HTTP    ] GET /api/live_sessions/active → 200 (0ms)
23:11:34.943 🟧 [HTTP    ] GET /api/tasks/0c8d2a65/snapshot → 200 (8ms)
23:11:34.985 🟧 [HTTP    ] GET /api/tasks/0c8d2a65 → 200 (49ms)
23:11:35.000 🟧 [HTTP    ] GET /api/tasks → 200 (65ms)
23:11:35.438 🟧 [HTTP    ] GET /api/tasks/0c8d2a65/snapshot → 200 (3ms)
23:11:35.444 🟧 [HTTP    ] GET /api/tasks/0c8d2a65 → 200 (9ms)
23:11:35.939 🟧 [HTTP    ] GET /api/tasks/0c8d2a65/snapshot → 200 (5ms)
23:11:35.944 🟧 [HTTP    ] GET /api/tasks/0c8d2a65 → 200 (11ms)
23:11:35.949 🟧 [HTTP    ] GET /api/tasks → 200 (21ms)
23:11:36.446 🟧 [HTTP    ] GET /api/tasks/0c8d2a65/snapshot → 200 (3ms)
23:11:36.449 🟧 [HTTP    ] GET /api/tasks/0c8d2a65 → 200 (7ms)
23:11:36.923 🟧 [HTTP    ] GET /api/live_sessions/active → 200 (0ms)
23:11:36.946 🟧 [HTTP    ] GET /api/tasks/0c8d2a65/snapshot → 200 (4ms)
23:11:36.949 🟧 [HTTP    ] GET /api/tasks → 200 (26ms)
23:11:36.954 🟧 [HTTP    ] GET /api/tasks/0c8d2a65 → 200 (18ms)
23:11:37.444 🟧 [HTTP    ] GET /api/tasks/0c8d2a65/snapshot → 200 (4ms)
23:11:37.448 🟧 [HTTP    ] GET /api/tasks/0c8d2a65 → 200 (7ms)
23:11:37.936 🟧 [HTTP    ] GET /api/tasks → 200 (14ms)
23:11:37.949 🟧 [HTTP    ] GET /api/tasks/0c8d2a65/snapshot → 200 (4ms)
23:11:37.954 🟧 [HTTP    ] GET /api/tasks/0c8d2a65 → 200 (8ms)
23:11:38.440 🟧 [HTTP    ] GET /api/tasks/0c8d2a65/snapshot → 200 (4ms)
23:11:38.443 🟧 [HTTP    ] GET /api/tasks/0c8d2a65 → 200 (7ms)
23:11:38.957 🟧 [HTTP    ] GET /api/live_sessions/active → 200 (0ms)
23:11:38.962 🟧 [HTTP    ] GET /api/tasks/0c8d2a65/snapshot → 200 (4ms)
23:11:38.970 🟧 [HTTP    ] GET /api/tasks/0c8d2a65 → 200 (11ms)
23:11:38.984 🟧 [HTTP    ] GET /api/tasks → 200 (24ms)
23:11:40.239 🟧 [HTTP    ] GET /api/tasks/0c8d2a65/snapshot → 200 (13ms)
23:11:40.245 🟧 [HTTP    ] GET /api/tasks/0c8d2a65 → 200 (19ms)
23:11:40.251 🟧 [HTTP    ] GET /api/tasks → 200 (24ms)
23:11:41.225 🟧 [HTTP    ] GET /api/live_sessions/active → 200 (0ms)
23:11:41.230 🟧 [HTTP    ] GET /api/tasks/0c8d2a65/snapshot → 200 (8ms)
23:11:41.237 🟧 [HTTP    ] GET /api/tasks/0c8d2a65 → 200 (14ms)
23:11:41.248 🟧 [HTTP    ] GET /api/tasks → 200 (22ms)
23:11:42.224 🟧 [HTTP    ] GET /api/tasks/0c8d2a65/snapshot → 200 (5ms)
23:11:42.241 🟧 [HTTP    ] GET /api/tasks/0c8d2a65 → 200 (19ms)
23:11:42.256 🟧 [HTTP    ] GET /api/tasks → 200 (32ms)
23:11:43.244 🟧 [HTTP    ] GET /api/live_sessions/active → 200 (0ms)
23:11:43.248 🟧 [HTTP    ] GET /api/tasks/0c8d2a65/snapshot → 200 (6ms)
23:11:43.256 🟧 [HTTP    ] GET /api/tasks/0c8d2a65 → 200 (10ms)
23:11:43.266 🟧 [HTTP    ] GET /api/tasks → 200 (20ms)
23:11:44.266 🟧 [HTTP    ] GET /api/tasks/0c8d2a65/snapshot → 200 (3ms)
23:11:44.272 🟧 [HTTP    ] GET /api/tasks/0c8d2a65 → 200 (8ms)
23:11:44.279 🟧 [HTTP    ] GET /api/tasks → 200 (14ms)
23:11:45.249 🟧 [HTTP    ] GET /api/live_sessions/active → 200 (0ms)
23:11:45.255 🟧 [HTTP    ] GET /api/tasks/0c8d2a65/snapshot → 200 (5ms)
23:11:45.261 🟧 [HTTP    ] GET /api/tasks/0c8d2a65 → 200 (13ms)
23:11:45.268 🟧 [HTTP    ] GET /api/tasks → 200 (20ms)
23:11:46.305 🟧 [HTTP    ] GET /api/tasks/0c8d2a65/snapshot → 200 (4ms)
23:11:46.317 🟧 [HTTP    ] GET /api/tasks/0c8d2a65 → 200 (14ms)
23:11:46.325 🟧 [HTTP    ] GET /api/tasks → 200 (23ms)
23:11:47.230 🟧 [HTTP    ] GET /api/live_sessions/active → 200 (0ms)
23:11:47.232 🟧 [HTTP    ] GET /api/tasks/0c8d2a65/snapshot → 200 (5ms)
23:11:47.243 🟧 [HTTP    ] GET /api/tasks/0c8d2a65 → 200 (14ms)
23:11:47.256 🟧 [HTTP    ] GET /api/tasks → 200 (28ms)
23:11:48.226 🟧 [HTTP    ] GET /api/tasks/0c8d2a65/snapshot → 200 (4ms)
23:11:48.235 🟧 [HTTP    ] GET /api/tasks/0c8d2a65 → 200 (12ms)
23:11:48.248 🟧 [HTTP    ] GET /api/tasks → 200 (25ms)
23:11:49.230 🟧 [HTTP    ] GET /api/live_sessions/active → 200 (0ms)
23:11:49.233 🟧 [HTTP    ] GET /api/tasks/0c8d2a65/snapshot → 200 (5ms)
23:11:49.243 🟧 [HTTP    ] GET /api/tasks/0c8d2a65 → 200 (14ms)
23:11:49.253 🟧 [HTTP    ] GET /api/tasks → 200 (23ms)
23:11:50.233 🟧 [HTTP    ] GET /api/tasks/0c8d2a65/snapshot → 200 (6ms)
23:11:50.241 🟧 [HTTP    ] GET /api/tasks/0c8d2a65 → 200 (13ms)
23:11:50.252 🟧 [HTTP    ] GET /api/tasks → 200 (24ms)
23:11:50.353 🟧 [HTTP    ] GET /api/tasks → 200 (3ms)
23:11:50.373 🩵 [TASK    ] [0c8d2a65] ACTION [cli] — update_plan
23:11:50.374 🟧 [HTTP    ] POST /task_log_action → 200 (17ms)
23:11:51.236 🟧 [HTTP    ] GET /api/live_sessions/active → 200 (0ms)
23:11:51.253 🟧 [HTTP    ] GET /api/tasks/0c8d2a65/snapshot → 200 (23ms)
23:11:51.291 🟧 [HTTP    ] GET /api/tasks/0c8d2a65 → 200 (60ms)
23:11:51.350 🟧 [HTTP    ] GET /api/tasks → 200 (115ms)
23:11:52.244 🟧 [HTTP    ] GET /api/tasks/0c8d2a65/snapshot → 200 (7ms)
23:11:52.251 🟧 [HTTP    ] GET /api/tasks/0c8d2a65 → 200 (14ms)
23:11:52.262 🟧 [HTTP    ] GET /api/tasks → 200 (24ms)
23:11:53.242 🟧 [HTTP    ] GET /api/live_sessions/active → 200 (0ms)
23:11:53.256 🟧 [HTTP    ] GET /api/tasks/0c8d2a65/snapshot → 200 (24ms)
23:11:53.270 🟧 [HTTP    ] GET /api/tasks/0c8d2a65 → 200 (37ms)
23:11:53.290 🟧 [HTTP    ] GET /api/tasks → 200 (44ms)
23:11:54.228 🟧 [HTTP    ] GET /api/tasks/0c8d2a65/snapshot → 200 (6ms)
23:11:54.236 🟧 [HTTP    ] GET /api/tasks/0c8d2a65 → 200 (15ms)
23:11:54.241 🟧 [HTTP    ] GET /api/tasks → 200 (18ms)
23:11:54.946 🩵 [TASK    ] [d513cf87] REGISTERED — Send 5 LinkedIn connection requests to Perplexity employees (4 items)
23:11:54.949 🟧 [HTTP    ] POST /task_register → 200 (19ms)
23:11:55.020 🟧 [HTTP    ] GET /api/tasks → 200 (3ms)
23:11:55.040 🩵 [TASK    ] [d513cf87] ACTION [cli] — agentic-computer-use__task_register
23:11:55.040 🟧 [HTTP    ] POST /task_log_action → 200 (15ms)
23:11:55.232 🟧 [HTTP    ] GET /api/live_sessions/active → 200 (0ms)
23:11:55.237 🟧 [HTTP    ] GET /api/tasks/0c8d2a65/snapshot → 200 (11ms)
23:11:55.244 🟧 [HTTP    ] GET /api/tasks/0c8d2a65 → 200 (17ms)
23:11:55.255 🟧 [HTTP    ] GET /api/tasks → 200 (22ms)
23:11:56.267 🟧 [HTTP    ] GET /api/tasks/0c8d2a65/snapshot → 200 (8ms)
23:11:56.277 🟧 [HTTP    ] GET /api/tasks/0c8d2a65 → 200 (16ms)
23:11:56.287 🟧 [HTTP    ] GET /api/tasks → 200 (25ms)
23:11:57.308 🟧 [HTTP    ] GET /api/live_sessions/active → 200 (0ms)
23:11:57.311 🟧 [HTTP    ] GET /api/tasks/0c8d2a65/snapshot → 200 (5ms)
23:11:57.320 🟧 [HTTP    ] GET /api/tasks/0c8d2a65 → 200 (14ms)
23:11:57.334 🟧 [HTTP    ] GET /api/tasks → 200 (25ms)
23:11:57.864 🩵 [TASK    ] [d513cf87] ITEM 0 → active — Inspect current LinkedIn Firefox state on the desktop
23:11:57.866 🟧 [HTTP    ] POST /task_item_update → 200 (16ms)
23:11:57.930 🩵 [TASK    ] [d513cf87] ACTION [cli] — agentic-computer-use__task_item_update
23:11:57.930 🟧 [HTTP    ] POST /task_log_action → 200 (16ms)
23:11:58.232 🟧 [HTTP    ] GET /api/tasks/0c8d2a65/snapshot → 200 (5ms)
23:11:58.239 🟧 [HTTP    ] GET /api/tasks/0c8d2a65 → 200 (10ms)
23:11:58.247 🟧 [HTTP    ] GET /api/tasks → 200 (21ms)
23:11:59.226 🟧 [HTTP    ] GET /api/live_sessions/active → 200 (0ms)
23:11:59.229 🟧 [HTTP    ] GET /api/tasks/0c8d2a65/snapshot → 200 (6ms)
23:11:59.236 🟧 [HTTP    ] GET /api/tasks/0c8d2a65 → 200 (14ms)
23:11:59.240 🟧 [HTTP    ] GET /api/usage/stats → 200 (15ms)
23:11:59.247 🟧 [HTTP    ] GET /api/tasks → 200 (23ms)
23:12:00.234 🟧 [HTTP    ] GET /api/tasks/0c8d2a65/snapshot → 200 (15ms)
23:12:00.265 🟧 [HTTP    ] GET /api/tasks/0c8d2a65 → 200 (45ms)
23:12:00.307 🟧 [HTTP    ] GET /api/tasks → 200 (86ms)
23:12:01.241 🟧 [HTTP    ] GET /api/live_sessions/active → 200 (0ms)
23:12:01.248 🟧 [HTTP    ] GET /api/tasks/0c8d2a65/snapshot → 200 (14ms)
23:12:01.255 🟧 [HTTP    ] GET /api/tasks/0c8d2a65 → 200 (25ms)
23:12:01.269 🟧 [HTTP    ] GET /api/tasks → 200 (26ms)
23:12:02.245 🟧 [HTTP    ] GET /api/tasks/0c8d2a65/snapshot → 200 (15ms)
23:12:02.303 🟧 [HTTP    ] GET /api/tasks/0c8d2a65 → 200 (71ms)
23:12:02.315 🟧 [HTTP    ] GET /api/tasks → 200 (81ms)
23:12:03.233 🟧 [HTTP    ] GET /api/live_sessions/active → 200 (0ms)
23:12:03.237 🟧 [HTTP    ] GET /api/tasks/0c8d2a65/snapshot → 200 (6ms)
23:12:03.244 🟧 [HTTP    ] GET /api/tasks/0c8d2a65 → 200 (13ms)
23:12:03.255 🟧 [HTTP    ] GET /api/tasks → 200 (21ms)
23:12:04.250 🟧 [HTTP    ] GET /api/tasks/0c8d2a65/snapshot → 200 (23ms)
23:12:04.256 🟧 [HTTP    ] GET /api/tasks/0c8d2a65 → 200 (21ms)
23:12:04.325 🟧 [HTTP    ] GET /api/tasks → 200 (87ms)
23:12:04.675 🩵 [TASK    ] [d513cf87] ACTION [vision] — About to capture the current desktop so I can see Firefox and LinkedIn before interacting.
23:12:04.675 🟧 [HTTP    ] POST /task_log_action → 200 (16ms)
23:12:04.739 🟧 [HTTP    ] GET /api/tasks → 200 (3ms)
23:12:04.756 🩵 [TASK    ] [d513cf87] ACTION [cli] — agentic-computer-use__task_log_action
23:12:04.757 🟧 [HTTP    ] POST /task_log_action → 200 (15ms)
23:12:05.234 🟧 [HTTP    ] GET /api/live_sessions/active → 200 (0ms)
23:12:05.237 🟧 [HTTP    ] GET /api/tasks/0c8d2a65/snapshot → 200 (6ms)
23:12:05.246 🟧 [HTTP    ] GET /api/tasks/0c8d2a65 → 200 (14ms)
23:12:05.255 🟧 [HTTP    ] GET /api/tasks → 200 (20ms)
23:12:06.235 🟧 [HTTP    ] GET /api/tasks/0c8d2a65/snapshot → 200 (13ms)
23:12:06.246 🟧 [HTTP    ] GET /api/tasks/0c8d2a65 → 200 (20ms)
23:12:06.252 🟧 [HTTP    ] GET /api/tasks → 200 (26ms)
23:12:07.067 🟧 [HTTP    ] POST /desktop_look → 200 (159ms)
23:12:07.082 🩵 [TASK    ] [d513cf87] ACTION [vision] — screenshot (1200x675)
23:12:07.158 🩵 [TASK    ] [d513cf87] ACTION [cli] — agentic-computer-use__desktop_look
23:12:07.159 🟧 [HTTP    ] POST /task_log_action → 200 (15ms)
23:12:07.266 🟧 [HTTP    ] GET /api/live_sessions/active → 200 (0ms)
23:12:07.272 🟧 [HTTP    ] GET /api/tasks/0c8d2a65/snapshot → 200 (5ms)
23:12:07.279 🟧 [HTTP    ] GET /api/tasks/0c8d2a65 → 200 (15ms)
23:12:07.291 🟧 [HTTP    ] GET /api/tasks → 200 (23ms)
23:12:08.224 🟧 [HTTP    ] GET /api/tasks/0c8d2a65/snapshot → 200 (4ms)
23:12:08.233 🟧 [HTTP    ] GET /api/tasks/0c8d2a65 → 200 (12ms)
23:12:08.245 🟧 [HTTP    ] GET /api/tasks → 200 (23ms)
23:12:09.228 🟧 [HTTP    ] GET /api/live_sessions/active → 200 (0ms)
23:12:09.231 🟧 [HTTP    ] GET /api/tasks/0c8d2a65/snapshot → 200 (6ms)
23:12:09.239 🟧 [HTTP    ] GET /api/tasks/0c8d2a65 → 200 (11ms)
23:12:09.248 🟧 [HTTP    ] GET /api/tasks → 200 (21ms)
23:12:10.234 🟧 [HTTP    ] GET /api/tasks/0c8d2a65/snapshot → 200 (6ms)
23:12:10.242 🟧 [HTTP    ] GET /api/tasks/0c8d2a65 → 200 (13ms)
23:12:10.253 🟧 [HTTP    ] GET /api/tasks → 200 (23ms)
23:12:11.227 🟧 [HTTP    ] GET /api/live_sessions/active → 200 (0ms)
23:12:11.230 🟧 [HTTP    ] GET /api/tasks/0c8d2a65/snapshot → 200 (4ms)
23:12:11.240 🟧 [HTTP    ] GET /api/tasks/0c8d2a65 → 200 (15ms)
23:12:11.250 🟧 [HTTP    ] GET /api/tasks → 200 (23ms)
23:12:12.242 🟧 [HTTP    ] GET /api/tasks/0c8d2a65/snapshot → 200 (6ms)
23:12:12.252 🟧 [HTTP    ] GET /api/tasks/0c8d2a65 → 200 (14ms)
23:12:12.261 🟧 [HTTP    ] GET /api/tasks → 200 (24ms)
23:12:13.246 🟧 [HTTP    ] GET /api/live_sessions/active → 200 (0ms)
23:12:13.270 🟧 [HTTP    ] GET /api/tasks/0c8d2a65/snapshot → 200 (24ms)
23:12:13.305 🟧 [HTTP    ] GET /api/tasks/0c8d2a65 → 200 (43ms)
23:12:13.320 🟧 [HTTP    ] GET /api/tasks → 200 (59ms)
23:12:14.234 🟧 [HTTP    ] GET /api/tasks/0c8d2a65/snapshot → 200 (4ms)
23:12:14.241 🟧 [HTTP    ] GET /api/tasks/0c8d2a65 → 200 (10ms)
23:12:14.250 🟧 [HTTP    ] GET /api/tasks → 200 (18ms)
23:12:14.922 🩵 [TASK    ] [d513cf87] MSG [agent] — I can see Firefox on the LinkedIn feed page. I’ll use the LinkedIn search flow from here to find Perplexity employees and send requests one by one.
23:12:14.938 🟧 [HTTP    ] POST /task_update → 200 (21ms)
23:12:14.998 🟧 [HTTP    ] GET /api/tasks → 200 (2ms)
23:12:15.018 🩵 [TASK    ] [d513cf87] ACTION [cli] — agentic-computer-use__task_update
23:12:15.018 🟧 [HTTP    ] POST /task_log_action → 200 (15ms)
23:12:15.244 🟧 [HTTP    ] GET /api/live_sessions/active → 200 (0ms)
23:12:15.249 🟧 [HTTP    ] GET /api/tasks/0c8d2a65/snapshot → 200 (7ms)
23:12:15.257 🟧 [HTTP    ] GET /api/tasks/0c8d2a65 → 200 (23ms)
23:12:15.301 🟧 [HTTP    ] GET /api/tasks → 200 (57ms)
23:12:16.239 🟧 [HTTP    ] GET /api/tasks/0c8d2a65/snapshot → 200 (12ms)
23:12:16.251 🟧 [HTTP    ] GET /api/tasks/0c8d2a65 → 200 (17ms)
23:12:16.263 🟧 [HTTP    ] GET /api/tasks → 200 (19ms)
23:12:17.231 🟧 [HTTP    ] GET /api/live_sessions/active → 200 (0ms)
23:12:17.234 🟧 [HTTP    ] GET /api/tasks/0c8d2a65/snapshot → 200 (5ms)
23:12:17.251 🟧 [HTTP    ] GET /api/tasks/0c8d2a65 → 200 (22ms)
23:12:17.288 🟧 [HTTP    ] GET /api/tasks → 200 (56ms)
23:12:18.281 🟧 [HTTP    ] GET /api/tasks/0c8d2a65/snapshot → 200 (5ms)
23:12:18.291 🟧 [HTTP    ] GET /api/tasks/0c8d2a65 → 200 (13ms)
23:12:18.299 🟧 [HTTP    ] GET /api/tasks → 200 (9ms)
23:12:18.320 🩵 [TASK    ] [d513cf87] ACTION [cli] — exec
23:12:18.321 🟧 [HTTP    ] POST /task_log_action → 200 (18ms)
23:12:18.330 🟧 [HTTP    ] GET /api/tasks → 200 (52ms)
23:12:19.230 🟧 [HTTP    ] GET /api/live_sessions/active → 200 (0ms)
23:12:19.233 🟧 [HTTP    ] GET /api/tasks/0c8d2a65/snapshot → 200 (7ms)
23:12:19.273 🟧 [HTTP    ] GET /api/tasks/0c8d2a65 → 200 (45ms)
23:12:19.330 🟧 [HTTP    ] GET /api/tasks → 200 (99ms)
23:12:20.227 🟧 [HTTP    ] GET /api/tasks/0c8d2a65/snapshot → 200 (6ms)
23:12:20.233 🟧 [HTTP    ] GET /api/tasks/0c8d2a65 → 200 (11ms)
23:12:20.247 🟧 [HTTP    ] GET /api/tasks → 200 (26ms)
23:12:21.234 🟧 [HTTP    ] GET /api/live_sessions/active → 200 (0ms)
23:12:21.236 🟧 [HTTP    ] GET /api/tasks/0c8d2a65/snapshot → 200 (4ms)
23:12:21.247 🟧 [HTTP    ] GET /api/tasks/0c8d2a65 → 200 (15ms)
23:12:21.263 🟧 [HTTP    ] GET /api/tasks → 200 (29ms)
23:12:22.254 🟧 [HTTP    ] GET /api/tasks/0c8d2a65/snapshot → 200 (27ms)
23:12:22.265 🟧 [HTTP    ] GET /api/tasks/0c8d2a65 → 200 (30ms)
23:12:22.276 🟧 [HTTP    ] GET /api/tasks → 200 (47ms)
23:12:23.229 🟧 [HTTP    ] GET /api/live_sessions/active → 200 (0ms)
23:12:23.232 🟧 [HTTP    ] GET /api/tasks/0c8d2a65/snapshot → 200 (5ms)
23:12:23.241 🟧 [HTTP    ] GET /api/tasks/0c8d2a65 → 200 (13ms)
23:12:23.254 🟧 [HTTP    ] GET /api/tasks → 200 (25ms)
23:12:23.433 🩵 [TASK    ] [d513cf87] ACTION [cli] — Tried xdotool without an X display set, which failed. Retrying against the active desktop display.
23:12:23.433 🟧 [HTTP    ] POST /task_log_action → 200 (17ms)
23:12:23.497 🟧 [HTTP    ] GET /api/tasks → 200 (4ms)
23:12:23.521 🩵 [TASK    ] [d513cf87] ACTION [cli] — agentic-computer-use__task_log_action
23:12:23.524 🟧 [HTTP    ] POST /task_log_action → 200 (24ms)
23:12:24.229 🟧 [HTTP    ] GET /api/tasks/0c8d2a65/snapshot → 200 (6ms)
23:12:24.239 🟧 [HTTP    ] GET /api/tasks/0c8d2a65 → 200 (13ms)
23:12:24.249 🟧 [HTTP    ] GET /api/tasks → 200 (24ms)
23:12:25.231 🟧 [HTTP    ] GET /api/live_sessions/active → 200 (0ms)
23:12:25.233 🟧 [HTTP    ] GET /api/tasks/0c8d2a65/snapshot → 200 (6ms)
23:12:25.244 🟧 [HTTP    ] GET /api/tasks/0c8d2a65 → 200 (15ms)
23:12:25.257 🟧 [HTTP    ] GET /api/tasks → 200 (26ms)
23:12:26.245 🟧 [HTTP    ] GET /api/tasks/0c8d2a65/snapshot → 200 (17ms)
23:12:26.255 🟧 [HTTP    ] GET /api/tasks/0c8d2a65 → 200 (22ms)
23:12:26.277 🟧 [HTTP    ] GET /api/tasks → 200 (48ms)
23:12:26.387 🩵 [TASK    ] [d513cf87] MSG [agent] — The first xdotool attempt failed because DISPLAY was unset. I’m retrying against the live X display so I can keep driving Firefox.
23:12:26.404 🟧 [HTTP    ] POST /task_update → 200 (20ms)
23:12:26.478 🩵 [TASK    ] [d513cf87] ACTION [cli] — agentic-computer-use__task_update
23:12:26.479 🟧 [HTTP    ] POST /task_log_action → 200 (14ms)
23:12:27.231 🟧 [HTTP    ] GET /api/live_sessions/active → 200 (0ms)
23:12:27.234 🟧 [HTTP    ] GET /api/tasks/0c8d2a65/snapshot → 200 (6ms)
23:12:27.244 🟧 [HTTP    ] GET /api/tasks/0c8d2a65 → 200 (14ms)
23:12:27.256 🟧 [HTTP    ] GET /api/tasks → 200 (24ms)
23:12:28.268 🟧 [HTTP    ] GET /api/tasks/0c8d2a65/snapshot → 200 (30ms)
23:12:28.280 🟧 [HTTP    ] GET /api/tasks/0c8d2a65 → 200 (25ms)
23:12:28.297 🟧 [HTTP    ] GET /api/tasks → 200 (47ms)
23:12:29.293 🟧 [HTTP    ] GET /api/live_sessions/active → 200 (0ms)
23:12:29.297 🟧 [HTTP    ] GET /api/tasks/0c8d2a65/snapshot → 200 (8ms)
23:12:29.305 🟧 [HTTP    ] GET /api/usage/stats → 200 (13ms)
23:12:29.310 🟧 [HTTP    ] GET /api/tasks/0c8d2a65 → 200 (20ms)
23:12:29.321 🟧 [HTTP    ] GET /api/tasks → 200 (29ms)
23:12:30.230 🟧 [HTTP    ] GET /api/tasks/0c8d2a65/snapshot → 200 (6ms)
23:12:30.241 🟧 [HTTP    ] GET /api/tasks/0c8d2a65 → 200 (17ms)
23:12:30.250 🟧 [HTTP    ] GET /api/tasks → 200 (24ms)
23:12:31.228 🟧 [HTTP    ] GET /api/live_sessions/active → 200 (0ms)
23:12:31.233 🟧 [HTTP    ] GET /api/tasks/0c8d2a65/snapshot → 200 (6ms)
23:12:31.243 🟧 [HTTP    ] GET /api/tasks/0c8d2a65 → 200 (13ms)
23:12:31.255 🟧 [HTTP    ] GET /api/tasks → 200 (25ms)
23:12:32.224 🟧 [HTTP    ] GET /api/tasks/0c8d2a65/snapshot → 200 (5ms)
23:12:32.233 🟧 [HTTP    ] GET /api/tasks/0c8d2a65 → 200 (12ms)
23:12:32.243 🟧 [HTTP    ] GET /api/tasks → 200 (21ms)
23:12:33.232 🟧 [HTTP    ] GET /api/live_sessions/active → 200 (0ms)
23:12:33.235 🟧 [HTTP    ] GET /api/tasks/0c8d2a65/snapshot → 200 (5ms)
23:12:33.246 🟧 [HTTP    ] GET /api/tasks/0c8d2a65 → 200 (16ms)
23:12:33.258 🟧 [HTTP    ] GET /api/tasks → 200 (26ms)
23:12:33.374 🟧 [HTTP    ] GET /api/tasks → 200 (11ms)
23:12:33.397 🩵 [TASK    ] [d513cf87] ACTION [cli] — exec
23:12:33.397 🟧 [HTTP    ] POST /task_log_action → 200 (21ms)
23:12:34.402 🟧 [HTTP    ] GET /api/tasks/0c8d2a65/snapshot → 200 (5ms)
23:12:34.408 🟧 [HTTP    ] GET /api/tasks/0c8d2a65 → 200 (10ms)
23:12:34.422 🟧 [HTTP    ] GET /api/tasks → 200 (26ms)
23:12:35.228 🟧 [HTTP    ] GET /api/live_sessions/active → 200 (0ms)
23:12:35.234 🟧 [HTTP    ] GET /api/tasks/0c8d2a65/snapshot → 200 (8ms)
23:12:35.246 🟧 [HTTP    ] GET /api/tasks/0c8d2a65 → 200 (16ms)
23:12:35.256 🟧 [HTTP    ] GET /api/tasks → 200 (25ms)
23:12:36.230 🟧 [HTTP    ] GET /api/tasks/0c8d2a65/snapshot → 200 (7ms)
23:12:36.240 🟧 [HTTP    ] GET /api/tasks/0c8d2a65 → 200 (17ms)
23:12:36.254 🟧 [HTTP    ] GET /api/tasks → 200 (29ms)
23:12:36.523 🟧 [HTTP    ] GET /api/tasks → 200 (18ms)
23:12:36.577 🩵 [TASK    ] [d513cf87] ACTION [cli] — process
23:12:36.578 🟧 [HTTP    ] POST /task_log_action → 200 (52ms)
23:12:37.225 🟧 [HTTP    ] GET /api/live_sessions/active → 200 (0ms)
23:12:37.233 🟧 [HTTP    ] GET /api/tasks/0c8d2a65/snapshot → 200 (9ms)
23:12:37.247 🟧 [HTTP    ] GET /api/tasks/0c8d2a65 → 200 (20ms)
23:12:37.256 🟧 [HTTP    ] GET /api/tasks → 200 (28ms)
23:12:38.228 🟧 [HTTP    ] GET /api/tasks/0c8d2a65/snapshot → 200 (6ms)
23:12:38.236 🟧 [HTTP    ] GET /api/tasks/0c8d2a65 → 200 (13ms)
23:12:38.245 🟧 [HTTP    ] GET /api/tasks → 200 (21ms)
23:12:41.271 🩵 [TASK    ] [d513cf87] ACTION [cli] — Focused Firefox and navigated directly to a LinkedIn people search for Perplexity.
23:12:41.272 🟧 [HTTP    ] POST /task_log_action → 200 (72ms)
23:12:41.335 🟧 [HTTP    ] GET /api/tasks → 200 (4ms)
23:12:41.398 🩵 [TASK    ] [d513cf87] ACTION [cli] — agentic-computer-use__task_log_action
23:12:41.399 🟧 [HTTP    ] POST /task_log_action → 200 (61ms)
23:12:44.447 🩵 [TASK    ] [d513cf87] ACTION [vision] — About to capture Firefox again to confirm the search results page loaded and see the available buttons/filters.
23:12:44.447 🟧 [HTTP    ] POST /task_log_action → 200 (82ms)
23:12:44.507 🟧 [HTTP    ] GET /api/tasks → 200 (4ms)
23:12:44.565 🩵 [TASK    ] [d513cf87] ACTION [cli] — agentic-computer-use__task_log_action
23:12:44.566 🟧 [HTTP    ] POST /task_log_action → 200 (57ms)
23:12:47.502 🟧 [HTTP    ] POST /desktop_look → 200 (220ms)
23:12:47.568 🩵 [TASK    ] [d513cf87] ACTION [vision] — screenshot (1200x675)
23:12:47.597 🟧 [HTTP    ] GET /api/tasks → 200 (35ms)
23:12:47.643 🩵 [TASK    ] [d513cf87] ACTION [cli] — agentic-computer-use__desktop_look
23:12:47.644 🟧 [HTTP    ] POST /task_log_action → 200 (44ms)
23:12:52.230 🟧 [HTTP    ] GET /api/live_sessions/active → 200 (0ms)
23:12:52.234 🟧 [HTTP    ] GET /api/tasks/0c8d2a65/snapshot → 200 (5ms)
23:12:52.242 🟧 [HTTP    ] GET /api/tasks/0c8d2a65 → 200 (11ms)
23:12:52.254 🟧 [HTTP    ] GET /api/tasks → 200 (22ms)
23:12:54.030 🩵 [TASK    ] [d513cf87] MSG [agent] — The URL appears in the address bar but Firefox is still sitting on the feed with the suggestion dropdown open. I’m re-submitting the navigation more carefully so the search page actually loads.
23:12:54.101 🟧 [HTTP    ] POST /task_update → 200 (84ms)
23:12:54.167 🟧 [HTTP    ] GET /api/tasks → 200 (5ms)
23:12:54.224 🩵 [TASK    ] [d513cf87] ACTION [cli] — agentic-computer-use__task_update
23:12:54.225 🟧 [HTTP    ] POST /task_log_action → 200 (55ms)
23:13:08.001 🟧 [HTTP    ] GET /api/tasks → 200 (3ms)
23:13:08.018 🩵 [TASK    ] [d513cf87] ACTION [cli] — exec
23:13:08.018 🟧 [HTTP    ] POST /task_log_action → 200 (15ms)
23:13:11.759 🩵 [TASK    ] [d513cf87] ACTION [cli] — Re-submitted the LinkedIn people search URL with explicit window targeting and a pause for page load.
23:13:11.760 🟧 [HTTP    ] POST /task_log_action → 200 (16ms)
23:13:11.822 🟧 [HTTP    ] GET /api/tasks → 200 (4ms)
23:13:11.839 🩵 [TASK    ] [d513cf87] ACTION [cli] — agentic-computer-use__task_log_action
23:13:11.840 🟧 [HTTP    ] POST /task_log_action → 200 (13ms)
23:13:16.722 🩵 [TASK    ] [d513cf87] ACTION [vision] — About to capture Firefox again to confirm whether the LinkedIn search results page loaded successfully.
23:13:16.723 🟧 [HTTP    ] POST /task_log_action → 200 (14ms)
23:13:16.792 🟧 [HTTP    ] GET /api/tasks → 200 (3ms)
23:13:16.807 🩵 [TASK    ] [d513cf87] ACTION [cli] — agentic-computer-use__task_log_action
23:13:16.808 🟧 [HTTP    ] POST /task_log_action → 200 (14ms)
23:13:19.976 🟧 [HTTP    ] POST /desktop_look → 200 (187ms)
23:13:19.991 🩵 [TASK    ] [d513cf87] ACTION [vision] — screenshot (1200x675)
23:13:20.068 🟧 [HTTP    ] GET /api/tasks → 200 (11ms)
23:13:20.081 🩵 [TASK    ] [d513cf87] ACTION [cli] — agentic-computer-use__desktop_look
23:13:20.082 🟧 [HTTP    ] POST /task_log_action → 200 (12ms)
23:13:25.978 🩵 [TASK    ] [d513cf87] ITEM 0 → completed — Inspect current LinkedIn Firefox state on the desktop
23:13:25.979 🟧 [HTTP    ] POST /task_item_update → 200 (23ms)
23:13:26.040 🟧 [HTTP    ] GET /api/tasks → 200 (5ms)
23:13:26.060 🩵 [TASK    ] [d513cf87] ACTION [cli] — agentic-computer-use__task_item_update
23:13:26.061 🟧 [HTTP    ] POST /task_log_action → 200 (17ms)
23:13:30.245 🩵 [TASK    ] [d513cf87] ITEM 1 → completed — Find people at Perplexity on LinkedIn and open relevant result pages
23:13:30.247 🟧 [HTTP    ] POST /task_item_update → 200 (16ms)
23:13:30.310 🟧 [HTTP    ] GET /api/tasks → 200 (3ms)
23:13:30.327 🩵 [TASK    ] [d513cf87] ACTION [cli] — agentic-computer-use__task_item_update
23:13:30.328 🟧 [HTTP    ] POST /task_log_action → 200 (15ms)
23:13:35.566 🩵 [TASK    ] [d513cf87] ITEM 2 → active — Send connection requests until 5 requests have been sent
23:13:35.569 🟧 [HTTP    ] POST /task_item_update → 200 (18ms)
23:13:35.643 🟧 [HTTP    ] GET /api/tasks → 200 (4ms)
23:13:35.659 🩵 [TASK    ] [d513cf87] ACTION [cli] — agentic-computer-use__task_item_update
23:13:35.659 🟧 [HTTP    ] POST /task_log_action → 200 (14ms)
23:13:40.046 🩵 [TASK    ] [d513cf87] MSG [agent] — I have a clean results list with at least five visible Connect buttons. I’m sending the requests from the list view and will check after each action in case LinkedIn shows a modal.
23:13:40.060 🟧 [HTTP    ] POST /task_update → 200 (18ms)
23:13:40.123 🟧 [HTTP    ] GET /api/tasks → 200 (4ms)
23:13:40.142 🩵 [TASK    ] [d513cf87] ACTION [cli] — agentic-computer-use__task_update
23:13:40.145 🟧 [HTTP    ] POST /task_log_action → 200 (19ms)
23:13:45.391 🩵 [TASK    ] [d513cf87] ACTION [cli] — About to click the first visible Connect button in the results list.
23:13:45.391 🟧 [HTTP    ] POST /task_log_action → 200 (14ms)
23:13:45.460 🟧 [HTTP    ] GET /api/tasks → 200 (4ms)
23:13:45.476 🩵 [TASK    ] [d513cf87] ACTION [cli] — agentic-computer-use__task_log_action
23:13:45.477 🟧 [HTTP    ] POST /task_log_action → 200 (13ms)
23:13:51.124 🟧 [HTTP    ] GET /api/tasks → 200 (5ms)
23:13:51.143 🩵 [TASK    ] [d513cf87] ACTION [cli] — exec
23:13:51.143 🟧 [HTTP    ] POST /task_log_action → 200 (15ms)
23:13:52.256 🟧 [HTTP    ] GET /api/live_sessions/active → 200 (0ms)
23:13:52.261 🟧 [HTTP    ] GET /api/tasks/0c8d2a65/snapshot → 200 (9ms)
23:13:52.265 🟧 [HTTP    ] GET /api/tasks/0c8d2a65 → 200 (13ms)
23:13:52.266 🟧 [HTTP    ] GET /api/usage/stats → 200 (11ms)
23:13:52.274 🟧 [HTTP    ] GET /api/tasks → 200 (17ms)
23:13:55.395 🟧 [HTTP    ] POST /desktop_look → 200 (210ms)
23:13:55.416 🩵 [TASK    ] [d513cf87] ACTION [vision] — screenshot (1200x675)
23:13:55.501 🟧 [HTTP    ] GET /api/tasks → 200 (4ms)
23:13:55.524 🩵 [TASK    ] [d513cf87] ACTION [cli] — agentic-computer-use__desktop_look
23:13:55.525 🟧 [HTTP    ] POST /task_log_action → 200 (21ms)
23:14:02.092 🩵 [TASK    ] [d513cf87] MSG [agent] — LinkedIn opened the invitation modal for the first result. I can use the plain “Send without a note” path, so I’m confirming and then repeating that pattern for the next people.
23:14:02.106 🟧 [HTTP    ] POST /task_update → 200 (19ms)
23:14:02.171 🟧 [HTTP    ] GET /api/tasks → 200 (4ms)
23:14:02.190 🩵 [TASK    ] [d513cf87] ACTION [cli] — agentic-computer-use__task_update
23:14:02.191 🟧 [HTTP    ] POST /task_log_action → 200 (18ms)
23:14:06.801 🟧 [HTTP    ] GET /api/tasks → 200 (4ms)
23:14:06.819 🩵 [TASK    ] [d513cf87] ACTION [cli] — exec
23:14:06.820 🟧 [HTTP    ] POST /task_log_action → 200 (16ms)
23:14:11.208 🩵 [TASK    ] [d513cf87] ACTION [cli] — Sent the first invitation from the modal without adding a note.
23:14:11.209 🟧 [HTTP    ] POST /task_log_action → 200 (21ms)
23:14:11.273 🟧 [HTTP    ] GET /api/tasks → 200 (5ms)
23:14:11.291 🩵 [TASK    ] [d513cf87] ACTION [cli] — agentic-computer-use__task_log_action
23:14:11.292 🟧 [HTTP    ] POST /task_log_action → 200 (15ms)
23:14:16.025 🩵 [TASK    ] [d513cf87] ACTION [vision] — About to capture Firefox after the first invitation so I can confirm the page state and target the next Connect button.
23:14:16.026 🟧 [HTTP    ] POST /task_log_action → 200 (13ms)
23:14:16.090 🟧 [HTTP    ] GET /api/tasks → 200 (2ms)
23:14:16.104 🩵 [TASK    ] [d513cf87] ACTION [cli] — agentic-computer-use__task_log_action
23:14:16.105 🟧 [HTTP    ] POST /task_log_action → 200 (12ms)
23:14:20.800 🟧 [HTTP    ] POST /desktop_look → 200 (195ms)
23:14:20.817 🩵 [TASK    ] [d513cf87] ACTION [vision] — screenshot (1200x675)
23:14:20.867 🟧 [HTTP    ] GET /api/tasks → 200 (3ms)
23:14:20.884 🩵 [TASK    ] [d513cf87] ACTION [cli] — agentic-computer-use__desktop_look
23:14:20.885 🟧 [HTTP    ] POST /task_log_action → 200 (14ms)
23:14:32.194 🩵 [TASK    ] [d513cf87] ACTION [cli] — About to send four more invitations from the visible list, using the same Connect then Send-without-note pattern for each person.
23:14:32.196 🟧 [HTTP    ] POST /task_log_action → 200 (26ms)
23:14:32.267 🟧 [HTTP    ] GET /api/tasks → 200 (5ms)
23:14:32.282 🩵 [TASK    ] [d513cf87] ACTION [cli] — agentic-computer-use__task_log_action
23:14:32.283 🟧 [HTTP    ] POST /task_log_action → 200 (13ms)
23:14:48.222 🟧 [HTTP    ] GET /api/tasks → 200 (5ms)
23:14:48.241 🩵 [TASK    ] [d513cf87] ACTION [cli] — exec
23:14:48.242 🟧 [HTTP    ] POST /task_log_action → 200 (15ms)
23:14:52.243 🟧 [HTTP    ] GET /api/live_sessions/active → 200 (0ms)
23:14:52.248 🟧 [HTTP    ] GET /api/tasks/0c8d2a65/snapshot → 200 (7ms)
23:14:52.255 🟧 [HTTP    ] GET /api/tasks/0c8d2a65 → 200 (14ms)
23:14:52.259 🟧 [HTTP    ] GET /api/usage/stats → 200 (14ms)
23:14:52.267 🟧 [HTTP    ] GET /api/tasks → 200 (23ms)
23:14:53.974 🩵 [TASK    ] [d513cf87] ACTION [vision] — About to capture Firefox after the remaining invitation clicks so I can verify how many visible results are now marked Pending.
23:14:53.975 🟧 [HTTP    ] POST /task_log_action → 200 (15ms)
23:14:54.051 🟧 [HTTP    ] GET /api/tasks → 200 (4ms)
23:14:54.067 🩵 [TASK    ] [d513cf87] ACTION [cli] — agentic-computer-use__task_log_action
23:14:54.068 🟧 [HTTP    ] POST /task_log_action → 200 (15ms)
23:14:59.684 🟧 [HTTP    ] POST /desktop_look → 200 (177ms)
23:14:59.717 🩵 [TASK    ] [d513cf87] ACTION [vision] — screenshot (1200x675)
23:14:59.799 🟧 [HTTP    ] GET /api/tasks → 200 (20ms)
23:14:59.826 🩵 [TASK    ] [d513cf87] ACTION [cli] — agentic-computer-use__desktop_look
23:14:59.826 🟧 [HTTP    ] POST /task_log_action → 200 (24ms)
23:15:04.405 🩵 [TASK    ] [d513cf87] MSG [agent] — The results page now shows five visible Perplexity profiles marked Pending: Randy Ardywibowo, Chuan Wang, Vitaliy Polshkov, Kuan Liu, and Kate J. That confirms five connection requests were sent.
23:15:04.424 🟧 [HTTP    ] POST /task_update → 200 (40ms)
23:15:04.531 🟧 [HTTP    ] GET /api/tasks → 200 (3ms)
23:15:04.548 🩵 [TASK    ] [d513cf87] ACTION [cli] — agentic-computer-use__task_update
23:15:04.549 🟧 [HTTP    ] POST /task_log_action → 200 (15ms)
23:15:07.624 🩵 [TASK    ] [d513cf87] ITEM 2 → completed — Send connection requests until 5 requests have been sent
23:15:07.661 🟧 [HTTP    ] POST /task_item_update → 200 (64ms)
23:15:07.732 🟧 [HTTP    ] GET /api/tasks → 200 (3ms)
23:15:07.755 🩵 [TASK    ] [d513cf87] ACTION [cli] — agentic-computer-use__task_item_update
23:15:07.756 🟧 [HTTP    ] POST /task_log_action → 200 (16ms)
23:15:13.925 🩵 [TASK    ] [d513cf87] ITEM 3 → completed — Verify the count and finish the task
23:15:13.927 🟧 [HTTP    ] POST /task_item_update → 200 (17ms)
23:15:13.996 🟧 [HTTP    ] GET /api/tasks → 200 (4ms)
23:15:14.022 🩵 [TASK    ] [d513cf87] ACTION [cli] — agentic-computer-use__task_item_update
23:15:14.030 🟧 [HTTP    ] POST /task_log_action → 200 (31ms)
23:15:18.991 🩵 [TASK    ] [d513cf87] STATUS active → completed
23:15:18.991 🩵 [TASK    ] [d513cf87] MSG [agent] — Done. Firefox is on the LinkedIn people results page, and five Perplexity profiles now show Pending, confirming five connection requests were sent.
23:15:19.004 🟧 [HTTP    ] POST /task_update → 200 (16ms)
23:15:19.094 🟧 [HTTP    ] GET /api/tasks → 200 (4ms)
23:15:19.115 🩵 [TASK    ] [0c8d2a65] ACTION [cli] — agentic-computer-use__task_update
23:15:19.115 🟧 [HTTP    ] POST /task_log_action → 200 (18ms)
23:15:52.241 🟧 [HTTP    ] GET /api/live_sessions/active → 200 (0ms)
23:15:52.245 🟧 [HTTP    ] GET /api/tasks/0c8d2a65/snapshot → 200 (7ms)
23:15:52.256 🟧 [HTTP    ] GET /api/usage/stats → 200 (15ms)
23:15:52.261 🟧 [HTTP    ] GET /api/tasks/0c8d2a65 → 200 (22ms)
23:15:52.271 🟧 [HTTP    ] GET /api/tasks → 200 (28ms)
